(arpgen) wangkai@72d3bcb7a221:~/arpgen/AR-Param-Generation/workspace/ablation/slice_channel$ sh ablation_slice_channel.sh
==> Preparing data..
checkpoint number: 50
input shape: torch.Size([7602, 1024])
useful ratio: tensor(0.7345)
sequence length: 7602
==> Building model..
==> Building optimizer..
==> Defining training..
==> start training..

==> Generating..
Generated_norm: 177.83596801757812
100%|___________________________________________________________________________________________________________________________________________________________________________________________________________________| 250/250 [00:19<00:00, 12.61it/s]
Loss: 105622.9318 | Acc: 0.0011



==> Generating..
Generated_norm: 0.7851486802101135
100%|___________________________________________________________________________________________________________________________________________________________________________________________________________________| 250/250 [00:19<00:00, 12.72it/s]
Loss: 11.7409 | Acc: 0.0010



==> Generating..
Generated_norm: 0.7635441422462463
100%|___________________________________________________________________________________________________________________________________________________________________________________________________________________| 250/250 [00:20<00:00, 12.29it/s]
Loss: 6.4874 | Acc: 0.0622



==> Generating..
Generated_norm: 0.7623916864395142
100%|___________________________________________________________________________________________________________________________________________________________________________________________________________________| 250/250 [00:19<00:00, 13.13it/s]
Loss: 11.4921 | Acc: 0.0017



==> Generating..
Generated_norm: 0.7693737745285034
100%|___________________________________________________________________________________________________________________________________________________________________________________________________________________| 250/250 [00:19<00:00, 12.96it/s]
Loss: 12.1267 | Acc: 0.0017



==> Generating..
Generated_norm: 0.773931622505188
100%|___________________________________________________________________________________________________________________________________________________________________________________________________________________| 250/250 [00:18<00:00, 13.16it/s]
Loss: 11.2614 | Acc: 0.0045



==> Generating..
Generated_norm: 0.7707370519638062
100%|___________________________________________________________________________________________________________________________________________________________________________________________________________________| 250/250 [00:18<00:00, 13.19it/s]
Loss: 12.2230 | Acc: 0.0110



==> Generating..
Generated_norm: 0.7635917067527771
100%|___________________________________________________________________________________________________________________________________________________________________________________________________________________| 250/250 [00:19<00:00, 12.92it/s]
Loss: 8.9446 | Acc: 0.1093



==> Generating..
Generated_norm: 0.7692222595214844
100%|___________________________________________________________________________________________________________________________________________________________________________________________________________________| 250/250 [00:19<00:00, 12.53it/s]
Loss: 9.1555 | Acc: 0.1315



==> Generating..
Generated_norm: 0.773752748966217
100%|___________________________________________________________________________________________________________________________________________________________________________________________________________________| 250/250 [00:19<00:00, 13.15it/s]
Loss: 13.9649 | Acc: 0.1303



==> Generating..
Generated_norm: 0.7668282985687256
100%|___________________________________________________________________________________________________________________________________________________________________________________________________________________| 250/250 [00:18<00:00, 13.23it/s]
Loss: 8.7013 | Acc: 0.2589



==> Generating..
Generated_norm: 0.7822065353393555
100%|___________________________________________________________________________________________________________________________________________________________________________________________________________________| 250/250 [00:19<00:00, 13.06it/s]
Loss: 6.9213 | Acc: 0.3106



==> Generating..
Generated_norm: 0.775909960269928
100%|___________________________________________________________________________________________________________________________________________________________________________________________________________________| 250/250 [00:18<00:00, 13.32it/s]
Loss: 7.9813 | Acc: 0.2673



==> Generating..
Generated_norm: 0.7777099609375
100%|___________________________________________________________________________________________________________________________________________________________________________________________________________________| 250/250 [00:19<00:00, 12.95it/s]
Loss: 8.5351 | Acc: 0.3059



==> Generating..
Generated_norm: 0.7722235918045044
100%|___________________________________________________________________________________________________________________________________________________________________________________________________________________| 250/250 [00:18<00:00, 13.60it/s]
Loss: 6.3575 | Acc: 0.4227



==> Generating..
Generated_norm: 0.7679483294487
100%|___________________________________________________________________________________________________________________________________________________________________________________________________________________| 250/250 [00:18<00:00, 13.29it/s]
Loss: 5.5033 | Acc: 0.4065



==> Generating..
Generated_norm: 0.7663464546203613
100%|___________________________________________________________________________________________________________________________________________________________________________________________________________________| 250/250 [00:18<00:00, 13.28it/s]
Loss: 4.6122 | Acc: 0.4339



==> Generating..
Generated_norm: 0.7836200594902039
100%|___________________________________________________________________________________________________________________________________________________________________________________________________________________| 250/250 [00:19<00:00, 13.06it/s]
Loss: 4.2877 | Acc: 0.4307



==> Generating..
Generated_norm: 0.7692288160324097
100%|___________________________________________________________________________________________________________________________________________________________________________________________________________________| 250/250 [00:19<00:00, 12.89it/s]
Loss: 3.9703 | Acc: 0.4721



==> Generating..
Generated_norm: 0.7628723382949829
100%|___________________________________________________________________________________________________________________________________________________________________________________________________________________| 250/250 [00:19<00:00, 12.81it/s]
Loss: 2.8950 | Acc: 0.5351



==> Generating..
Generated_norm: 0.778520941734314
100%|___________________________________________________________________________________________________________________________________________________________________________________________________________________| 250/250 [00:19<00:00, 12.58it/s]
Loss: 2.9843 | Acc: 0.4961



==> Generating..
Generated_norm: 0.7708130478858948
100%|___________________________________________________________________________________________________________________________________________________________________________________________________________________| 250/250 [00:19<00:00, 13.10it/s]
Loss: 3.2864 | Acc: 0.4621



==> Generating..
Generated_norm: 0.776502251625061
100%|___________________________________________________________________________________________________________________________________________________________________________________________________________________| 250/250 [00:19<00:00, 12.95it/s]
Loss: 2.0988 | Acc: 0.5890



==> Generating..
Generated_norm: 0.7671123743057251
100%|___________________________________________________________________________________________________________________________________________________________________________________________________________________| 250/250 [00:19<00:00, 13.10it/s]
Loss: 2.1598 | Acc: 0.5885



==> Generating..
Generated_norm: 0.7791233658790588
100%|___________________________________________________________________________________________________________________________________________________________________________________________________________________| 250/250 [00:19<00:00, 12.85it/s]
Loss: 2.0984 | Acc: 0.5917



==> Generating..
Generated_norm: 0.7649878859519958
100%|___________________________________________________________________________________________________________________________________________________________________________________________________________________| 250/250 [00:18<00:00, 13.23it/s]
Loss: 1.8123 | Acc: 0.6148



==> Generating..
Generated_norm: 0.7666897773742676
100%|___________________________________________________________________________________________________________________________________________________________________________________________________________________| 250/250 [00:19<00:00, 12.94it/s]
Loss: 1.9260 | Acc: 0.6241



==> Generating..
Generated_norm: 0.7767766118049622
100%|___________________________________________________________________________________________________________________________________________________________________________________________________________________| 250/250 [00:19<00:00, 13.00it/s]
Loss: 1.9266 | Acc: 0.6345



==> Generating..
Generated_norm: 0.7655576467514038
100%|___________________________________________________________________________________________________________________________________________________________________________________________________________________| 250/250 [00:21<00:00, 11.38it/s]
Loss: 1.8886 | Acc: 0.6226



==> Generating..
Generated_norm: 0.7691101431846619
100%|___________________________________________________________________________________________________________________________________________________________________________________________________________________| 250/250 [00:19<00:00, 13.13it/s]
Loss: 1.7845 | Acc: 0.6299



==> Generating..
Generated_norm: 0.7608429193496704
100%|___________________________________________________________________________________________________________________________________________________________________________________________________________________| 250/250 [00:19<00:00, 13.07it/s]
Loss: 1.7322 | Acc: 0.6408



==> Generating..
Generated_norm: 0.7643859386444092
100%|___________________________________________________________________________________________________________________________________________________________________________________________________________________| 250/250 [00:19<00:00, 13.10it/s]
Loss: 1.6728 | Acc: 0.6480



==> Generating..
Generated_norm: 0.7801999449729919
100%|___________________________________________________________________________________________________________________________________________________________________________________________________________________| 250/250 [00:18<00:00, 13.32it/s]
Loss: 1.6603 | Acc: 0.6586



==> Generating..
Generated_norm: 0.7638993859291077
100%|___________________________________________________________________________________________________________________________________________________________________________________________________________________| 250/250 [00:18<00:00, 13.16it/s]
Loss: 1.7091 | Acc: 0.6615



==> Generating..
Generated_norm: 0.7781705260276794
100%|___________________________________________________________________________________________________________________________________________________________________________________________________________________| 250/250 [00:18<00:00, 13.23it/s]
Loss: 1.6987 | Acc: 0.6596



==> Generating..
Generated_norm: 0.7673051357269287
100%|___________________________________________________________________________________________________________________________________________________________________________________________________________________| 250/250 [00:19<00:00, 12.84it/s]
Loss: 1.6793 | Acc: 0.6656



==> Generating..
Generated_norm: 0.7607786655426025
100%|___________________________________________________________________________________________________________________________________________________________________________________________________________________| 250/250 [00:18<00:00, 13.41it/s]
Loss: 1.6690 | Acc: 0.6655



==> Generating..
Generated_norm: 0.7666032910346985
100%|___________________________________________________________________________________________________________________________________________________________________________________________________________________| 250/250 [00:19<00:00, 13.09it/s]
Loss: 1.6253 | Acc: 0.6712



==> Generating..
Generated_norm: 0.7758048176765442
100%|___________________________________________________________________________________________________________________________________________________________________________________________________________________| 250/250 [00:19<00:00, 13.14it/s]
Loss: 1.6581 | Acc: 0.6681



==> Generating..
Generated_norm: 0.7711851000785828
100%|___________________________________________________________________________________________________________________________________________________________________________________________________________________| 250/250 [00:19<00:00, 12.82it/s]
Loss: 1.6563 | Acc: 0.6701



==> Generating..
Generated_norm: 0.772676408290863
100%|___________________________________________________________________________________________________________________________________________________________________________________________________________________| 250/250 [00:18<00:00, 13.33it/s]
Loss: 1.6716 | Acc: 0.6687



==> Generating..
Generated_norm: 0.7679128050804138
100%|___________________________________________________________________________________________________________________________________________________________________________________________________________________| 250/250 [00:19<00:00, 13.00it/s]
Loss: 1.7262 | Acc: 0.6720



==> Generating..
Generated_norm: 0.7731477618217468
100%|___________________________________________________________________________________________________________________________________________________________________________________________________________________| 250/250 [00:19<00:00, 13.15it/s]
Loss: 1.7477 | Acc: 0.6746



==> Generating..
Generated_norm: 0.7793355584144592
100%|___________________________________________________________________________________________________________________________________________________________________________________________________________________| 250/250 [00:18<00:00, 13.33it/s]
Loss: 1.6920 | Acc: 0.6675



==> Generating..
Generated_norm: 0.7689061164855957
100%|___________________________________________________________________________________________________________________________________________________________________________________________________________________| 250/250 [00:18<00:00, 13.48it/s]
Loss: 1.7090 | Acc: 0.6746



==> Generating..
Generated_norm: 0.762241780757904
100%|___________________________________________________________________________________________________________________________________________________________________________________________________________________| 250/250 [00:20<00:00, 12.37it/s]
Loss: 1.8255 | Acc: 0.6674



==> Generating..
Generated_norm: 0.7691948413848877
100%|___________________________________________________________________________________________________________________________________________________________________________________________________________________| 250/250 [00:18<00:00, 13.20it/s]
Loss: 1.7947 | Acc: 0.6698



==> Generating..
Generated_norm: 0.7669611573219299
100%|___________________________________________________________________________________________________________________________________________________________________________________________________________________| 250/250 [00:20<00:00, 12.31it/s]
Loss: 1.7850 | Acc: 0.6702



==> Generating..
Generated_norm: 0.7663831114768982
100%|___________________________________________________________________________________________________________________________________________________________________________________________________________________| 250/250 [00:18<00:00, 13.26it/s]
Loss: 1.8192 | Acc: 0.6697



==> Generating..
Generated_norm: 0.77322918176651
100%|___________________________________________________________________________________________________________________________________________________________________________________________________________________| 250/250 [00:19<00:00, 13.14it/s]
Loss: 1.7166 | Acc: 0.6689



==> Generating..
Generated_norm: 0.7766957879066467
100%|___________________________________________________________________________________________________________________________________________________________________________________________________________________| 250/250 [00:18<00:00, 13.46it/s]
Loss: 1.7181 | Acc: 0.6708





CUDA_(arpgen) wangkai@72d3bcb7a221:~/arpgen/AR-Param-Generation/workspace/evaluate$ CUDA_VISIBLE_DEVICES=7 python generate.py
==> Preparing data..
checkpoint number: 50
input shape: torch.Size([7602, 1024])
useful ratio: tensor(0.7345)
sequence length: 7602
==> Building model..
==> Building optimizer..
==> Defining training..
==> Building model..
==> Defining generate..
Save to ./dataset/imagenet_vittiny/generated/generated_ablation_slice_channel_001.pth

==> Generating..
Generated_norm: 121.27589416503906
100%|___________________________________________________________________________________________________________________________________________________________________________________________________________________| 250/250 [00:19<00:00, 12.95it/s]
Loss: 1.7566 | Acc: 0.6682


Save to ./dataset/imagenet_vittiny/generated/generated_ablation_slice_channel_002.pth

==> Generating..
Generated_norm: 121.54633331298828
100%|___________________________________________________________________________________________________________________________________________________________________________________________________________________| 250/250 [00:19<00:00, 12.79it/s]
Loss: 1.7455 | Acc: 0.6728


Save to ./dataset/imagenet_vittiny/generated/generated_ablation_slice_channel_003.pth

==> Generating..
Generated_norm: 120.85284423828125
100%|___________________________________________________________________________________________________________________________________________________________________________________________________________________| 250/250 [00:20<00:00, 12.05it/s]
Loss: 1.7262 | Acc: 0.6705


Save to ./dataset/imagenet_vittiny/generated/generated_ablation_slice_channel_004.pth

==> Generating..
Generated_norm: 121.40283203125
100%|___________________________________________________________________________________________________________________________________________________________________________________________________________________| 250/250 [00:18<00:00, 13.25it/s]
Loss: 1.7497 | Acc: 0.6708


Save to ./dataset/imagenet_vittiny/generated/generated_ablation_slice_channel_005.pth

==> Generating..
Generated_norm: 120.93034362792969
100%|___________________________________________________________________________________________________________________________________________________________________________________________________________________| 250/250 [00:19<00:00, 13.01it/s]
Loss: 1.7128 | Acc: 0.6770


Save to ./dataset/imagenet_vittiny/generated/generated_ablation_slice_channel_006.pth

==> Generating..
Generated_norm: 121.47212219238281
100%|___________________________________________________________________________________________________________________________________________________________________________________________________________________| 250/250 [00:19<00:00, 13.14it/s]
Loss: 1.7573 | Acc: 0.6725


Save to ./dataset/imagenet_vittiny/generated/generated_ablation_slice_channel_007.pth

==> Generating..
Generated_norm: 121.10848999023438
100%|___________________________________________________________________________________________________________________________________________________________________________________________________________________| 250/250 [00:19<00:00, 12.86it/s]
Loss: 1.7524 | Acc: 0.6734


Save to ./dataset/imagenet_vittiny/generated/generated_ablation_slice_channel_008.pth

==> Generating..
Generated_norm: 121.23328399658203
100%|___________________________________________________________________________________________________________________________________________________________________________________________________________________| 250/250 [00:18<00:00, 13.44it/s]
Loss: 1.7312 | Acc: 0.6740


Save to ./dataset/imagenet_vittiny/generated/generated_ablation_slice_channel_009.pth

==> Generating..
Generated_norm: 120.8645248413086
100%|___________________________________________________________________________________________________________________________________________________________________________________________________________________| 250/250 [00:19<00:00, 13.09it/s]
Loss: 1.7377 | Acc: 0.6730


Save to ./dataset/imagenet_vittiny/generated/generated_ablation_slice_channel_010.pth

==> Generating..
Generated_norm: 121.13304901123047
100%|___________________________________________________________________________________________________________________________________________________________________________________________________________________| 250/250 [00:21<00:00, 11.54it/s]
Loss: 1.7222 | Acc: 0.6739
