/home/wangkai/anaconda3/envs/arpgen/bin/python /home/wangkai/arpgen/AR-Param-Generation/dataset/imagenet_resnet50_26m/evaluate.py
start testing: ./checkpoint/0000_acc0.8339_seed20_resnet50.pth
==> Preparing data..
==> Building model..
==> Defining training..

==> Testing..
782it [00:36, 21.68it/s]
 781 782 Loss: 1.0029 | Acc: 79.2540% (39627/50000)
============================================================================



start testing: ./checkpoint/0001_acc0.8813_seed20_resnet50.pth
==> Preparing data..
==> Building model..
==> Defining training..

==> Testing..
782it [00:39, 20.02it/s]
 781 782 Loss: 0.8903 | Acc: 79.6600% (39830/50000)
============================================================================



start testing: ./checkpoint/0000_acc0.8614_seed20_resnet50.pth
==> Preparing data..
==> Building model..
==> Defining training..

==> Testing..
782it [00:35, 22.02it/s]
 781 782 Loss: 0.9143 | Acc: 79.5740% (39787/50000)
============================================================================



start testing: ./checkpoint/0000_acc0.8483_seed20_resnet50.pth
==> Preparing data..
==> Building model..
==> Defining training..

==> Testing..
782it [00:38, 20.10it/s]
 781 782 Loss: 0.9715 | Acc: 79.4280% (39714/50000)
============================================================================



start testing: ./checkpoint/0001_acc0.8793_seed20_resnet50.pth
==> Preparing data..
==> Building model..
==> Defining training..

==> Testing..
782it [00:35, 21.81it/s]
 781 782 Loss: 0.8987 | Acc: 79.6160% (39808/50000)
============================================================================



start testing: ./checkpoint/0001_acc0.8783_seed20_resnet50.pth
==> Preparing data..
==> Building model..
==> Defining training..

==> Testing..
782it [00:33, 23.31it/s]
 781 782 Loss: 0.8994 | Acc: 79.5620% (39781/50000)
============================================================================



start testing: ./checkpoint/0001_acc0.8811_seed20_resnet50.pth
==> Preparing data..
==> Building model..
==> Defining training..

==> Testing..
782it [00:35, 22.10it/s]
 781 782 Loss: 0.8880 | Acc: 79.6200% (39810/50000)
============================================================================



start testing: ./checkpoint/0001_acc0.8795_seed20_resnet50.pth
==> Preparing data..
==> Building model..
==> Defining training..

==> Testing..
782it [00:33, 23.13it/s]
 781 782 Loss: 0.8983 | Acc: 79.6780% (39839/50000)
============================================================================



start testing: ./checkpoint/0001_acc0.8800_seed20_resnet50.pth
==> Preparing data..
==> Building model..
==> Defining training..

==> Testing..
782it [00:40, 19.46it/s]
 781 782 Loss: 0.8923 | Acc: 79.7300% (39865/50000)
============================================================================



start testing: ./checkpoint/0000_acc0.8575_seed20_resnet50.pth
==> Preparing data..
==> Building model..
==> Defining training..

==> Testing..
782it [00:37, 20.90it/s]
 781 782 Loss: 0.9190 | Acc: 79.5600% (39780/50000)
============================================================================



start testing: ./checkpoint/0000_acc0.8551_seed20_resnet50.pth
==> Preparing data..
==> Building model..
==> Defining training..

==> Testing..
782it [00:37, 21.05it/s]
 781 782 Loss: 0.9390 | Acc: 79.5180% (39759/50000)
============================================================================



start testing: ./checkpoint/0000_acc0.8578_seed20_resnet50.pth
==> Preparing data..
==> Building model..
==> Defining training..

==> Testing..
782it [00:37, 21.01it/s]
 781 782 Loss: 0.9234 | Acc: 79.5700% (39785/50000)
============================================================================



start testing: ./checkpoint/0000_acc0.8430_seed20_resnet50.pth
==> Preparing data..
==> Building model..
==> Defining training..

==> Testing..
782it [00:40, 19.33it/s]
 781 782 Loss: 0.9837 | Acc: 79.4820% (39741/50000)
============================================================================



start testing: ./checkpoint/0002_acc0.8848_seed20_resnet50.pth
==> Preparing data..
==> Building model..
==> Defining training..

==> Testing..
782it [00:45, 17.37it/s]
 781 782 Loss: 0.8883 | Acc: 79.5920% (39796/50000)
============================================================================



start testing: ./checkpoint/0001_acc0.8812_seed20_resnet50.pth
==> Preparing data..
==> Building model..
==> Defining training..

==> Testing..
782it [00:43, 18.18it/s]
 781 782 Loss: 0.8856 | Acc: 79.6600% (39830/50000)
============================================================================



start testing: ./checkpoint/0000_acc0.8621_seed20_resnet50.pth
==> Preparing data..
==> Building model..
==> Defining training..

==> Testing..
782it [00:44, 17.44it/s]
 781 782 Loss: 0.9117 | Acc: 79.5980% (39799/50000)
============================================================================



start testing: ./checkpoint/0001_acc0.8809_seed20_resnet50.pth
==> Preparing data..
==> Building model..
==> Defining training..

==> Testing..
782it [00:41, 18.94it/s]
 781 782 Loss: 0.8929 | Acc: 79.7060% (39853/50000)
============================================================================



start testing: ./checkpoint/0001_acc0.8810_seed20_resnet50.pth
==> Preparing data..
==> Building model..
==> Defining training..

==> Testing..
782it [00:46, 16.73it/s]
 781 782 Loss: 0.8892 | Acc: 79.6600% (39830/50000)
============================================================================



start testing: ./checkpoint/0001_acc0.8788_seed20_resnet50.pth
==> Preparing data..
==> Building model..
==> Defining training..

==> Testing..
782it [00:42, 18.61it/s]
 781 782 Loss: 0.8986 | Acc: 79.5300% (39765/50000)
============================================================================



start testing: ./checkpoint/0000_acc0.8589_seed20_resnet50.pth
==> Preparing data..
==> Building model..
==> Defining training..

==> Testing..
782it [00:45, 17.25it/s]
 781 782 Loss: 0.9179 | Acc: 79.5600% (39780/50000)
============================================================================



start testing: ./checkpoint/0001_acc0.8807_seed20_resnet50.pth
==> Preparing data..
==> Building model..
==> Defining training..

==> Testing..
782it [00:37, 20.75it/s]
 781 782 Loss: 0.8855 | Acc: 79.7120% (39856/50000)
============================================================================



start testing: ./checkpoint/0001_acc0.8787_seed20_resnet50.pth
==> Preparing data..
==> Building model..
==> Defining training..

==> Testing..
782it [00:38, 20.50it/s]
 781 782 Loss: 0.8993 | Acc: 79.6260% (39813/50000)
============================================================================



start testing: ./checkpoint/0001_acc0.8804_seed20_resnet50.pth
==> Preparing data..
==> Building model..
==> Defining training..

==> Testing..
782it [00:36, 21.32it/s]
 781 782 Loss: 0.8936 | Acc: 79.7120% (39856/50000)
============================================================================



start testing: ./checkpoint/0000_acc0.8449_seed20_resnet50.pth
==> Preparing data..
==> Building model..
==> Defining training..

==> Testing..
782it [00:36, 21.23it/s]
 781 782 Loss: 0.9779 | Acc: 79.6060% (39803/50000)
============================================================================



start testing: ./checkpoint/0001_acc0.9375_seed20_resnet50.pth
==> Preparing data..
==> Building model..
==> Defining training..

==> Testing..
782it [00:35, 22.21it/s]
 781 782 Loss: 0.9051 | Acc: 79.5420% (39771/50000)
============================================================================



start testing: ./checkpoint/0000_acc0.8458_seed20_resnet50.pth
==> Preparing data..
==> Building model..
==> Defining training..

==> Testing..
782it [00:34, 22.52it/s]
 781 782 Loss: 0.9790 | Acc: 79.4900% (39745/50000)
============================================================================



start testing: ./checkpoint/0000_acc0.8560_seed20_resnet50.pth
==> Preparing data..
==> Building model..
==> Defining training..

==> Testing..
782it [00:34, 22.53it/s]
 781 782 Loss: 0.9235 | Acc: 79.5660% (39783/50000)
============================================================================



start testing: ./checkpoint/0002_acc0.8847_seed20_resnet50.pth
==> Preparing data..
==> Building model..
==> Defining training..

==> Testing..
782it [00:36, 21.29it/s]
 781 782 Loss: 0.8882 | Acc: 79.6680% (39834/50000)
============================================================================



start testing: ./checkpoint/0000_acc0.8353_seed20_resnet50.pth
==> Preparing data..
==> Building model..
==> Defining training..

==> Testing..
782it [00:34, 22.91it/s]
 781 782 Loss: 1.0026 | Acc: 79.2820% (39641/50000)
============================================================================



start testing: ./checkpoint/0000_acc0.8310_seed20_resnet50.pth
==> Preparing data..
==> Building model..
==> Defining training..

==> Testing..
782it [00:35, 21.80it/s]
 781 782 Loss: 0.9982 | Acc: 79.3160% (39658/50000)
============================================================================



start testing: ./checkpoint/0000_acc0.8328_seed20_resnet50.pth
==> Preparing data..
==> Building model..
==> Defining training..

==> Testing..
782it [00:32, 23.89it/s]
 781 782 Loss: 1.0001 | Acc: 79.2400% (39620/50000)
============================================================================



start testing: ./checkpoint/0001_acc0.8802_seed20_resnet50.pth
==> Preparing data..
==> Building model..
==> Defining training..

==> Testing..
782it [00:35, 22.23it/s]
 781 782 Loss: 0.8869 | Acc: 79.6820% (39841/50000)
============================================================================



start testing: ./checkpoint/0000_acc0.8629_seed20_resnet50.pth
==> Preparing data..
==> Building model..
==> Defining training..

==> Testing..
782it [00:38, 20.18it/s]
 781 782 Loss: 0.9114 | Acc: 79.5820% (39791/50000)
============================================================================



start testing: ./checkpoint/0002_acc0.8845_seed20_resnet50.pth
==> Preparing data..
==> Building model..
==> Defining training..

==> Testing..
782it [00:37, 20.62it/s]
 781 782 Loss: 0.8862 | Acc: 79.6160% (39808/50000)
============================================================================



start testing: ./checkpoint/0000_acc0.8490_seed20_resnet50.pth
==> Preparing data..
==> Building model..
==> Defining training..

==> Testing..
782it [00:40, 19.18it/s]
 781 782 Loss: 0.9680 | Acc: 79.4120% (39706/50000)
============================================================================



start testing: ./checkpoint/0001_acc0.8786_seed20_resnet50.pth
==> Preparing data..
==> Building model..
==> Defining training..

==> Testing..
782it [00:39, 19.83it/s]
 781 782 Loss: 0.8997 | Acc: 79.5960% (39798/50000)
============================================================================



start testing: ./checkpoint/0000_acc0.8633_seed20_resnet50.pth
==> Preparing data..
==> Building model..
==> Defining training..

==> Testing..
782it [00:41, 18.99it/s]
 781 782 Loss: 0.9120 | Acc: 79.5320% (39766/50000)
============================================================================



start testing: ./checkpoint/0000_acc0.8624_seed20_resnet50.pth
==> Preparing data..
==> Building model..
==> Defining training..

==> Testing..
782it [00:36, 21.21it/s]
 781 782 Loss: 0.9143 | Acc: 79.4960% (39748/50000)
============================================================================



start testing: ./checkpoint/0000_acc0.8412_seed20_resnet50.pth
==> Preparing data..
==> Building model..
==> Defining training..

==> Testing..
782it [00:38, 20.34it/s]
 781 782 Loss: 0.9850 | Acc: 79.4360% (39718/50000)
============================================================================



start testing: ./checkpoint/0000_acc0.8379_seed20_resnet50.pth
==> Preparing data..
==> Building model..
==> Defining training..

==> Testing..
782it [00:35, 22.34it/s]
 781 782 Loss: 0.9987 | Acc: 79.3580% (39679/50000)
============================================================================



start testing: ./checkpoint/0001_acc0.8781_seed20_resnet50.pth
==> Preparing data..
==> Building model..
==> Defining training..

==> Testing..
782it [00:40, 19.08it/s]
 781 782 Loss: 0.8973 | Acc: 79.6140% (39807/50000)
============================================================================



start testing: ./checkpoint/0002_acc0.8849_seed20_resnet50.pth
==> Preparing data..
==> Building model..
==> Defining training..

==> Testing..
782it [00:42, 18.56it/s]
 781 782 Loss: 0.8862 | Acc: 79.5700% (39785/50000)
============================================================================



start testing: ./checkpoint/0000_acc0.8513_seed20_resnet50.pth
==> Preparing data..
==> Building model..
==> Defining training..

==> Testing..
782it [00:36, 21.55it/s]
 781 782 Loss: 0.9534 | Acc: 79.5200% (39760/50000)
============================================================================



start testing: ./checkpoint/0001_acc0.7967_seed20_resnet50.pth
==> Preparing data..
==> Building model..
==> Defining training..

==> Testing..
782it [00:40, 19.53it/s]
 781 782 Loss: 0.8883 | Acc: 79.6720% (39836/50000)
============================================================================



start testing: ./checkpoint/0001_acc0.8806_seed20_resnet50.pth
==> Preparing data..
==> Building model..
==> Defining training..

==> Testing..
782it [00:37, 20.72it/s]
 781 782 Loss: 0.8893 | Acc: 79.5620% (39781/50000)
============================================================================



start testing: ./checkpoint/0000_acc0.8502_seed20_resnet50.pth
==> Preparing data..
==> Building model..
==> Defining training..

==> Testing..
782it [00:42, 18.60it/s]
 781 782 Loss: 0.9554 | Acc: 79.5180% (39759/50000)
============================================================================



start testing: ./checkpoint/0001_acc0.8799_seed20_resnet50.pth
==> Preparing data..
==> Building model..
==> Defining training..

==> Testing..
782it [00:45, 17.27it/s]
 781 782 Loss: 0.8932 | Acc: 79.6800% (39840/50000)
============================================================================



start testing: ./checkpoint/0001_acc0.8784_seed20_resnet50.pth
==> Preparing data..
==> Building model..
==> Defining training..

==> Testing..
782it [00:49, 15.66it/s]
 781 782 Loss: 0.8998 | Acc: 79.6020% (39801/50000)
============================================================================



start testing: ./checkpoint/0000_acc0.8639_seed20_resnet50.pth
==> Preparing data..
==> Building model..
==> Defining training..

==> Testing..
782it [00:42, 18.38it/s]
 781 782 Loss: 0.9083 | Acc: 79.5800% (39790/50000)
============================================================================



start testing: ./checkpoint/0000_acc0.8618_seed20_resnet50.pth
==> Preparing data..
==> Building model..
==> Defining training..

==> Testing..
782it [00:48, 16.11it/s]
 781 782 Loss: 0.9118 | Acc: 79.6180% (39809/50000)
============================================================================



start testing: ./checkpoint/0002_acc0.8854_seed20_resnet50.pth
==> Preparing data..
==> Building model..
==> Defining training..

==> Testing..
782it [00:38, 20.38it/s]
 781 782 Loss: 0.8870 | Acc: 79.6880% (39844/50000)
============================================================================



start testing: ./checkpoint/0002_acc0.8844_seed20_resnet50.pth
==> Preparing data..
==> Building model..
==> Defining training..

==> Testing..
782it [00:44, 17.56it/s]
 781 782 Loss: 0.8907 | Acc: 79.6900% (39845/50000)
============================================================================



start testing: ./checkpoint/0000_acc0.8542_seed20_resnet50.pth
==> Preparing data..
==> Building model..
==> Defining training..

==> Testing..
782it [00:41, 18.74it/s]
 781 782 Loss: 0.9327 | Acc: 79.5020% (39751/50000)
============================================================================



start testing: ./checkpoint/0001_acc0.8775_seed20_resnet50.pth
==> Preparing data..
==> Building model..
==> Defining training..

==> Testing..
782it [00:45, 17.17it/s]
 781 782 Loss: 0.9001 | Acc: 79.5940% (39797/50000)
============================================================================



start testing: ./checkpoint/0000_acc0.8476_seed20_resnet50.pth
==> Preparing data..
==> Building model..
==> Defining training..

==> Testing..
782it [00:42, 18.31it/s]
 781 782 Loss: 0.9645 | Acc: 79.4720% (39736/50000)
============================================================================



start testing: ./checkpoint/0000_acc0.7962_seed20_resnet50.pth
==> Preparing data..
==> Building model..
==> Defining training..

==> Testing..
782it [00:38, 20.10it/s]
 781 782 Loss: 0.9035 | Acc: 79.6240% (39812/50000)
============================================================================



start testing: ./checkpoint/0000_acc0.9375_seed20_resnet50.pth
==> Preparing data..
==> Building model..
==> Defining training..

==> Testing..
782it [00:38, 20.29it/s]
 781 782 Loss: 0.9854 | Acc: 79.1500% (39575/50000)
============================================================================



start testing: ./checkpoint/0001_acc0.8789_seed20_resnet50.pth
==> Preparing data..
==> Building model..
==> Defining training..

==> Testing..
782it [00:37, 20.59it/s]
 781 782 Loss: 0.8954 | Acc: 79.5860% (39793/50000)
============================================================================



start testing: ./checkpoint/0000_acc0.8631_seed20_resnet50.pth
==> Preparing data..
==> Building model..
==> Defining training..

==> Testing..
782it [00:42, 18.44it/s]
 781 782 Loss: 0.9099 | Acc: 79.6080% (39804/50000)
============================================================================



start testing: ./checkpoint/0002_acc0.7965_seed20_resnet50.pth
==> Preparing data..
==> Building model..
==> Defining training..

==> Testing..
782it [00:38, 20.47it/s]
 781 782 Loss: 0.8873 | Acc: 79.6500% (39825/50000)
============================================================================



start testing: ./checkpoint/0000_acc0.8640_seed20_resnet50.pth
==> Preparing data..
==> Building model..
==> Defining training..

==> Testing..
782it [00:38, 20.16it/s]
 781 782 Loss: 0.9039 | Acc: 79.5560% (39778/50000)
============================================================================



start testing: ./checkpoint/0000_acc0.8581_seed20_resnet50.pth
==> Preparing data..
==> Building model..
==> Defining training..

==> Testing..
782it [00:39, 19.78it/s]
 781 782 Loss: 0.9214 | Acc: 79.5860% (39793/50000)
============================================================================



start testing: ./checkpoint/0000_acc0.8611_seed20_resnet50.pth
==> Preparing data..
==> Building model..
==> Defining training..

==> Testing..
782it [00:42, 18.38it/s]
 781 782 Loss: 0.9145 | Acc: 79.5700% (39785/50000)
============================================================================



start testing: ./checkpoint/0000_acc0.8547_seed20_resnet50.pth
==> Preparing data..
==> Building model..
==> Defining training..

==> Testing..
782it [00:38, 20.26it/s]
 781 782 Loss: 0.9292 | Acc: 79.5400% (39770/50000)
============================================================================



start testing: ./checkpoint/0001_acc0.8785_seed20_resnet50.pth
==> Preparing data..
==> Building model..
==> Defining training..

==> Testing..
782it [00:37, 20.94it/s]
 781 782 Loss: 0.9016 | Acc: 79.6420% (39821/50000)
============================================================================



start testing: ./checkpoint/0002_acc0.8881_seed20_resnet50.pth
==> Preparing data..
==> Building model..
==> Defining training..

==> Testing..
782it [00:37, 20.60it/s]
 781 782 Loss: 0.8912 | Acc: 79.6100% (39805/50000)
============================================================================



start testing: ./checkpoint/0000_acc0.8602_seed20_resnet50.pth
==> Preparing data..
==> Building model..
==> Defining training..

==> Testing..
782it [00:38, 20.43it/s]
 781 782 Loss: 0.9150 | Acc: 79.5860% (39793/50000)
============================================================================



start testing: ./checkpoint/0000_acc0.8596_seed20_resnet50.pth
==> Preparing data..
==> Building model..
==> Defining training..

==> Testing..
782it [00:44, 17.38it/s]
 781 782 Loss: 0.9196 | Acc: 79.6160% (39808/50000)
============================================================================



start testing: ./checkpoint/0000_acc0.8646_seed20_resnet50.pth
==> Preparing data..
==> Building model..
==> Defining training..

==> Testing..
782it [00:47, 16.32it/s]
 781 782 Loss: 0.9055 | Acc: 79.5900% (39795/50000)
============================================================================



start testing: ./checkpoint/0000_acc0.8556_seed20_resnet50.pth
==> Preparing data..
==> Building model..
==> Defining training..

==> Testing..
782it [00:42, 18.57it/s]
 781 782 Loss: 0.9275 | Acc: 79.5100% (39755/50000)
============================================================================



start testing: ./checkpoint/0001_acc0.8790_seed20_resnet50.pth
==> Preparing data..
==> Building model..
==> Defining training..

==> Testing..
782it [00:37, 20.79it/s]
 781 782 Loss: 0.9025 | Acc: 79.6000% (39800/50000)
============================================================================



start testing: ./checkpoint/0001_acc0.8805_seed20_resnet50.pth
==> Preparing data..
==> Building model..
==> Defining training..

==> Testing..
782it [00:37, 20.80it/s]
 781 782 Loss: 0.8909 | Acc: 79.6120% (39806/50000)
============================================================================



start testing: ./checkpoint/0002_acc0.8594_seed20_resnet50.pth
==> Preparing data..
==> Building model..
==> Defining training..

==> Testing..
782it [00:37, 20.83it/s]
 781 782 Loss: 0.8870 | Acc: 79.6440% (39822/50000)
============================================================================



start testing: ./checkpoint/0000_acc0.8440_seed20_resnet50.pth
==> Preparing data..
==> Building model..
==> Defining training..

==> Testing..
782it [00:39, 19.95it/s]
 781 782 Loss: 0.9788 | Acc: 79.4960% (39748/50000)
============================================================================



start testing: ./checkpoint/0000_acc0.8605_seed20_resnet50.pth
==> Preparing data..
==> Building model..
==> Defining training..

==> Testing..
782it [00:35, 21.86it/s]
 781 782 Loss: 0.9173 | Acc: 79.5640% (39782/50000)
============================================================================



start testing: ./checkpoint/0000_acc0.8563_seed20_resnet50.pth
==> Preparing data..
==> Building model..
==> Defining training..

==> Testing..
782it [00:39, 19.96it/s]
 781 782 Loss: 0.9244 | Acc: 79.5020% (39751/50000)
============================================================================



start testing: ./checkpoint/0000_acc0.8497_seed20_resnet50.pth
==> Preparing data..
==> Building model..
==> Defining training..

==> Testing..
782it [00:41, 18.81it/s]
 781 782 Loss: 0.9599 | Acc: 79.5320% (39766/50000)
============================================================================



start testing: ./checkpoint/0002_acc0.8850_seed20_resnet50.pth
==> Preparing data..
==> Building model..
==> Defining training..

==> Testing..
782it [00:41, 18.86it/s]
 781 782 Loss: 0.8855 | Acc: 79.6560% (39828/50000)
============================================================================



start testing: ./checkpoint/0000_acc0.8599_seed20_resnet50.pth
==> Preparing data..
==> Building model..
==> Defining training..

==> Testing..
782it [00:42, 18.48it/s]
 781 782 Loss: 0.9130 | Acc: 79.5740% (39787/50000)
============================================================================



start testing: ./checkpoint/0000_acc0.8584_seed20_resnet50.pth
==> Preparing data..
==> Building model..
==> Defining training..

==> Testing..
782it [00:56, 13.84it/s]
 781 782 Loss: 0.9206 | Acc: 79.5420% (39771/50000)
============================================================================



start testing: ./checkpoint/0000_acc0.8519_seed20_resnet50.pth
==> Preparing data..
==> Building model..
==> Defining training..

==> Testing..
782it [00:44, 17.77it/s]
 781 782 Loss: 0.9484 | Acc: 79.5520% (39776/50000)
============================================================================



start testing: ./checkpoint/0000_acc0.8642_seed20_resnet50.pth
==> Preparing data..
==> Building model..
==> Defining training..

==> Testing..
782it [00:47, 16.38it/s]
 781 782 Loss: 0.9061 | Acc: 79.6140% (39807/50000)
============================================================================



start testing: ./checkpoint/0000_acc0.8243_seed20_resnet50.pth
==> Preparing data..
==> Building model..
==> Defining training..

==> Testing..
782it [00:42, 18.28it/s]
 781 782 Loss: 1.0133 | Acc: 78.8340% (39417/50000)
============================================================================



start testing: ./checkpoint/0000_acc0.8464_seed20_resnet50.pth
==> Preparing data..
==> Building model..
==> Defining training..

==> Testing..
782it [00:43, 18.06it/s]
 781 782 Loss: 0.9744 | Acc: 79.4540% (39727/50000)
============================================================================



start testing: ./checkpoint/0001_acc0.8798_seed20_resnet50.pth
==> Preparing data..
==> Building model..
==> Defining training..

==> Testing..
782it [00:47, 16.57it/s]
 781 782 Loss: 0.8977 | Acc: 79.6020% (39801/50000)
============================================================================



start testing: ./checkpoint/0000_acc0.8527_seed20_resnet50.pth
==> Preparing data..
==> Building model..
==> Defining training..

==> Testing..
782it [01:00, 12.95it/s]
 781 782 Loss: 0.9390 | Acc: 79.4980% (39749/50000)
============================================================================



start testing: ./checkpoint/0000_acc0.8592_seed20_resnet50.pth
==> Preparing data..
==> Building model..
==> Defining training..

==> Testing..
782it [00:41, 18.69it/s]
 781 782 Loss: 0.9164 | Acc: 79.5160% (39758/50000)
============================================================================



start testing: ./checkpoint/0002_acc0.8851_seed20_resnet50.pth
==> Preparing data..
==> Building model..
==> Defining training..

==> Testing..
782it [00:41, 18.99it/s]
 781 782 Loss: 0.8846 | Acc: 79.6760% (39838/50000)
============================================================================



start testing: ./checkpoint/0001_acc0.8801_seed20_resnet50.pth
==> Preparing data..
==> Building model..
==> Defining training..

==> Testing..
782it [00:43, 17.91it/s]
 781 782 Loss: 0.8863 | Acc: 79.6480% (39824/50000)
============================================================================



start testing: ./checkpoint/0000_acc0.8572_seed20_resnet50.pth
==> Preparing data..
==> Building model..
==> Defining training..

==> Testing..
782it [00:51, 15.30it/s]
 781 782 Loss: 0.9232 | Acc: 79.4860% (39743/50000)
============================================================================



start testing: ./checkpoint/0001_acc0.8814_seed20_resnet50.pth
==> Preparing data..
==> Building model..
==> Defining training..

==> Testing..
782it [00:49, 15.85it/s]
 781 782 Loss: 0.8892 | Acc: 79.6620% (39831/50000)
============================================================================



start testing: ./checkpoint/0000_acc0.8567_seed20_resnet50.pth
==> Preparing data..
==> Building model..
==> Defining training..

==> Testing..
782it [00:49, 15.80it/s]
 781 782 Loss: 0.9255 | Acc: 79.5040% (39752/50000)
============================================================================



start testing: ./checkpoint/0000_acc0.8635_seed20_resnet50.pth
==> Preparing data..
==> Building model..
==> Defining training..

==> Testing..
782it [00:42, 18.36it/s]
 781 782 Loss: 0.9041 | Acc: 79.5820% (39791/50000)
============================================================================



start testing: ./checkpoint/0002_acc0.8852_seed20_resnet50.pth
==> Preparing data..
==> Building model..
==> Defining training..

==> Testing..
782it [00:41, 18.71it/s]
 781 782 Loss: 0.8884 | Acc: 79.5620% (39781/50000)
============================================================================



start testing: ./checkpoint/0000_acc0.8405_seed20_resnet50.pth
==> Preparing data..
==> Building model..
==> Defining training..

==> Testing..
782it [00:38, 20.14it/s]
 781 782 Loss: 0.9940 | Acc: 79.4880% (39744/50000)
============================================================================



start testing: ./checkpoint/0000_acc0.8470_seed20_resnet50.pth
==> Preparing data..
==> Building model..
==> Defining training..

==> Testing..
782it [00:43, 17.79it/s]
 781 782 Loss: 0.9682 | Acc: 79.4300% (39715/50000)
============================================================================



start testing: ./checkpoint/0000_acc0.8617_seed20_resnet50.pth
==> Preparing data..
==> Building model..
==> Defining training..

==> Testing..
782it [00:41, 18.92it/s]
 781 782 Loss: 0.9109 | Acc: 79.6020% (39801/50000)
============================================================================



start testing: ./checkpoint/0000_acc0.8392_seed20_resnet50.pth
==> Preparing data..
==> Building model..
==> Defining training..

==> Testing..
782it [00:45, 17.21it/s]
 781 782 Loss: 0.9878 | Acc: 79.5000% (39750/50000)
============================================================================



start testing: ./checkpoint/0001_acc0.8808_seed20_resnet50.pth
==> Preparing data..
==> Building model..
==> Defining training..

==> Testing..
782it [00:39, 19.88it/s]
 781 782 Loss: 0.8874 | Acc: 79.6500% (39825/50000)
============================================================================



start testing: ./checkpoint/0000_acc0.8626_seed20_resnet50.pth
==> Preparing data..
==> Building model..
==> Defining training..

==> Testing..
782it [00:46, 16.65it/s]
 781 782 Loss: 0.9136 | Acc: 79.5620% (39781/50000)
============================================================================



start testing: ./checkpoint/0000_acc0.8647_seed20_resnet50.pth
==> Preparing data..
==> Building model..
==> Defining training..

==> Testing..
782it [00:39, 19.90it/s]
 781 782 Loss: 0.9050 | Acc: 79.6100% (39805/50000)
============================================================================



start testing: ./checkpoint/0000_acc0.8367_seed20_resnet50.pth
==> Preparing data..
==> Building model..
==> Defining training..

==> Testing..
782it [00:49, 15.79it/s]
 781 782 Loss: 0.9978 | Acc: 79.4380% (39719/50000)
============================================================================



start testing: ./checkpoint/0000_acc0.8530_seed20_resnet50.pth
==> Preparing data..
==> Building model..
==> Defining training..

==> Testing..
782it [00:39, 19.61it/s]
 781 782 Loss: 0.9379 | Acc: 79.5040% (39752/50000)
============================================================================



start testing: ./checkpoint/0000_acc0.8420_seed20_resnet50.pth
==> Preparing data..
==> Building model..
==> Defining training..

==> Testing..
782it [00:45, 17.37it/s]
 781 782 Loss: 0.9857 | Acc: 79.5540% (39777/50000)
============================================================================



start testing: ./checkpoint/0000_acc0.8275_seed20_resnet50.pth
==> Preparing data..
==> Building model..
==> Defining training..

==> Testing..
782it [00:41, 18.69it/s]
 781 782 Loss: 1.0163 | Acc: 78.6780% (39339/50000)
============================================================================



start testing: ./checkpoint/0001_acc0.8791_seed20_resnet50.pth
==> Preparing data..
==> Building model..
==> Defining training..

==> Testing..
782it [00:45, 17.19it/s]
 781 782 Loss: 0.9000 | Acc: 79.6280% (39814/50000)
============================================================================



start testing: ./checkpoint/0002_acc0.8868_seed20_resnet50.pth
==> Preparing data..
==> Building model..
==> Defining training..

==> Testing..
782it [00:41, 18.99it/s]
 781 782 Loss: 0.8899 | Acc: 79.6860% (39843/50000)
============================================================================



start testing: ./checkpoint/0002_acc0.8853_seed20_resnet50.pth
==> Preparing data..
==> Building model..
==> Defining training..

==> Testing..
782it [00:45, 17.17it/s]
 781 782 Loss: 0.8818 | Acc: 79.5140% (39757/50000)
============================================================================



start testing: ./checkpoint/0000_acc0.8637_seed20_resnet50.pth
==> Preparing data..
==> Building model..
==> Defining training..

==> Testing..
782it [00:48, 16.23it/s]
 781 782 Loss: 0.9100 | Acc: 79.5840% (39792/50000)
============================================================================



start testing: ./checkpoint/0001_acc0.8794_seed20_resnet50.pth
==> Preparing data..
==> Building model..
==> Defining training..

==> Testing..
782it [00:44, 17.75it/s]
 781 782 Loss: 0.9054 | Acc: 79.6440% (39822/50000)
============================================================================



start testing: ./checkpoint/0001_acc0.8774_seed20_resnet50.pth
==> Preparing data..
==> Building model..
==> Defining training..

==> Testing..
782it [00:46, 16.65it/s]
 781 782 Loss: 0.9044 | Acc: 79.6360% (39818/50000)
============================================================================



start testing: ./checkpoint/0000_acc0.8536_seed20_resnet50.pth
==> Preparing data..
==> Building model..
==> Defining training..

==> Testing..
782it [00:39, 19.85it/s]
 781 782 Loss: 0.9452 | Acc: 79.5540% (39777/50000)
============================================================================



start testing: ./checkpoint/0001_acc0.8782_seed20_resnet50.pth
==> Preparing data..
==> Building model..
==> Defining training..

==> Testing..
782it [00:40, 19.19it/s]
 781 782 Loss: 0.9023 | Acc: 79.6060% (39803/50000)
============================================================================



start testing: ./checkpoint/0001_acc0.8797_seed20_resnet50.pth
==> Preparing data..
==> Building model..
==> Defining training..

==> Testing..
782it [00:39, 19.72it/s]
 781 782 Loss: 0.8916 | Acc: 79.6820% (39841/50000)
============================================================================



start testing: ./checkpoint/0000_acc0.8608_seed20_resnet50.pth
==> Preparing data..
==> Building model..
==> Defining training..

==> Testing..
782it [00:38, 20.08it/s]
 781 782 Loss: 0.9118 | Acc: 79.5740% (39787/50000)
============================================================================



start testing: ./checkpoint/0000_acc0.8644_seed20_resnet50.pth
==> Preparing data..
==> Building model..
==> Defining training..

==> Testing..
782it [00:40, 19.40it/s]
 781 782 Loss: 0.9064 | Acc: 79.6400% (39820/50000)
============================================================================



start testing: ./checkpoint/0000_acc0.8509_seed20_resnet50.pth
==> Preparing data..
==> Building model..
==> Defining training..

==> Testing..
782it [00:40, 19.18it/s]
 781 782 Loss: 0.9543 | Acc: 79.5040% (39752/50000)
============================================================================
