/home/nus-wk/anaconda3/envs/arpgen/bin/python /data/personal/nus-wk/arpgen/AR-Param-Generation/dataset/imagenet_convnext_198m/evaluate.py
start testing: ./checkpoint/0002_acc0.9509_seed20_convnext.pth
==> Preparing data..
==> Building model..
==> Defining training..

==> Testing..
782it [04:32,  2.87it/s]
 781 782 Loss: 0.4932 | Acc: 86.4120% (43206/50000)
============================================================================



start testing: ./checkpoint/0000_acc0.9332_seed20_convnext.pth
==> Preparing data..
==> Building model..
==> Defining training..

==> Testing..
782it [04:36,  2.83it/s]
 781 782 Loss: 0.4966 | Acc: 86.4880% (43244/50000)
============================================================================



start testing: ./checkpoint/0002_acc0.9508_seed20_convnext.pth
==> Preparing data..
==> Building model..
==> Defining training..

==> Testing..
782it [04:36,  2.83it/s]
 781 782 Loss: 0.4937 | Acc: 86.4000% (43200/50000)
============================================================================



start testing: ./checkpoint/0000_acc0.9349_seed20_convnext.pth
==> Preparing data..
==> Building model..
==> Defining training..

==> Testing..
782it [04:35,  2.84it/s]
 781 782 Loss: 0.4943 | Acc: 86.3080% (43154/50000)
============================================================================



start testing: ./checkpoint/0000_acc0.9348_seed20_convnext.pth
==> Preparing data..
==> Building model..
==> Defining training..

==> Testing..
782it [04:34,  2.85it/s]
 781 782 Loss: 0.4928 | Acc: 86.4340% (43217/50000)
============================================================================



start testing: ./checkpoint/0001_acc0.9442_seed20_convnext.pth
==> Preparing data..
==> Building model..
==> Defining training..

==> Testing..
782it [04:34,  2.85it/s]
 781 782 Loss: 0.4928 | Acc: 86.3360% (43168/50000)
============================================================================



start testing: ./checkpoint/0000_acc0.9341_seed20_convnext.pth
==> Preparing data..
==> Building model..
==> Defining training..

==> Testing..
782it [04:34,  2.85it/s]
 781 782 Loss: 0.4962 | Acc: 86.4420% (43221/50000)
============================================================================



start testing: ./checkpoint/0001_acc0.9440_seed20_convnext.pth
==> Preparing data..
==> Building model..
==> Defining training..

==> Testing..
782it [04:34,  2.85it/s]
 781 782 Loss: 0.4924 | Acc: 86.2240% (43112/50000)
============================================================================



start testing: ./checkpoint/0001_acc0.9446_seed20_convnext.pth
==> Preparing data..
==> Building model..
==> Defining training..

==> Testing..
782it [04:33,  2.86it/s]
 781 782 Loss: 0.4904 | Acc: 86.4120% (43206/50000)
============================================================================



start testing: ./checkpoint/0000_acc0.9353_seed20_convnext.pth
==> Preparing data..
==> Building model..
==> Defining training..

==> Testing..
782it [04:34,  2.85it/s]
 781 782 Loss: 0.4895 | Acc: 86.3560% (43178/50000)
============================================================================



start testing: ./checkpoint/0001_acc0.9444_seed20_convnext.pth
==> Preparing data..
==> Building model..
==> Defining training..

==> Testing..
782it [04:33,  2.85it/s]
 781 782 Loss: 0.4920 | Acc: 86.3160% (43158/50000)
============================================================================



start testing: ./checkpoint/0000_acc0.9375_seed20_convnext.pth
==> Preparing data..
==> Building model..
==> Defining training..

==> Testing..
782it [04:31,  2.88it/s]
 781 782 Loss: 0.5339 | Acc: 86.1920% (43096/50000)
============================================================================



start testing: ./checkpoint/0001_acc0.9441_seed20_convnext.pth
==> Preparing data..
==> Building model..
==> Defining training..

==> Testing..
782it [04:32,  2.87it/s]
 781 782 Loss: 0.4925 | Acc: 86.3180% (43159/50000)
============================================================================



start testing: ./checkpoint/0000_acc0.9338_seed20_convnext.pth
==> Preparing data..
==> Building model..
==> Defining training..

==> Testing..
782it [04:31,  2.88it/s]
 781 782 Loss: 0.4967 | Acc: 86.5160% (43258/50000)
============================================================================



start testing: ./checkpoint/0001_acc0.9688_seed20_convnext.pth
==> Preparing data..
==> Building model..
==> Defining training..

==> Testing..
782it [04:31,  2.88it/s]
 781 782 Loss: 0.4892 | Acc: 86.3200% (43160/50000)
============================================================================



start testing: ./checkpoint/0002_acc0.9511_seed20_convnext.pth
==> Preparing data..
==> Building model..
==> Defining training..

==> Testing..
782it [04:32,  2.87it/s]
 781 782 Loss: 0.4936 | Acc: 86.3580% (43179/50000)
============================================================================



start testing: ./checkpoint/0001_acc0.9443_seed20_convnext.pth
==> Preparing data..
==> Building model..
==> Defining training..

==> Testing..
782it [04:31,  2.88it/s]
 781 782 Loss: 0.4937 | Acc: 86.3420% (43171/50000)
============================================================================



start testing: ./checkpoint/0000_acc0.9334_seed20_convnext.pth
==> Preparing data..
==> Building model..
==> Defining training..

==> Testing..
782it [04:31,  2.88it/s]
 781 782 Loss: 0.4965 | Acc: 86.4660% (43233/50000)
============================================================================



start testing: ./checkpoint/0000_acc0.9339_seed20_convnext.pth
==> Preparing data..
==> Building model..
==> Defining training..

==> Testing..
782it [04:32,  2.87it/s]
 781 782 Loss: 0.4956 | Acc: 86.4580% (43229/50000)
============================================================================



start testing: ./checkpoint/0001_acc0.9469_seed20_convnext.pth
==> Preparing data..
==> Building model..
==> Defining training..

==> Testing..
782it [04:31,  2.88it/s]
 781 782 Loss: 0.4887 | Acc: 86.4020% (43201/50000)
============================================================================



start testing: ./checkpoint/0001_acc0.9458_seed20_convnext.pth
==> Preparing data..
==> Building model..
==> Defining training..

==> Testing..
782it [04:32,  2.87it/s]
 781 782 Loss: 0.4899 | Acc: 86.3340% (43167/50000)
============================================================================



start testing: ./checkpoint/0001_acc0.9447_seed20_convnext.pth
==> Preparing data..
==> Building model..
==> Defining training..

==> Testing..
782it [04:31,  2.88it/s]
 781 782 Loss: 0.4896 | Acc: 86.4480% (43224/50000)
============================================================================



start testing: ./checkpoint/0002_acc0.9375_seed20_convnext.pth
==> Preparing data..
==> Building model..
==> Defining training..

==> Testing..
782it [04:31,  2.88it/s]
 781 782 Loss: 0.4943 | Acc: 86.3820% (43191/50000)
============================================================================



start testing: ./checkpoint/0000_acc0.9344_seed20_convnext.pth
==> Preparing data..
==> Building model..
==> Defining training..

==> Testing..
782it [04:34,  2.85it/s]
 781 782 Loss: 0.4933 | Acc: 86.4580% (43229/50000)
============================================================================



start testing: ./checkpoint/0001_acc0.9449_seed20_convnext.pth
==> Preparing data..
==> Building model..
==> Defining training..

==> Testing..
782it [04:30,  2.89it/s]
 781 782 Loss: 0.4906 | Acc: 86.3100% (43155/50000)
============================================================================



start testing: ./checkpoint/0000_acc0.9318_seed20_convnext.pth
==> Preparing data..
==> Building model..
==> Defining training..

==> Testing..
782it [04:32,  2.87it/s]
 781 782 Loss: 0.4959 | Acc: 86.5020% (43251/50000)
============================================================================



start testing: ./checkpoint/0000_acc0.9352_seed20_convnext.pth
==> Preparing data..
==> Building model..
==> Defining training..

==> Testing..
782it [04:30,  2.89it/s]
 781 782 Loss: 0.4897 | Acc: 86.3900% (43195/50000)
============================================================================



start testing: ./checkpoint/0002_acc0.9512_seed20_convnext.pth
==> Preparing data..
==> Building model..
==> Defining training..

==> Testing..
782it [04:34,  2.85it/s]
 781 782 Loss: 0.4942 | Acc: 86.3860% (43193/50000)
============================================================================



start testing: ./checkpoint/0000_acc0.9347_seed20_convnext.pth
==> Preparing data..
==> Building model..
==> Defining training..

==> Testing..
782it [04:32,  2.87it/s]
 781 782 Loss: 0.4924 | Acc: 86.3160% (43158/50000)
============================================================================



start testing: ./checkpoint/0000_acc0.9350_seed20_convnext.pth
==> Preparing data..
==> Building model..
==> Defining training..

==> Testing..
782it [04:32,  2.86it/s]
 781 782 Loss: 0.4929 | Acc: 86.3460% (43173/50000)
============================================================================



start testing: ./checkpoint/0000_acc0.9346_seed20_convnext.pth
==> Preparing data..
==> Building model..
==> Defining training..

==> Testing..
782it [04:32,  2.87it/s]
 781 782 Loss: 0.4922 | Acc: 86.4020% (43201/50000)
============================================================================



start testing: ./checkpoint/0000_acc0.9308_seed20_convnext.pth
==> Preparing data..
==> Building model..
==> Defining training..

==> Testing..
782it [04:31,  2.88it/s]
 781 782 Loss: 0.4965 | Acc: 86.5440% (43272/50000)
============================================================================



start testing: ./checkpoint/0002_acc0.8640_seed20_convnext.pth
==> Preparing data..
==> Building model..
==> Defining training..

==> Testing..
782it [05:19,  2.45it/s]
 781 782 Loss: 0.4935 | Acc: 86.3980% (43199/50000)
============================================================================



start testing: ./checkpoint/0002_acc0.9510_seed20_convnext.pth
==> Preparing data..
==> Building model..
==> Defining training..

==> Testing..
782it [04:35,  2.83it/s]
 781 782 Loss: 0.4938 | Acc: 86.3860% (43193/50000)
============================================================================



start testing: ./checkpoint/0000_acc0.9351_seed20_convnext.pth
==> Preparing data..
==> Building model..
==> Defining training..

==> Testing..
782it [04:37,  2.82it/s]
 781 782 Loss: 0.4921 | Acc: 86.3820% (43191/50000)
============================================================================



start testing: ./checkpoint/0001_acc0.9450_seed20_convnext.pth
==> Preparing data..
==> Building model..
==> Defining training..

==> Testing..
782it [04:40,  2.79it/s]
 781 782 Loss: 0.4911 | Acc: 86.3100% (43155/50000)
============================================================================



start testing: ./checkpoint/0002_acc0.9507_seed20_convnext.pth
==> Preparing data..
==> Building model..
==> Defining training..

==> Testing..
782it [04:33,  2.85it/s]
 781 782 Loss: 0.4944 | Acc: 86.3440% (43172/50000)
============================================================================



start testing: ./checkpoint/0000_acc0.9337_seed20_convnext.pth
==> Preparing data..
==> Building model..
==> Defining training..

==> Testing..
782it [04:33,  2.86it/s]
 781 782 Loss: 0.4960 | Acc: 86.4660% (43233/50000)
============================================================================



start testing: ./checkpoint/0000_acc0.9290_seed20_convnext.pth
==> Preparing data..
==> Building model..
==> Defining training..

==> Testing..
782it [04:37,  2.82it/s]
 781 782 Loss: 0.4975 | Acc: 86.6260% (43313/50000)
============================================================================



start testing: ./checkpoint/0001_acc0.9445_seed20_convnext.pth
==> Preparing data..
==> Building model..
==> Defining training..

==> Testing..
782it [04:34,  2.85it/s]
 781 782 Loss: 0.4912 | Acc: 86.3460% (43173/50000)
============================================================================



start testing: ./checkpoint/0000_acc0.9345_seed20_convnext.pth
==> Preparing data..
==> Building model..
==> Defining training..

==> Testing..
782it [04:36,  2.82it/s]
 781 782 Loss: 0.4918 | Acc: 86.3700% (43185/50000)
============================================================================



start testing: ./checkpoint/0001_acc0.8638_seed20_convnext.pth
==> Preparing data..
==> Building model..
==> Defining training..

==> Testing..
782it [04:33,  2.86it/s]
 781 782 Loss: 0.4943 | Acc: 86.3800% (43190/50000)
============================================================================



start testing: ./checkpoint/0000_acc0.9354_seed20_convnext.pth
==> Preparing data..
==> Building model..
==> Defining training..

==> Testing..
782it [04:33,  2.85it/s]
 781 782 Loss: 0.4906 | Acc: 86.3520% (43176/50000)
============================================================================
