/home/wangkai/anaconda3/envs/arpgen/bin/python /home/wangkai/arpgen/AR-Param-Generation/dataset/imagenet_vittiny_6m/evaluate.py
start testing: ./checkpoint/0002_acc0.7544_seed20_vittiny.pth
==> Preparing data..
==> Building model..
==> Defining training..

==> Testing..
782it [00:29, 26.11it/s]
 781 782 Loss: 0.9374 | Acc: 75.4420% (37721/50000)
============================================================================



start testing: ./checkpoint/0000_acc0.7180_seed20_vittiny.pth
==> Preparing data..
==> Building model..
==> Defining training..

==> Testing..
782it [00:34, 22.53it/s]
 781 782 Loss: 0.9605 | Acc: 74.9300% (37465/50000)
============================================================================



start testing: ./checkpoint/0001_acc0.7417_seed20_vittiny.pth
==> Preparing data..
==> Building model..
==> Defining training..

==> Testing..
782it [00:34, 22.35it/s]
 781 782 Loss: 0.9498 | Acc: 75.1340% (37567/50000)
============================================================================



start testing: ./checkpoint/0000_acc0.7126_seed20_vittiny.pth
==> Preparing data..
==> Building model..
==> Defining training..

==> Testing..
782it [00:34, 22.74it/s]
 781 782 Loss: 0.9653 | Acc: 74.7760% (37388/50000)
============================================================================



start testing: ./checkpoint/0002_acc0.7521_seed20_vittiny.pth
==> Preparing data..
==> Building model..
==> Defining training..

==> Testing..
782it [00:35, 22.21it/s]
 781 782 Loss: 0.9373 | Acc: 75.4300% (37715/50000)
============================================================================



start testing: ./checkpoint/0001_acc0.7424_seed20_vittiny.pth
==> Preparing data..
==> Building model..
==> Defining training..

==> Testing..
782it [00:33, 23.06it/s]
 781 782 Loss: 0.9498 | Acc: 75.1840% (37592/50000)
============================================================================



start testing: ./checkpoint/0002_acc0.7531_seed20_vittiny.pth
==> Preparing data..
==> Building model..
==> Defining training..

==> Testing..
782it [00:34, 22.46it/s]
 781 782 Loss: 0.9424 | Acc: 75.4320% (37716/50000)
============================================================================



start testing: ./checkpoint/0001_acc0.7421_seed20_vittiny.pth
==> Preparing data..
==> Building model..
==> Defining training..

==> Testing..
782it [00:36, 21.68it/s]
 781 782 Loss: 0.9482 | Acc: 75.2380% (37619/50000)
============================================================================



start testing: ./checkpoint/0001_acc0.7415_seed20_vittiny.pth
==> Preparing data..
==> Building model..
==> Defining training..

==> Testing..
782it [00:33, 23.28it/s]
 781 782 Loss: 0.9508 | Acc: 75.1740% (37587/50000)
============================================================================



start testing: ./checkpoint/0002_acc0.7519_seed20_vittiny.pth
==> Preparing data..
==> Building model..
==> Defining training..

==> Testing..
782it [00:34, 22.81it/s]
 781 782 Loss: 0.9395 | Acc: 75.4020% (37701/50000)
============================================================================



start testing: ./checkpoint/0001_acc0.7439_seed20_vittiny.pth
==> Preparing data..
==> Building model..
==> Defining training..

==> Testing..
782it [00:34, 22.67it/s]
 781 782 Loss: 0.9458 | Acc: 75.2780% (37639/50000)
============================================================================



start testing: ./checkpoint/0001_acc0.7440_seed20_vittiny.pth
==> Preparing data..
==> Building model..
==> Defining training..

==> Testing..
782it [00:32, 23.77it/s]
 781 782 Loss: 0.9454 | Acc: 75.2180% (37609/50000)
============================================================================



start testing: ./checkpoint/0002_acc0.7524_seed20_vittiny.pth
==> Preparing data..
==> Building model..
==> Defining training..

==> Testing..
782it [00:35, 21.78it/s]
 781 782 Loss: 0.9420 | Acc: 75.4340% (37717/50000)
============================================================================



start testing: ./checkpoint/0001_acc0.7433_seed20_vittiny.pth
==> Preparing data..
==> Building model..
==> Defining training..

==> Testing..
782it [00:36, 21.50it/s]
 781 782 Loss: 0.9474 | Acc: 75.2920% (37646/50000)
============================================================================



start testing: ./checkpoint/0000_acc0.6925_seed20_vittiny.pth
==> Preparing data..
==> Building model..
==> Defining training..

==> Testing..
782it [00:32, 23.92it/s]
 781 782 Loss: 0.9678 | Acc: 74.6780% (37339/50000)
============================================================================



start testing: ./checkpoint/0000_acc0.7236_seed20_vittiny.pth
==> Preparing data..
==> Building model..
==> Defining training..

==> Testing..
782it [00:34, 22.53it/s]
 781 782 Loss: 0.9547 | Acc: 75.0440% (37522/50000)
============================================================================



start testing: ./checkpoint/0000_acc0.6995_seed20_vittiny.pth
==> Preparing data..
==> Building model..
==> Defining training..

==> Testing..
782it [00:34, 22.61it/s]
 781 782 Loss: 0.9676 | Acc: 74.8420% (37421/50000)
============================================================================



start testing: ./checkpoint/0001_acc0.7437_seed20_vittiny.pth
==> Preparing data..
==> Building model..
==> Defining training..

==> Testing..
782it [00:34, 22.76it/s]
 781 782 Loss: 0.9453 | Acc: 75.2420% (37621/50000)
============================================================================



start testing: ./checkpoint/0000_acc0.7206_seed20_vittiny.pth
==> Preparing data..
==> Building model..
==> Defining training..

==> Testing..
782it [00:35, 21.85it/s]
 781 782 Loss: 0.9604 | Acc: 74.9660% (37483/50000)
============================================================================



start testing: ./checkpoint/0002_acc0.7523_seed20_vittiny.pth
==> Preparing data..
==> Building model..
==> Defining training..

==> Testing..
782it [00:35, 22.24it/s]
 781 782 Loss: 0.9375 | Acc: 75.3800% (37690/50000)
============================================================================



start testing: ./checkpoint/0002_acc0.7468_seed20_vittiny.pth
==> Preparing data..
==> Building model..
==> Defining training..

==> Testing..
782it [00:33, 23.43it/s]
 781 782 Loss: 0.9451 | Acc: 75.2960% (37648/50000)
============================================================================



start testing: ./checkpoint/0000_acc0.7057_seed20_vittiny.pth
==> Preparing data..
==> Building model..
==> Defining training..

==> Testing..
782it [00:34, 22.80it/s]
 781 782 Loss: 0.9679 | Acc: 74.7540% (37377/50000)
============================================================================



start testing: ./checkpoint/0001_acc0.7418_seed20_vittiny.pth
==> Preparing data..
==> Building model..
==> Defining training..

==> Testing..
782it [00:34, 22.35it/s]
 781 782 Loss: 0.9493 | Acc: 75.1340% (37567/50000)
============================================================================



start testing: ./checkpoint/0000_acc0.7208_seed20_vittiny.pth
==> Preparing data..
==> Building model..
==> Defining training..

==> Testing..
782it [00:34, 22.47it/s]
 781 782 Loss: 0.9594 | Acc: 74.9520% (37476/50000)
============================================================================



start testing: ./checkpoint/0000_acc0.7093_seed20_vittiny.pth
==> Preparing data..
==> Building model..
==> Defining training..

==> Testing..
782it [00:34, 22.54it/s]
 781 782 Loss: 0.9652 | Acc: 74.8860% (37443/50000)
============================================================================



start testing: ./checkpoint/0000_acc0.7151_seed20_vittiny.pth
==> Preparing data..
==> Building model..
==> Defining training..

==> Testing..
782it [00:34, 22.37it/s]
 781 782 Loss: 0.9657 | Acc: 74.7920% (37396/50000)
============================================================================



start testing: ./checkpoint/0000_acc0.7229_seed20_vittiny.pth
==> Preparing data..
==> Building model..
==> Defining training..

==> Testing..
782it [00:32, 24.19it/s]
 781 782 Loss: 0.9549 | Acc: 75.0860% (37543/50000)
============================================================================



start testing: ./checkpoint/0000_acc0.7104_seed20_vittiny.pth
==> Preparing data..
==> Building model..
==> Defining training..

==> Testing..
782it [00:35, 21.77it/s]
 781 782 Loss: 0.9670 | Acc: 74.8120% (37406/50000)
============================================================================



start testing: ./checkpoint/0001_acc0.7436_seed20_vittiny.pth
==> Preparing data..
==> Building model..
==> Defining training..

==> Testing..
782it [00:35, 22.05it/s]
 781 782 Loss: 0.9457 | Acc: 75.3880% (37694/50000)
============================================================================



start testing: ./checkpoint/0000_acc0.6984_seed20_vittiny.pth
==> Preparing data..
==> Building model..
==> Defining training..

==> Testing..
782it [00:36, 21.68it/s]
 781 782 Loss: 0.9679 | Acc: 74.7580% (37379/50000)
============================================================================



start testing: ./checkpoint/0000_acc0.6822_seed20_vittiny.pth
==> Preparing data..
==> Building model..
==> Defining training..

==> Testing..
782it [00:36, 21.61it/s]
 781 782 Loss: 0.9674 | Acc: 74.7420% (37371/50000)
============================================================================



start testing: ./checkpoint/0000_acc0.7023_seed20_vittiny.pth
==> Preparing data..
==> Building model..
==> Defining training..

==> Testing..
782it [00:35, 21.92it/s]
 781 782 Loss: 0.9678 | Acc: 74.8820% (37441/50000)
============================================================================



start testing: ./checkpoint/0001_acc0.7430_seed20_vittiny.pth
==> Preparing data..
==> Building model..
==> Defining training..

==> Testing..
782it [00:32, 23.82it/s]
 781 782 Loss: 0.9465 | Acc: 75.1960% (37598/50000)
============================================================================



start testing: ./checkpoint/0000_acc0.7192_seed20_vittiny.pth
==> Preparing data..
==> Building model..
==> Defining training..

==> Testing..
782it [00:35, 21.94it/s]
 781 782 Loss: 0.9590 | Acc: 74.8840% (37442/50000)
============================================================================



start testing: ./checkpoint/0001_acc0.7419_seed20_vittiny.pth
==> Preparing data..
==> Building model..
==> Defining training..

==> Testing..
782it [00:33, 23.16it/s]
 781 782 Loss: 0.9532 | Acc: 75.1420% (37571/50000)
============================================================================



start testing: ./checkpoint/0000_acc0.7120_seed20_vittiny.pth
==> Preparing data..
==> Building model..
==> Defining training..

==> Testing..
782it [00:35, 22.16it/s]
 781 782 Loss: 0.9668 | Acc: 74.8360% (37418/50000)
============================================================================



start testing: ./checkpoint/0000_acc0.7073_seed20_vittiny.pth
==> Preparing data..
==> Building model..
==> Defining training..

==> Testing..
782it [00:36, 21.41it/s]
 781 782 Loss: 0.9660 | Acc: 74.7420% (37371/50000)
============================================================================



start testing: ./checkpoint/0001_acc0.7416_seed20_vittiny.pth
==> Preparing data..
==> Building model..
==> Defining training..

==> Testing..
782it [00:36, 21.52it/s]
 781 782 Loss: 0.9505 | Acc: 75.1080% (37554/50000)
============================================================================



start testing: ./checkpoint/0001_acc0.7431_seed20_vittiny.pth
==> Preparing data..
==> Building model..
==> Defining training..

==> Testing..
782it [00:33, 23.17it/s]
 781 782 Loss: 0.9462 | Acc: 75.3140% (37657/50000)
============================================================================



start testing: ./checkpoint/0001_acc0.7414_seed20_vittiny.pth
==> Preparing data..
==> Building model..
==> Defining training..

==> Testing..
782it [00:36, 21.23it/s]
 781 782 Loss: 0.9541 | Acc: 75.0600% (37530/50000)
============================================================================



start testing: ./checkpoint/0001_acc0.7420_seed20_vittiny.pth
==> Preparing data..
==> Building model..
==> Defining training..

==> Testing..
782it [00:38, 20.57it/s]
 781 782 Loss: 0.9529 | Acc: 75.1200% (37560/50000)
============================================================================



start testing: ./checkpoint/0000_acc0.7205_seed20_vittiny.pth
==> Preparing data..
==> Building model..
==> Defining training..

==> Testing..
782it [00:34, 22.96it/s]
 781 782 Loss: 0.9599 | Acc: 74.9520% (37476/50000)
============================================================================



start testing: ./checkpoint/0000_acc0.7223_seed20_vittiny.pth
==> Preparing data..
==> Building model..
==> Defining training..

==> Testing..
782it [00:36, 21.71it/s]
 781 782 Loss: 0.9560 | Acc: 75.0880% (37544/50000)
============================================================================



start testing: ./checkpoint/0000_acc0.7177_seed20_vittiny.pth
==> Preparing data..
==> Building model..
==> Defining training..

==> Testing..
782it [00:37, 20.97it/s]
 781 782 Loss: 0.9611 | Acc: 74.8600% (37430/50000)
============================================================================



start testing: ./checkpoint/0000_acc0.6968_seed20_vittiny.pth
==> Preparing data..
==> Building model..
==> Defining training..

==> Testing..
782it [00:34, 22.59it/s]
 781 782 Loss: 0.9672 | Acc: 74.7720% (37386/50000)
============================================================================



start testing: ./checkpoint/0000_acc0.7042_seed20_vittiny.pth
==> Preparing data..
==> Building model..
==> Defining training..

==> Testing..
782it [00:35, 21.83it/s]
 781 782 Loss: 0.9689 | Acc: 74.7760% (37388/50000)
============================================================================



start testing: ./checkpoint/0001_acc0.7441_seed20_vittiny.pth
==> Preparing data..
==> Building model..
==> Defining training..

==> Testing..
782it [00:36, 21.25it/s]
 781 782 Loss: 0.9460 | Acc: 75.3380% (37669/50000)
============================================================================



start testing: ./checkpoint/0000_acc0.7146_seed20_vittiny.pth
==> Preparing data..
==> Building model..
==> Defining training..

==> Testing..
782it [00:36, 21.39it/s]
 781 782 Loss: 0.9640 | Acc: 74.8540% (37427/50000)
============================================================================



start testing: ./checkpoint/0002_acc0.7550_seed20_vittiny.pth
==> Preparing data..
==> Building model..
==> Defining training..

==> Testing..
782it [00:34, 22.73it/s]
 781 782 Loss: 0.9436 | Acc: 75.3340% (37667/50000)
============================================================================



start testing: ./checkpoint/0000_acc0.7175_seed20_vittiny.pth
==> Preparing data..
==> Building model..
==> Defining training..

==> Testing..
782it [00:35, 21.93it/s]
 781 782 Loss: 0.9612 | Acc: 74.9820% (37491/50000)
============================================================================



start testing: ./checkpoint/0000_acc0.7225_seed20_vittiny.pth
==> Preparing data..
==> Building model..
==> Defining training..

==> Testing..
782it [00:36, 21.31it/s]
 781 782 Loss: 0.9560 | Acc: 75.0260% (37513/50000)
============================================================================



start testing: ./checkpoint/0000_acc0.7166_seed20_vittiny.pth
==> Preparing data..
==> Building model..
==> Defining training..

==> Testing..
782it [00:37, 20.61it/s]
 781 782 Loss: 0.9620 | Acc: 74.9020% (37451/50000)
============================================================================



start testing: ./checkpoint/0000_acc0.7185_seed20_vittiny.pth
==> Preparing data..
==> Building model..
==> Defining training..

==> Testing..
782it [00:36, 21.45it/s]
 781 782 Loss: 0.9626 | Acc: 74.8620% (37431/50000)
============================================================================



start testing: ./checkpoint/0001_acc0.7379_seed20_vittiny.pth
==> Preparing data..
==> Building model..
==> Defining training..

==> Testing..
782it [00:34, 22.95it/s]
 781 782 Loss: 0.9543 | Acc: 75.0740% (37537/50000)
============================================================================



start testing: ./checkpoint/0002_acc0.7538_seed20_vittiny.pth
==> Preparing data..
==> Building model..
==> Defining training..

==> Testing..
782it [00:36, 21.37it/s]
 781 782 Loss: 0.9429 | Acc: 75.3780% (37689/50000)
============================================================================



start testing: ./checkpoint/0000_acc0.6937_seed20_vittiny.pth
==> Preparing data..
==> Building model..
==> Defining training..

==> Testing..
782it [00:35, 22.28it/s]
 781 782 Loss: 0.9713 | Acc: 74.6540% (37327/50000)
============================================================================



start testing: ./checkpoint/0000_acc0.7131_seed20_vittiny.pth
==> Preparing data..
==> Building model..
==> Defining training..

==> Testing..
782it [00:34, 22.76it/s]
 781 782 Loss: 0.9671 | Acc: 74.7400% (37370/50000)
============================================================================



start testing: ./checkpoint/0000_acc0.7220_seed20_vittiny.pth
==> Preparing data..
==> Building model..
==> Defining training..

==> Testing..
782it [00:35, 22.10it/s]
 781 782 Loss: 0.9579 | Acc: 74.9740% (37487/50000)
============================================================================



start testing: ./checkpoint/0000_acc0.7214_seed20_vittiny.pth
==> Preparing data..
==> Building model..
==> Defining training..

==> Testing..
782it [00:35, 22.09it/s]
 781 782 Loss: 0.9585 | Acc: 74.8620% (37431/50000)
============================================================================



start testing: ./checkpoint/0002_acc0.7541_seed20_vittiny.pth
==> Preparing data..
==> Building model..
==> Defining training..

==> Testing..
782it [00:34, 22.76it/s]
 781 782 Loss: 0.9436 | Acc: 75.3720% (37686/50000)
============================================================================



start testing: ./checkpoint/0000_acc0.7121_seed20_vittiny.pth
==> Preparing data..
==> Building model..
==> Defining training..

==> Testing..
782it [00:34, 22.59it/s]
 781 782 Loss: 0.9681 | Acc: 74.8420% (37421/50000)
============================================================================



start testing: ./checkpoint/0001_acc0.7435_seed20_vittiny.pth
==> Preparing data..
==> Building model..
==> Defining training..

==> Testing..
782it [00:35, 22.28it/s]
 781 782 Loss: 0.9469 | Acc: 75.3040% (37652/50000)
============================================================================



start testing: ./checkpoint/0001_acc0.7428_seed20_vittiny.pth
==> Preparing data..
==> Building model..
==> Defining training..

==> Testing..
782it [00:33, 23.68it/s]
 781 782 Loss: 0.9474 | Acc: 75.1700% (37585/50000)
============================================================================



start testing: ./checkpoint/0000_acc0.7195_seed20_vittiny.pth
==> Preparing data..
==> Building model..
==> Defining training..

==> Testing..
782it [00:34, 22.61it/s]
 781 782 Loss: 0.9581 | Acc: 75.0140% (37507/50000)
============================================================================



start testing: ./checkpoint/0002_acc0.8594_seed20_vittiny.pth
==> Preparing data..
==> Building model..
==> Defining training..

==> Testing..
782it [00:36, 21.56it/s]
 781 782 Loss: 0.9459 | Acc: 75.2400% (37620/50000)
============================================================================



start testing: ./checkpoint/0000_acc0.7188_seed20_vittiny.pth
==> Preparing data..
==> Building model..
==> Defining training..

==> Testing..
782it [00:35, 21.74it/s]
 781 782 Loss: 0.9737 | Acc: 74.6840% (37342/50000)
============================================================================



start testing: ./checkpoint/0000_acc0.7499_seed20_vittiny.pth
==> Preparing data..
==> Building model..
==> Defining training..

==> Testing..
782it [00:36, 21.54it/s]
 781 782 Loss: 0.9566 | Acc: 74.9860% (37493/50000)
============================================================================



start testing: ./checkpoint/0002_acc0.7548_seed20_vittiny.pth
==> Preparing data..
==> Building model..
==> Defining training..

==> Testing..
782it [00:34, 22.38it/s]
 781 782 Loss: 0.9432 | Acc: 75.3860% (37693/50000)
============================================================================



start testing: ./checkpoint/0001_acc0.7339_seed20_vittiny.pth
==> Preparing data..
==> Building model..
==> Defining training..

==> Testing..
782it [00:35, 22.26it/s]
 781 782 Loss: 0.9551 | Acc: 75.1160% (37558/50000)
============================================================================



start testing: ./checkpoint/0000_acc0.7219_seed20_vittiny.pth
==> Preparing data..
==> Building model..
==> Defining training..

==> Testing..
782it [00:35, 21.89it/s]
 781 782 Loss: 0.9571 | Acc: 74.9780% (37489/50000)
============================================================================



start testing: ./checkpoint/0001_acc0.7425_seed20_vittiny.pth
==> Preparing data..
==> Building model..
==> Defining training..

==> Testing..
782it [00:35, 21.88it/s]
 781 782 Loss: 0.9477 | Acc: 75.2760% (37638/50000)
============================================================================



start testing: ./checkpoint/0000_acc0.7139_seed20_vittiny.pth
==> Preparing data..
==> Building model..
==> Defining training..

==> Testing..
782it [00:34, 22.91it/s]
 781 782 Loss: 0.9647 | Acc: 74.7780% (37389/50000)
============================================================================



start testing: ./checkpoint/0000_acc0.7035_seed20_vittiny.pth
==> Preparing data..
==> Building model..
==> Defining training..

==> Testing..
782it [00:36, 21.50it/s]
 781 782 Loss: 0.9676 | Acc: 74.7960% (37398/50000)
============================================================================



start testing: ./checkpoint/0001_acc0.7429_seed20_vittiny.pth
==> Preparing data..
==> Building model..
==> Defining training..

==> Testing..
782it [00:35, 22.04it/s]
 781 782 Loss: 0.9479 | Acc: 75.1300% (37565/50000)
============================================================================



start testing: ./checkpoint/0000_acc0.7216_seed20_vittiny.pth
==> Preparing data..
==> Building model..
==> Defining training..

==> Testing..
782it [00:35, 22.00it/s]
 781 782 Loss: 0.9576 | Acc: 75.0160% (37508/50000)
============================================================================



start testing: ./checkpoint/0000_acc0.7172_seed20_vittiny.pth
==> Preparing data..
==> Building model..
==> Defining training..

==> Testing..
782it [00:35, 22.04it/s]
 781 782 Loss: 0.9613 | Acc: 74.8580% (37429/50000)
============================================================================



start testing: ./checkpoint/0001_acc0.8594_seed20_vittiny.pth
==> Preparing data..
==> Building model..
==> Defining training..

==> Testing..
782it [00:33, 23.49it/s]
 781 782 Loss: 0.9565 | Acc: 75.0060% (37503/50000)
============================================================================



start testing: ./checkpoint/0002_acc0.7518_seed20_vittiny.pth
==> Preparing data..
==> Building model..
==> Defining training..

==> Testing..
782it [00:34, 22.89it/s]
 781 782 Loss: 0.9397 | Acc: 75.4300% (37715/50000)
============================================================================



start testing: ./checkpoint/0000_acc0.7136_seed20_vittiny.pth
==> Preparing data..
==> Building model..
==> Defining training..

==> Testing..
782it [00:37, 21.02it/s]
 781 782 Loss: 0.9653 | Acc: 74.7820% (37391/50000)
============================================================================



start testing: ./checkpoint/0000_acc0.7099_seed20_vittiny.pth
==> Preparing data..
==> Building model..
==> Defining training..

==> Testing..
782it [00:33, 23.50it/s]
 781 782 Loss: 0.9664 | Acc: 74.7780% (37389/50000)
============================================================================



start testing: ./checkpoint/0000_acc0.7143_seed20_vittiny.pth
==> Preparing data..
==> Building model..
==> Defining training..

==> Testing..
782it [00:36, 21.32it/s]
 781 782 Loss: 0.9652 | Acc: 74.8860% (37443/50000)
============================================================================



start testing: ./checkpoint/0000_acc0.7233_seed20_vittiny.pth
==> Preparing data..
==> Building model..
==> Defining training..

==> Testing..
782it [00:36, 21.46it/s]
 781 782 Loss: 0.9549 | Acc: 75.1440% (37572/50000)
============================================================================



start testing: ./checkpoint/0000_acc0.7087_seed20_vittiny.pth
==> Preparing data..
==> Building model..
==> Defining training..

==> Testing..
782it [00:35, 22.05it/s]
 781 782 Loss: 0.9676 | Acc: 74.7960% (37398/50000)
============================================================================



start testing: ./checkpoint/0000_acc0.7221_seed20_vittiny.pth
==> Preparing data..
==> Building model..
==> Defining training..

==> Testing..
782it [00:37, 21.03it/s]
 781 782 Loss: 0.9577 | Acc: 75.0340% (37517/50000)
============================================================================



start testing: ./checkpoint/0000_acc0.7231_seed20_vittiny.pth
==> Preparing data..
==> Building model..
==> Defining training..

==> Testing..
782it [00:35, 22.10it/s]
 781 782 Loss: 0.9546 | Acc: 75.1100% (37555/50000)
============================================================================



start testing: ./checkpoint/0000_acc0.7154_seed20_vittiny.pth
==> Preparing data..
==> Building model..
==> Defining training..

==> Testing..
782it [00:35, 21.98it/s]
 781 782 Loss: 0.9615 | Acc: 74.9500% (37475/50000)
============================================================================



start testing: ./checkpoint/0001_acc0.7422_seed20_vittiny.pth
==> Preparing data..
==> Building model..
==> Defining training..

==> Testing..
782it [00:37, 21.01it/s]
 781 782 Loss: 0.9506 | Acc: 75.1400% (37570/50000)
============================================================================



start testing: ./checkpoint/0000_acc0.6954_seed20_vittiny.pth
==> Preparing data..
==> Building model..
==> Defining training..

==> Testing..
782it [00:34, 22.37it/s]
 781 782 Loss: 0.9708 | Acc: 74.7240% (37362/50000)
============================================================================



start testing: ./checkpoint/0000_acc0.7066_seed20_vittiny.pth
==> Preparing data..
==> Building model..
==> Defining training..

==> Testing..
782it [00:34, 22.62it/s]
 781 782 Loss: 0.9663 | Acc: 74.8240% (37412/50000)
============================================================================



start testing: ./checkpoint/0000_acc0.7189_seed20_vittiny.pth
==> Preparing data..
==> Building model..
==> Defining training..

==> Testing..
782it [00:36, 21.29it/s]
 781 782 Loss: 0.9617 | Acc: 74.9580% (37479/50000)
============================================================================



start testing: ./checkpoint/0000_acc0.7011_seed20_vittiny.pth
==> Preparing data..
==> Building model..
==> Defining training..

==> Testing..
782it [00:33, 23.63it/s]
 781 782 Loss: 0.9683 | Acc: 74.7940% (37397/50000)
============================================================================



start testing: ./checkpoint/0002_acc0.7520_seed20_vittiny.pth
==> Preparing data..
==> Building model..
==> Defining training..

==> Testing..
782it [00:32, 24.10it/s]
 781 782 Loss: 0.9382 | Acc: 75.3880% (37694/50000)
============================================================================



start testing: ./checkpoint/0001_acc0.7423_seed20_vittiny.pth
==> Preparing data..
==> Building model..
==> Defining training..

==> Testing..
782it [00:33, 23.22it/s]
 781 782 Loss: 0.9498 | Acc: 75.1020% (37551/50000)
============================================================================



start testing: ./checkpoint/0000_acc0.7159_seed20_vittiny.pth
==> Preparing data..
==> Building model..
==> Defining training..

==> Testing..
782it [00:31, 24.48it/s]
 781 782 Loss: 0.9639 | Acc: 74.8160% (37408/50000)
============================================================================



start testing: ./checkpoint/0000_acc0.7170_seed20_vittiny.pth
==> Preparing data..
==> Building model..
==> Defining training..

==> Testing..
782it [00:32, 23.74it/s]
 781 782 Loss: 0.9613 | Acc: 74.9360% (37468/50000)
============================================================================



start testing: ./checkpoint/0000_acc0.7227_seed20_vittiny.pth
==> Preparing data..
==> Building model..
==> Defining training..

==> Testing..
782it [00:34, 22.58it/s]
 781 782 Loss: 0.9558 | Acc: 75.0800% (37540/50000)
============================================================================



start testing: ./checkpoint/0002_acc0.7517_seed20_vittiny.pth
==> Preparing data..
==> Building model..
==> Defining training..

==> Testing..
782it [00:32, 24.00it/s]
 781 782 Loss: 0.9413 | Acc: 75.4560% (37728/50000)
============================================================================



start testing: ./checkpoint/0001_acc0.7524_seed20_vittiny.pth
==> Preparing data..
==> Building model..
==> Defining training..

==> Testing..
782it [00:27, 28.92it/s]
 781 782 Loss: 0.9459 | Acc: 75.2400% (37620/50000)
============================================================================



start testing: ./checkpoint/0000_acc0.7164_seed20_vittiny.pth
==> Preparing data..
==> Building model..
==> Defining training..

==> Testing..
782it [00:27, 28.25it/s]
 781 782 Loss: 0.9622 | Acc: 74.9460% (37473/50000)
============================================================================



start testing: ./checkpoint/0000_acc0.7002_seed20_vittiny.pth
==> Preparing data..
==> Building model..
==> Defining training..

==> Testing..
782it [00:24, 31.68it/s]
 781 782 Loss: 0.9674 | Acc: 74.8500% (37425/50000)
============================================================================



start testing: ./checkpoint/0001_acc0.7438_seed20_vittiny.pth
==> Preparing data..
==> Building model..
==> Defining training..

==> Testing..
782it [00:27, 28.14it/s]
 781 782 Loss: 0.9479 | Acc: 75.1880% (37594/50000)
============================================================================



start testing: ./checkpoint/0000_acc0.7183_seed20_vittiny.pth
==> Preparing data..
==> Building model..
==> Defining training..

==> Testing..
782it [00:25, 30.96it/s]
 781 782 Loss: 0.9600 | Acc: 74.9780% (37489/50000)
============================================================================



start testing: ./checkpoint/0000_acc0.7204_seed20_vittiny.pth
==> Preparing data..
==> Building model..
==> Defining training..

==> Testing..
782it [00:27, 28.68it/s]
 781 782 Loss: 0.9596 | Acc: 74.8960% (37448/50000)
============================================================================



start testing: ./checkpoint/0002_acc0.7522_seed20_vittiny.pth
==> Preparing data..
==> Building model..
==> Defining training..

==> Testing..
782it [00:24, 32.13it/s]
 781 782 Loss: 0.9380 | Acc: 75.3780% (37689/50000)
============================================================================



start testing: ./checkpoint/0001_acc0.7413_seed20_vittiny.pth
==> Preparing data..
==> Building model..
==> Defining training..

==> Testing..
782it [00:27, 27.96it/s]
 781 782 Loss: 0.9515 | Acc: 75.1160% (37558/50000)
============================================================================



start testing: ./checkpoint/0001_acc0.7411_seed20_vittiny.pth
==> Preparing data..
==> Building model..
==> Defining training..

==> Testing..
782it [00:26, 29.97it/s]
 781 782 Loss: 0.9535 | Acc: 75.1560% (37578/50000)
============================================================================



start testing: ./checkpoint/0000_acc0.7198_seed20_vittiny.pth
==> Preparing data..
==> Building model..
==> Defining training..

==> Testing..
782it [00:27, 27.95it/s]
 781 782 Loss: 0.9599 | Acc: 75.0060% (37503/50000)
============================================================================



start testing: ./checkpoint/0001_acc0.7427_seed20_vittiny.pth
==> Preparing data..
==> Building model..
==> Defining training..

==> Testing..
782it [00:26, 29.05it/s]
 781 782 Loss: 0.9490 | Acc: 75.2720% (37636/50000)
============================================================================



start testing: ./checkpoint/0000_acc0.7211_seed20_vittiny.pth
==> Preparing data..
==> Building model..
==> Defining training..

==> Testing..
782it [00:25, 30.31it/s]
 781 782 Loss: 0.9597 | Acc: 74.8780% (37439/50000)
============================================================================



start testing: ./checkpoint/0000_acc0.7082_seed20_vittiny.pth
==> Preparing data..
==> Building model..
==> Defining training..

==> Testing..
782it [00:27, 28.37it/s]
 781 782 Loss: 0.9669 | Acc: 74.7280% (37364/50000)
============================================================================



start testing: ./checkpoint/0000_acc0.7114_seed20_vittiny.pth
==> Preparing data..
==> Building model..
==> Defining training..

==> Testing..
782it [00:24, 32.07it/s]
 781 782 Loss: 0.9660 | Acc: 74.7680% (37384/50000)
============================================================================



start testing: ./checkpoint/0000_acc0.7049_seed20_vittiny.pth
==> Preparing data..
==> Building model..
==> Defining training..

==> Testing..
782it [00:28, 27.84it/s]
 781 782 Loss: 0.9672 | Acc: 74.7800% (37390/50000)
============================================================================



start testing: ./checkpoint/0000_acc0.7201_seed20_vittiny.pth
==> Preparing data..
==> Building model..
==> Defining training..

==> Testing..
782it [00:24, 32.06it/s]
 781 782 Loss: 0.9598 | Acc: 74.9580% (37479/50000)
============================================================================



start testing: ./checkpoint/0000_acc0.6900_seed20_vittiny.pth
==> Preparing data..
==> Building model..
==> Defining training..

==> Testing..
782it [00:26, 29.38it/s]
 781 782 Loss: 0.9676 | Acc: 74.6940% (37347/50000)
============================================================================



start testing: ./checkpoint/0001_acc0.7434_seed20_vittiny.pth
==> Preparing data..
==> Building model..
==> Defining training..

==> Testing..
782it [00:24, 32.48it/s]
 781 782 Loss: 0.9464 | Acc: 75.2740% (37637/50000)
============================================================================



start testing: ./checkpoint/0000_acc0.7110_seed20_vittiny.pth
==> Preparing data..
==> Building model..
==> Defining training..

==> Testing..
782it [00:31, 25.17it/s]
 781 782 Loss: 0.9665 | Acc: 74.7620% (37381/50000)
============================================================================




Process finished with exit code 0
