/home/wangkai/anaconda3/envs/arpgen/bin/python /home/wangkai/arpgen/AR-Param-Generation/dataset/imagenet_resnet18_11m/evaluate.py
start testing: ./checkpoint/0001_acc0.7183_seed20_resnet18.pth
==> Preparing data..
==> Building model..
==> Defining training..

==> Testing..
782it [00:37, 20.74it/s]
 781 782 Loss: 1.1966 | Acc: 71.2820% (35641/50000)
============================================================================



start testing: ./checkpoint/0000_acc0.7005_seed20_resnet18.pth
==> Preparing data..
==> Building model..
==> Defining training..

==> Testing..
782it [00:34, 22.86it/s]
 781 782 Loss: 1.2255 | Acc: 70.9960% (35498/50000)
============================================================================



start testing: ./checkpoint/0000_acc0.6780_seed20_resnet18.pth
==> Preparing data..
==> Building model..
==> Defining training..

==> Testing..
782it [00:39, 19.73it/s]
 781 782 Loss: 1.2785 | Acc: 70.0600% (35030/50000)
============================================================================



start testing: ./checkpoint/0000_acc0.6946_seed20_resnet18.pth
==> Preparing data..
==> Building model..
==> Defining training..

==> Testing..
782it [00:37, 20.71it/s]
 781 782 Loss: 1.2435 | Acc: 70.7920% (35396/50000)
============================================================================



start testing: ./checkpoint/0000_acc0.6762_seed20_resnet18.pth
==> Preparing data..
==> Building model..
==> Defining training..

==> Testing..
782it [00:38, 20.43it/s]
 781 782 Loss: 1.2903 | Acc: 69.9620% (34981/50000)
============================================================================



start testing: ./checkpoint/0000_acc0.6873_seed20_resnet18.pth
==> Preparing data..
==> Building model..
==> Defining training..

==> Testing..
782it [00:36, 21.44it/s]
 781 782 Loss: 1.2499 | Acc: 70.6540% (35327/50000)
============================================================================



start testing: ./checkpoint/0002_acc0.7197_seed20_resnet18.pth
==> Preparing data..
==> Building model..
==> Defining training..

==> Testing..
782it [00:36, 21.51it/s]
 781 782 Loss: 1.1883 | Acc: 71.3580% (35679/50000)
============================================================================



start testing: ./checkpoint/0001_acc0.7181_seed20_resnet18.pth
==> Preparing data..
==> Building model..
==> Defining training..

==> Testing..
782it [00:35, 22.31it/s]
 781 782 Loss: 1.1934 | Acc: 71.3180% (35659/50000)
============================================================================



start testing: ./checkpoint/0000_acc0.7021_seed20_resnet18.pth
==> Preparing data..
==> Building model..
==> Defining training..

==> Testing..
782it [00:41, 18.97it/s]
 781 782 Loss: 1.2217 | Acc: 71.0940% (35547/50000)
============================================================================



start testing: ./checkpoint/0000_acc0.7038_seed20_resnet18.pth
==> Preparing data..
==> Building model..
==> Defining training..

==> Testing..
782it [00:35, 22.17it/s]
 781 782 Loss: 1.2149 | Acc: 71.1060% (35553/50000)
============================================================================



start testing: ./checkpoint/0002_acc0.7207_seed20_resnet18.pth
==> Preparing data..
==> Building model..
==> Defining training..

==> Testing..
782it [00:35, 21.74it/s]
 781 782 Loss: 1.1915 | Acc: 71.3480% (35674/50000)
============================================================================



start testing: ./checkpoint/0002_acc0.7203_seed20_resnet18.pth
==> Preparing data..
==> Building model..
==> Defining training..

==> Testing..
782it [00:35, 22.13it/s]
 781 782 Loss: 1.1901 | Acc: 71.3840% (35692/50000)
============================================================================



start testing: ./checkpoint/0001_acc0.7162_seed20_resnet18.pth
==> Preparing data..
==> Building model..
==> Defining training..

==> Testing..
782it [00:35, 21.93it/s]
 781 782 Loss: 1.2043 | Acc: 71.1920% (35596/50000)
============================================================================



start testing: ./checkpoint/0000_acc0.7054_seed20_resnet18.pth
==> Preparing data..
==> Building model..
==> Defining training..

==> Testing..
782it [00:35, 21.80it/s]
 781 782 Loss: 1.2107 | Acc: 71.1980% (35599/50000)
============================================================================



start testing: ./checkpoint/0000_acc0.6704_seed20_resnet18.pth
==> Preparing data..
==> Building model..
==> Defining training..

==> Testing..
782it [00:37, 20.75it/s]
 781 782 Loss: 1.3043 | Acc: 69.7900% (34895/50000)
============================================================================



start testing: ./checkpoint/0002_acc0.7200_seed20_resnet18.pth
==> Preparing data..
==> Building model..
==> Defining training..

==> Testing..
782it [00:37, 21.00it/s]
 781 782 Loss: 1.1888 | Acc: 71.4780% (35739/50000)
============================================================================



start testing: ./checkpoint/0000_acc0.6952_seed20_resnet18.pth
==> Preparing data..
==> Building model..
==> Defining training..

==> Testing..
782it [00:35, 21.96it/s]
 781 782 Loss: 1.2407 | Acc: 70.5940% (35297/50000)
============================================================================



start testing: ./checkpoint/0001_acc0.7165_seed20_resnet18.pth
==> Preparing data..
==> Building model..
==> Defining training..

==> Testing..
782it [00:37, 20.85it/s]
 781 782 Loss: 1.2029 | Acc: 71.2940% (35647/50000)
============================================================================



start testing: ./checkpoint/0000_acc0.7041_seed20_resnet18.pth
==> Preparing data..
==> Building model..
==> Defining training..

==> Testing..
782it [00:35, 22.22it/s]
 781 782 Loss: 1.2108 | Acc: 71.1800% (35590/50000)
============================================================================



start testing: ./checkpoint/0001_acc0.7172_seed20_resnet18.pth
==> Preparing data..
==> Building model..
==> Defining training..

==> Testing..
782it [00:35, 22.04it/s]
 781 782 Loss: 1.2019 | Acc: 71.3040% (35652/50000)
============================================================================



start testing: ./checkpoint/0000_acc0.7024_seed20_resnet18.pth
==> Preparing data..
==> Building model..
==> Defining training..

==> Testing..
782it [00:37, 20.83it/s]
 781 782 Loss: 1.2213 | Acc: 71.0240% (35512/50000)
============================================================================



start testing: ./checkpoint/0001_acc0.7153_seed20_resnet18.pth
==> Preparing data..
==> Building model..
==> Defining training..

==> Testing..
782it [00:34, 22.47it/s]
 781 782 Loss: 1.2051 | Acc: 71.1360% (35568/50000)
============================================================================



start testing: ./checkpoint/0001_acc0.7188_seed20_resnet18.pth
==> Preparing data..
==> Building model..
==> Defining training..

==> Testing..
782it [00:36, 21.23it/s]
 781 782 Loss: 1.1896 | Acc: 71.3440% (35672/50000)
============================================================================



start testing: ./checkpoint/0000_acc0.6983_seed20_resnet18.pth
==> Preparing data..
==> Building model..
==> Defining training..

==> Testing..
782it [00:35, 21.85it/s]
 781 782 Loss: 1.2313 | Acc: 71.0460% (35523/50000)
============================================================================



start testing: ./checkpoint/0000_acc0.7040_seed20_resnet18.pth
==> Preparing data..
==> Building model..
==> Defining training..

==> Testing..
782it [00:37, 21.10it/s]
 781 782 Loss: 1.2166 | Acc: 71.0660% (35533/50000)
============================================================================



start testing: ./checkpoint/0000_acc0.6747_seed20_resnet18.pth
==> Preparing data..
==> Building model..
==> Defining training..

==> Testing..
782it [00:37, 20.97it/s]
 781 782 Loss: 1.3140 | Acc: 69.6080% (34804/50000)
============================================================================



start testing: ./checkpoint/0000_acc0.6900_seed20_resnet18.pth
==> Preparing data..
==> Building model..
==> Defining training..

==> Testing..
782it [00:35, 21.81it/s]
 781 782 Loss: 1.2434 | Acc: 70.7200% (35360/50000)
============================================================================



start testing: ./checkpoint/0002_acc0.7198_seed20_resnet18.pth
==> Preparing data..
==> Building model..
==> Defining training..

==> Testing..
782it [00:35, 22.32it/s]
 781 782 Loss: 1.1905 | Acc: 71.3720% (35686/50000)
============================================================================



start testing: ./checkpoint/0000_acc0.7027_seed20_resnet18.pth
==> Preparing data..
==> Building model..
==> Defining training..

==> Testing..
782it [00:37, 21.07it/s]
 781 782 Loss: 1.2191 | Acc: 71.1160% (35558/50000)
============================================================================



start testing: ./checkpoint/0002_acc0.7179_seed20_resnet18.pth
==> Preparing data..
==> Building model..
==> Defining training..

==> Testing..
782it [00:38, 20.57it/s]
 781 782 Loss: 1.1923 | Acc: 71.3020% (35651/50000)
============================================================================



start testing: ./checkpoint/0000_acc0.6868_seed20_resnet18.pth
==> Preparing data..
==> Building model..
==> Defining training..

==> Testing..
782it [00:33, 23.38it/s]
 781 782 Loss: 1.2568 | Acc: 70.4520% (35226/50000)
============================================================================



start testing: ./checkpoint/0000_acc0.6971_seed20_resnet18.pth
==> Preparing data..
==> Building model..
==> Defining training..

==> Testing..
782it [00:35, 21.75it/s]
 781 782 Loss: 1.2351 | Acc: 70.8560% (35428/50000)
============================================================================



start testing: ./checkpoint/0001_acc0.7176_seed20_resnet18.pth
==> Preparing data..
==> Building model..
==> Defining training..

==> Testing..
782it [00:37, 20.85it/s]
 781 782 Loss: 1.1962 | Acc: 71.3040% (35652/50000)
============================================================================



start testing: ./checkpoint/0002_acc0.7209_seed20_resnet18.pth
==> Preparing data..
==> Building model..
==> Defining training..

==> Testing..
782it [00:35, 21.90it/s]
 781 782 Loss: 1.1893 | Acc: 71.3360% (35668/50000)
============================================================================



start testing: ./checkpoint/0000_acc0.6955_seed20_resnet18.pth
==> Preparing data..
==> Building model..
==> Defining training..

==> Testing..
782it [00:35, 21.84it/s]
 781 782 Loss: 1.2383 | Acc: 70.8620% (35431/50000)
============================================================================



start testing: ./checkpoint/0001_acc0.7184_seed20_resnet18.pth
==> Preparing data..
==> Building model..
==> Defining training..

==> Testing..
782it [00:36, 21.41it/s]
 781 782 Loss: 1.1930 | Acc: 71.3060% (35653/50000)
============================================================================



start testing: ./checkpoint/0001_acc0.7192_seed20_resnet18.pth
==> Preparing data..
==> Building model..
==> Defining training..

==> Testing..
782it [00:36, 21.69it/s]
 781 782 Loss: 1.2098 | Acc: 71.0680% (35534/50000)
============================================================================



start testing: ./checkpoint/0000_acc0.7051_seed20_resnet18.pth
==> Preparing data..
==> Building model..
==> Defining training..

==> Testing..
782it [00:36, 21.23it/s]
 781 782 Loss: 1.2122 | Acc: 71.1520% (35576/50000)
============================================================================



start testing: ./checkpoint/0000_acc0.7023_seed20_resnet18.pth
==> Preparing data..
==> Building model..
==> Defining training..

==> Testing..
782it [00:37, 20.82it/s]
 781 782 Loss: 1.2172 | Acc: 71.0200% (35510/50000)
============================================================================



start testing: ./checkpoint/0000_acc0.6889_seed20_resnet18.pth
==> Preparing data..
==> Building model..
==> Defining training..

==> Testing..
782it [00:36, 21.49it/s]
 781 782 Loss: 1.2473 | Acc: 70.6580% (35329/50000)
============================================================================



start testing: ./checkpoint/0000_acc0.6998_seed20_resnet18.pth
==> Preparing data..
==> Building model..
==> Defining training..

==> Testing..
782it [00:39, 19.61it/s]
 781 782 Loss: 1.2270 | Acc: 71.0260% (35513/50000)
============================================================================



start testing: ./checkpoint/0001_acc0.7174_seed20_resnet18.pth
==> Preparing data..
==> Building model..
==> Defining training..

==> Testing..
782it [00:37, 20.65it/s]
 781 782 Loss: 1.2013 | Acc: 71.3680% (35684/50000)
============================================================================



start testing: ./checkpoint/0000_acc0.7045_seed20_resnet18.pth
==> Preparing data..
==> Building model..
==> Defining training..

==> Testing..
782it [00:34, 22.38it/s]
 781 782 Loss: 1.2152 | Acc: 71.1220% (35561/50000)
============================================================================



start testing: ./checkpoint/0000_acc0.7008_seed20_resnet18.pth
==> Preparing data..
==> Building model..
==> Defining training..

==> Testing..
782it [00:36, 21.63it/s]
 781 782 Loss: 1.2193 | Acc: 71.0480% (35524/50000)
============================================================================



start testing: ./checkpoint/0000_acc0.6825_seed20_resnet18.pth
==> Preparing data..
==> Building model..
==> Defining training..

==> Testing..
782it [00:37, 20.66it/s]
 781 782 Loss: 1.2608 | Acc: 70.3340% (35167/50000)
============================================================================



start testing: ./checkpoint/0000_acc0.7043_seed20_resnet18.pth
==> Preparing data..
==> Building model..
==> Defining training..

==> Testing..
782it [00:36, 21.60it/s]
 781 782 Loss: 1.2124 | Acc: 71.1640% (35582/50000)
============================================================================



start testing: ./checkpoint/0001_acc0.7173_seed20_resnet18.pth
==> Preparing data..
==> Building model..
==> Defining training..

==> Testing..
782it [00:35, 21.74it/s]
 781 782 Loss: 1.2016 | Acc: 71.3980% (35699/50000)
============================================================================



start testing: ./checkpoint/0001_acc0.7155_seed20_resnet18.pth
==> Preparing data..
==> Building model..
==> Defining training..

==> Testing..
782it [00:40, 19.27it/s]
 781 782 Loss: 1.2052 | Acc: 71.2100% (35605/50000)
============================================================================



start testing: ./checkpoint/0000_acc0.6964_seed20_resnet18.pth
==> Preparing data..
==> Building model..
==> Defining training..

==> Testing..
782it [00:35, 21.93it/s]
 781 782 Loss: 1.2354 | Acc: 70.8820% (35441/50000)
============================================================================



start testing: ./checkpoint/0000_acc0.7031_seed20_resnet18.pth
==> Preparing data..
==> Building model..
==> Defining training..

==> Testing..
782it [00:36, 21.21it/s]
 781 782 Loss: 1.2177 | Acc: 71.1160% (35558/50000)
============================================================================



start testing: ./checkpoint/0001_acc0.7134_seed20_resnet18.pth
==> Preparing data..
==> Building model..
==> Defining training..

==> Testing..
782it [00:34, 22.91it/s]
 781 782 Loss: 1.1927 | Acc: 71.3360% (35668/50000)
============================================================================



start testing: ./checkpoint/0000_acc0.6980_seed20_resnet18.pth
==> Preparing data..
==> Building model..
==> Defining training..

==> Testing..
782it [00:35, 22.13it/s]
 781 782 Loss: 1.2302 | Acc: 70.8700% (35435/50000)
============================================================================



start testing: ./checkpoint/0002_acc0.7196_seed20_resnet18.pth
==> Preparing data..
==> Building model..
==> Defining training..

==> Testing..
782it [00:35, 21.98it/s]
 781 782 Loss: 1.1900 | Acc: 71.3720% (35686/50000)
============================================================================



start testing: ./checkpoint/0000_acc0.7010_seed20_resnet18.pth
==> Preparing data..
==> Building model..
==> Defining training..

==> Testing..
782it [00:34, 22.45it/s]
 781 782 Loss: 1.2187 | Acc: 71.0860% (35543/50000)
============================================================================



start testing: ./checkpoint/0001_acc0.7178_seed20_resnet18.pth
==> Preparing data..
==> Building model..
==> Defining training..

==> Testing..
782it [00:37, 20.83it/s]
 781 782 Loss: 1.1983 | Acc: 71.1980% (35599/50000)
============================================================================



start testing: ./checkpoint/0001_acc0.7150_seed20_resnet18.pth
==> Preparing data..
==> Building model..
==> Defining training..

==> Testing..
782it [00:35, 21.96it/s]
 781 782 Loss: 1.2072 | Acc: 71.2180% (35609/50000)
============================================================================



start testing: ./checkpoint/0000_acc0.7057_seed20_resnet18.pth
==> Preparing data..
==> Building model..
==> Defining training..

==> Testing..
782it [00:36, 21.66it/s]
 781 782 Loss: 1.2078 | Acc: 71.2320% (35616/50000)
============================================================================



start testing: ./checkpoint/0000_acc0.6813_seed20_resnet18.pth
==> Preparing data..
==> Building model..
==> Defining training..

==> Testing..
782it [00:34, 22.77it/s]
 781 782 Loss: 1.2785 | Acc: 70.1540% (35077/50000)
============================================================================



start testing: ./checkpoint/0000_acc0.6995_seed20_resnet18.pth
==> Preparing data..
==> Building model..
==> Defining training..

==> Testing..
782it [00:37, 20.67it/s]
 781 782 Loss: 1.2267 | Acc: 70.9660% (35483/50000)
============================================================================



start testing: ./checkpoint/0000_acc0.7019_seed20_resnet18.pth
==> Preparing data..
==> Building model..
==> Defining training..

==> Testing..
782it [00:35, 21.84it/s]
 781 782 Loss: 1.2204 | Acc: 70.9840% (35492/50000)
============================================================================



start testing: ./checkpoint/0000_acc0.7047_seed20_resnet18.pth
==> Preparing data..
==> Building model..
==> Defining training..

==> Testing..
782it [00:38, 20.09it/s]
 781 782 Loss: 1.2095 | Acc: 71.1540% (35577/50000)
============================================================================



start testing: ./checkpoint/0000_acc0.6796_seed20_resnet18.pth
==> Preparing data..
==> Building model..
==> Defining training..

==> Testing..
782it [00:35, 21.85it/s]
 781 782 Loss: 1.2763 | Acc: 70.1200% (35060/50000)
============================================================================



start testing: ./checkpoint/0002_acc0.7206_seed20_resnet18.pth
==> Preparing data..
==> Building model..
==> Defining training..

==> Testing..
782it [00:35, 21.81it/s]
 781 782 Loss: 1.1838 | Acc: 71.4000% (35700/50000)
============================================================================



start testing: ./checkpoint/0000_acc0.6832_seed20_resnet18.pth
==> Preparing data..
==> Building model..
==> Defining training..

==> Testing..
782it [00:35, 21.78it/s]
 781 782 Loss: 1.2590 | Acc: 70.3180% (35159/50000)
============================================================================



start testing: ./checkpoint/0000_acc0.7052_seed20_resnet18.pth
==> Preparing data..
==> Building model..
==> Defining training..

==> Testing..
782it [00:36, 21.42it/s]
 781 782 Loss: 1.2107 | Acc: 71.1240% (35562/50000)
============================================================================



start testing: ./checkpoint/0000_acc0.7056_seed20_resnet18.pth
==> Preparing data..
==> Building model..
==> Defining training..

==> Testing..
782it [00:39, 19.97it/s]
 781 782 Loss: 1.2089 | Acc: 71.1580% (35579/50000)
============================================================================



start testing: ./checkpoint/0002_acc0.7344_seed20_resnet18.pth
==> Preparing data..
==> Building model..
==> Defining training..

==> Testing..
782it [00:35, 21.85it/s]
 781 782 Loss: 1.1915 | Acc: 71.3380% (35669/50000)
============================================================================



start testing: ./checkpoint/0000_acc0.5938_seed20_resnet18.pth
==> Preparing data..
==> Building model..
==> Defining training..

==> Testing..
782it [00:36, 21.33it/s]
 781 782 Loss: 1.3066 | Acc: 69.4060% (34703/50000)
============================================================================



start testing: ./checkpoint/0001_acc0.7186_seed20_resnet18.pth
==> Preparing data..
==> Building model..
==> Defining training..

==> Testing..
782it [00:35, 21.82it/s]
 781 782 Loss: 1.1936 | Acc: 71.2700% (35635/50000)
============================================================================



start testing: ./checkpoint/0002_acc0.7195_seed20_resnet18.pth
==> Preparing data..
==> Building model..
==> Defining training..

==> Testing..
782it [00:36, 21.25it/s]
 781 782 Loss: 1.1929 | Acc: 71.3680% (35684/50000)
============================================================================



start testing: ./checkpoint/0000_acc0.7033_seed20_resnet18.pth
==> Preparing data..
==> Building model..
==> Defining training..

==> Testing..
782it [00:36, 21.52it/s]
 781 782 Loss: 1.2137 | Acc: 71.0400% (35520/50000)
============================================================================



start testing: ./checkpoint/0000_acc0.7014_seed20_resnet18.pth
==> Preparing data..
==> Building model..
==> Defining training..

==> Testing..
782it [00:36, 21.37it/s]
 781 782 Loss: 1.2202 | Acc: 70.9660% (35483/50000)
============================================================================



start testing: ./checkpoint/0001_acc0.7169_seed20_resnet18.pth
==> Preparing data..
==> Building model..
==> Defining training..

==> Testing..
782it [00:35, 21.86it/s]
 781 782 Loss: 1.2041 | Acc: 71.1920% (35596/50000)
============================================================================



start testing: ./checkpoint/0000_acc0.6885_seed20_resnet18.pth
==> Preparing data..
==> Building model..
==> Defining training..

==> Testing..
782it [00:36, 21.50it/s]
 781 782 Loss: 1.2473 | Acc: 70.6500% (35325/50000)
============================================================================



start testing: ./checkpoint/0000_acc0.7035_seed20_resnet18.pth
==> Preparing data..
==> Building model..
==> Defining training..

==> Testing..
782it [00:37, 20.64it/s]
 781 782 Loss: 1.2127 | Acc: 71.1660% (35583/50000)
============================================================================



start testing: ./checkpoint/0000_acc0.7003_seed20_resnet18.pth
==> Preparing data..
==> Building model..
==> Defining training..

==> Testing..
782it [00:36, 21.71it/s]
 781 782 Loss: 1.2215 | Acc: 71.0640% (35532/50000)
============================================================================



start testing: ./checkpoint/0001_acc0.7152_seed20_resnet18.pth
==> Preparing data..
==> Building model..
==> Defining training..

==> Testing..
782it [00:35, 21.97it/s]
 781 782 Loss: 1.2067 | Acc: 71.1280% (35564/50000)
============================================================================



start testing: ./checkpoint/0000_acc0.6918_seed20_resnet18.pth
==> Preparing data..
==> Building model..
==> Defining training..

==> Testing..
782it [00:37, 20.61it/s]
 781 782 Loss: 1.2438 | Acc: 70.7700% (35385/50000)
============================================================================



start testing: ./checkpoint/0002_acc0.7178_seed20_resnet18.pth
==> Preparing data..
==> Building model..
==> Defining training..

==> Testing..
782it [00:36, 21.69it/s]
 781 782 Loss: 1.1929 | Acc: 71.3700% (35685/50000)
============================================================================



start testing: ./checkpoint/0001_acc0.7157_seed20_resnet18.pth
==> Preparing data..
==> Building model..
==> Defining training..

==> Testing..
782it [00:36, 21.47it/s]
 781 782 Loss: 1.2066 | Acc: 71.0600% (35530/50000)
============================================================================



start testing: ./checkpoint/0001_acc0.7187_seed20_resnet18.pth
==> Preparing data..
==> Building model..
==> Defining training..

==> Testing..
782it [00:38, 20.41it/s]
 781 782 Loss: 1.1942 | Acc: 71.3720% (35686/50000)
============================================================================



start testing: ./checkpoint/0001_acc0.7167_seed20_resnet18.pth
==> Preparing data..
==> Building model..
==> Defining training..

==> Testing..
782it [00:37, 20.59it/s]
 781 782 Loss: 1.2032 | Acc: 71.2040% (35602/50000)
============================================================================



start testing: ./checkpoint/0000_acc0.6911_seed20_resnet18.pth
==> Preparing data..
==> Building model..
==> Defining training..

==> Testing..
782it [00:35, 22.29it/s]
 781 782 Loss: 1.2469 | Acc: 70.7700% (35385/50000)
============================================================================



start testing: ./checkpoint/0002_acc0.7205_seed20_resnet18.pth
==> Preparing data..
==> Building model..
==> Defining training..

==> Testing..
782it [00:37, 20.86it/s]
 781 782 Loss: 1.1900 | Acc: 71.3980% (35699/50000)
============================================================================



start testing: ./checkpoint/0000_acc0.6855_seed20_resnet18.pth
==> Preparing data..
==> Building model..
==> Defining training..

==> Testing..
782it [00:35, 21.74it/s]
 781 782 Loss: 1.2651 | Acc: 70.2300% (35115/50000)
============================================================================



start testing: ./checkpoint/0002_acc0.7134_seed20_resnet18.pth
==> Preparing data..
==> Building model..
==> Defining training..

==> Testing..
782it [00:35, 21.75it/s]
 781 782 Loss: 1.1881 | Acc: 71.3440% (35672/50000)
============================================================================



start testing: ./checkpoint/0001_acc0.7177_seed20_resnet18.pth
==> Preparing data..
==> Building model..
==> Defining training..

==> Testing..
782it [00:32, 24.18it/s]
 781 782 Loss: 1.1956 | Acc: 71.3600% (35680/50000)
============================================================================



start testing: ./checkpoint/0000_acc0.6968_seed20_resnet18.pth
==> Preparing data..
==> Building model..
==> Defining training..

==> Testing..
782it [00:37, 20.77it/s]
 781 782 Loss: 1.2377 | Acc: 70.8660% (35433/50000)
============================================================================



start testing: ./checkpoint/0000_acc0.6958_seed20_resnet18.pth
==> Preparing data..
==> Building model..
==> Defining training..

==> Testing..
782it [00:39, 19.59it/s]
 781 782 Loss: 1.2365 | Acc: 70.8660% (35433/50000)
============================================================================



start testing: ./checkpoint/0001_acc0.7179_seed20_resnet18.pth
==> Preparing data..
==> Building model..
==> Defining training..

==> Testing..
782it [00:35, 21.86it/s]
 781 782 Loss: 1.1977 | Acc: 71.1500% (35575/50000)
============================================================================



start testing: ./checkpoint/0000_acc0.6993_seed20_resnet18.pth
==> Preparing data..
==> Building model..
==> Defining training..

==> Testing..
782it [00:34, 22.40it/s]
 781 782 Loss: 1.2303 | Acc: 71.0000% (35500/50000)
============================================================================



start testing: ./checkpoint/0000_acc0.6986_seed20_resnet18.pth
==> Preparing data..
==> Building model..
==> Defining training..

==> Testing..
782it [00:35, 21.74it/s]
 781 782 Loss: 1.2303 | Acc: 70.8780% (35439/50000)
============================================================================



start testing: ./checkpoint/0000_acc0.6977_seed20_resnet18.pth
==> Preparing data..
==> Building model..
==> Defining training..

==> Testing..
782it [00:36, 21.38it/s]
 781 782 Loss: 1.2321 | Acc: 70.8580% (35429/50000)
============================================================================



start testing: ./checkpoint/0001_acc0.6719_seed20_resnet18.pth
==> Preparing data..
==> Building model..
==> Defining training..

==> Testing..
782it [00:37, 20.93it/s]
 781 782 Loss: 1.2114 | Acc: 71.2240% (35612/50000)
============================================================================



start testing: ./checkpoint/0000_acc0.7049_seed20_resnet18.pth
==> Preparing data..
==> Building model..
==> Defining training..

==> Testing..
782it [00:36, 21.65it/s]
 781 782 Loss: 1.2126 | Acc: 71.1200% (35560/50000)
============================================================================



start testing: ./checkpoint/0000_acc0.6929_seed20_resnet18.pth
==> Preparing data..
==> Building model..
==> Defining training..

==> Testing..
782it [00:34, 22.48it/s]
 781 782 Loss: 1.2464 | Acc: 70.6240% (35312/50000)
============================================================================



start testing: ./checkpoint/0002_acc0.7201_seed20_resnet18.pth
==> Preparing data..
==> Building model..
==> Defining training..

==> Testing..
782it [00:37, 21.09it/s]
 781 782 Loss: 1.1903 | Acc: 71.3080% (35654/50000)
============================================================================



start testing: ./checkpoint/0000_acc0.7119_seed20_resnet18.pth
==> Preparing data..
==> Building model..
==> Defining training..

==> Testing..
782it [00:37, 21.03it/s]
 781 782 Loss: 1.2099 | Acc: 71.1860% (35593/50000)
============================================================================



start testing: ./checkpoint/0001_acc0.7168_seed20_resnet18.pth
==> Preparing data..
==> Building model..
==> Defining training..

==> Testing..
782it [00:33, 23.19it/s]
 781 782 Loss: 1.2024 | Acc: 71.2720% (35636/50000)
============================================================================



start testing: ./checkpoint/0000_acc0.6922_seed20_resnet18.pth
==> Preparing data..
==> Building model..
==> Defining training..

==> Testing..
782it [00:36, 21.47it/s]
 781 782 Loss: 1.2470 | Acc: 70.5520% (35276/50000)
============================================================================



start testing: ./checkpoint/0000_acc0.6992_seed20_resnet18.pth
==> Preparing data..
==> Building model..
==> Defining training..

==> Testing..
782it [00:33, 23.02it/s]
 781 782 Loss: 1.2284 | Acc: 70.9620% (35481/50000)
============================================================================



start testing: ./checkpoint/0000_acc0.6975_seed20_resnet18.pth
==> Preparing data..
==> Building model..
==> Defining training..

==> Testing..
782it [00:35, 21.80it/s]
 781 782 Loss: 1.2322 | Acc: 70.8040% (35402/50000)
============================================================================



start testing: ./checkpoint/0001_acc0.7185_seed20_resnet18.pth
==> Preparing data..
==> Building model..
==> Defining training..

==> Testing..
782it [00:34, 22.99it/s]
 781 782 Loss: 1.1956 | Acc: 71.3700% (35685/50000)
============================================================================



start testing: ./checkpoint/0000_acc0.7000_seed20_resnet18.pth
==> Preparing data..
==> Building model..
==> Defining training..

==> Testing..
782it [00:35, 22.16it/s]
 781 782 Loss: 1.2243 | Acc: 71.0320% (35516/50000)
============================================================================



start testing: ./checkpoint/0000_acc0.6941_seed20_resnet18.pth
==> Preparing data..
==> Building model..
==> Defining training..

==> Testing..
782it [00:35, 22.07it/s]
 781 782 Loss: 1.2413 | Acc: 70.7100% (35355/50000)
============================================================================



start testing: ./checkpoint/0000_acc0.6935_seed20_resnet18.pth
==> Preparing data..
==> Building model..
==> Defining training..

==> Testing..
782it [00:36, 21.38it/s]
 781 782 Loss: 1.2421 | Acc: 70.6500% (35325/50000)
============================================================================



start testing: ./checkpoint/0001_acc0.7180_seed20_resnet18.pth
==> Preparing data..
==> Building model..
==> Defining training..

==> Testing..
782it [00:33, 23.16it/s]
 781 782 Loss: 1.1949 | Acc: 71.2740% (35637/50000)
============================================================================



start testing: ./checkpoint/0000_acc0.6841_seed20_resnet18.pth
==> Preparing data..
==> Building model..
==> Defining training..

==> Testing..
782it [00:21, 36.48it/s]
 781 782 Loss: 1.2593 | Acc: 70.4000% (35200/50000)
============================================================================



start testing: ./checkpoint/0002_acc0.7199_seed20_resnet18.pth
==> Preparing data..
==> Building model..
==> Defining training..

==> Testing..
782it [00:29, 26.53it/s]
 781 782 Loss: 1.1913 | Acc: 71.4120% (35706/50000)
============================================================================



start testing: ./checkpoint/0000_acc0.6989_seed20_resnet18.pth
==> Preparing data..
==> Building model..
==> Defining training..

==> Testing..
782it [00:33, 23.69it/s]
 781 782 Loss: 1.2264 | Acc: 70.9400% (35470/50000)
============================================================================



start testing: ./checkpoint/0000_acc0.7017_seed20_resnet18.pth
==> Preparing data..
==> Building model..
==> Defining training..

==> Testing..
782it [00:33, 23.01it/s]
 781 782 Loss: 1.2190 | Acc: 71.0400% (35520/50000)
============================================================================



start testing: ./checkpoint/0002_acc0.7204_seed20_resnet18.pth
==> Preparing data..
==> Building model..
==> Defining training..

==> Testing..
782it [00:33, 23.29it/s]
 781 782 Loss: 1.1906 | Acc: 71.3680% (35684/50000)
============================================================================



start testing: ./checkpoint/0000_acc0.7029_seed20_resnet18.pth
==> Preparing data..
==> Building model..
==> Defining training..

==> Testing..
782it [00:35, 21.91it/s]
 781 782 Loss: 1.2166 | Acc: 71.0760% (35538/50000)
============================================================================



start testing: ./checkpoint/0002_acc0.7208_seed20_resnet18.pth
==> Preparing data..
==> Building model..
==> Defining training..

==> Testing..
782it [00:35, 21.88it/s]
 781 782 Loss: 1.1906 | Acc: 71.2540% (35627/50000)
============================================================================
