==> Preparing data..
==> Preparing data..
==> Preparing data..
Dataset length: 400
Dataset length: 400
input shape: torch.Size([784, 8192])
sequence length: 784
==> Building model..
input shape: torch.Size([784, 8192])
sequence length: 784
==> Building model..
Dataset length: 400
input shape: torch.Size([784, 8192])
sequence length: 784
==> Building model..
==> Building optimizer..
==> Building optimizer..
==> Building optimizer..
==> Defining training..
==> start training..
==> Defining training..
==> start training..
==> Defining training..
==> start training..

==> Generating..
Generated_norm: 177.9793243408203
start training optim_class:9
==> Preparing data..
==> Building model..

==> Testing..
40it [00:05,  7.37it/s]
 39 40 Loss: 4335.7982 | Acc: 23.9000% (2390/10000)


==> Generating..
Generated_norm: 8.795575141906738
start training optim_class:2
==> Preparing data..
==> Building model..
==> Defining training..

==> Testing..
40it [00:05,  7.66it/s]
 39 40 Loss: 0.4774 | Acc: 83.3600% (8336/10000)


==> Generating..
Generated_norm: 6.861698627471924
start training optim_class:2
==> Preparing data..
==> Building model..
==> Defining training..

==> Testing..
40it [00:04,  8.38it/s]
 39 40 Loss: 0.4325 | Acc: 90.0000% (9000/10000)


==> Generating..
Generated_norm: 5.6901631355285645
start training optim_class:7
==> Preparing data..
==> Building model..
==> Defining training..

==> Testing..
40it [00:05,  7.48it/s]
 39 40 Loss: 0.4540 | Acc: 76.5500% (7655/10000)


==> Generating..
Generated_norm: 4.88437032699585
start training optim_class:0
==> Preparing data..
==> Building model..
==> Defining training..

==> Testing..
40it [00:04,  9.65it/s]
 39 40 Loss: 0.2136 | Acc: 91.4500% (9145/10000)


==> Generating..
Generated_norm: 4.757746696472168
start training optim_class:8
==> Preparing data..
==> Building model..
==> Defining training..

==> Testing..
40it [00:05,  7.65it/s]
 39 40 Loss: 0.4488 | Acc: 83.2400% (8324/10000)


==> Generating..
Generated_norm: 4.542409896850586
start training optim_class:5
==> Preparing data..
==> Building model..
==> Defining training..

==> Testing..
40it [00:05,  7.53it/s]
 39 40 Loss: 0.5430 | Acc: 79.1700% (7917/10000)


==> Generating..
Generated_norm: 4.51338005065918
start training optim_class:6
==> Preparing data..
==> Building model..
==> Defining training..

==> Testing..
40it [00:05,  7.27it/s]
 39 40 Loss: 0.0885 | Acc: 96.8300% (9683/10000)


==> Generating..
Generated_norm: 4.436068534851074
start training optim_class:0
==> Preparing data..
==> Building model..
==> Defining training..

==> Testing..
40it [00:04,  8.16it/s]
 39 40 Loss: 0.0878 | Acc: 96.4200% (9642/10000)


==> Generating..
Generated_norm: 4.217082977294922
start training optim_class:6
==> Preparing data..
==> Building model..
==> Defining training..

==> Testing..
40it [00:04,  8.38it/s]
 39 40 Loss: 0.1210 | Acc: 95.8600% (9586/10000)


==> Generating..
Generated_norm: 4.336251735687256
start training optim_class:7
==> Preparing data..
==> Building model..
==> Defining training..

==> Testing..
40it [00:05,  7.84it/s]
 39 40 Loss: 0.0466 | Acc: 98.4800% (9848/10000)


==> Generating..
Generated_norm: 4.434786319732666
start training optim_class:0
==> Preparing data..
==> Building model..
==> Defining training..

==> Testing..
40it [00:05,  7.57it/s]
 39 40 Loss: 0.0637 | Acc: 97.9600% (9796/10000)


==> Generating..
Generated_norm: 4.478285312652588
start training optim_class:9
==> Preparing data..
==> Building model..
==> Defining training..

==> Testing..
40it [00:05,  7.28it/s]
 39 40 Loss: 0.0520 | Acc: 98.1700% (9817/10000)


==> Generating..
Generated_norm: 4.7181315422058105
start training optim_class:9
==> Preparing data..
==> Building model..
==> Defining training..

==> Testing..
40it [00:05,  7.94it/s]
 39 40 Loss: 0.0512 | Acc: 98.2900% (9829/10000)


==> Generating..
Generated_norm: 4.529850959777832
start training optim_class:4
==> Preparing data..
==> Building model..
==> Defining training..

==> Testing..
40it [00:04,  8.11it/s]
 39 40 Loss: 0.0773 | Acc: 97.2100% (9721/10000)


==> Generating..
Generated_norm: 2.9016082286834717
start training optim_class:6
==> Preparing data..
==> Building model..
==> Defining training..

==> Testing..
40it [00:05,  7.36it/s]
 39 40 Loss: 1.5047 | Acc: 10.0000% (1000/10000)


==> Generating..
Generated_norm: 4.597358226776123
start training optim_class:6
==> Preparing data..
==> Building model..
==> Defining training..

==> Testing..
40it [00:04,  8.31it/s]
 39 40 Loss: 0.1201 | Acc: 95.8700% (9587/10000)


==> Generating..
Generated_norm: 4.689896583557129
start training optim_class:8
==> Preparing data..
==> Building model..
==> Defining training..

==> Testing..
40it [00:05,  7.61it/s]
 39 40 Loss: 0.0788 | Acc: 96.5700% (9657/10000)


==> Generating..
Generated_norm: 4.574576377868652
start training optim_class:3
==> Preparing data..
==> Building model..
==> Defining training..

==> Testing..
40it [00:05,  7.09it/s]
 39 40 Loss: 0.0940 | Acc: 96.0800% (9608/10000)


==> Generating..
Generated_norm: 4.503719806671143
start training optim_class:7
==> Preparing data..
==> Building model..
==> Defining training..

==> Testing..
40it [00:04,  8.26it/s]
 39 40 Loss: 0.0409 | Acc: 98.6700% (9867/10000)


==> Generating..
Generated_norm: 4.647756576538086
start training optim_class:3
==> Preparing data..
==> Building model..
==> Defining training..

==> Testing..
40it [00:05,  7.85it/s]
 39 40 Loss: 0.0847 | Acc: 96.6600% (9666/10000)


==> Generating..
Generated_norm: 2.5506539344787598
start training optim_class:1
==> Preparing data..
==> Building model..
==> Defining training..

==> Testing..
40it [00:04,  8.53it/s]
 39 40 Loss: 13.6262 | Acc: 10.0000% (1000/10000)


==> Generating..
Generated_norm: 4.579638481140137
start training optim_class:6
==> Preparing data..
==> Building model..
==> Defining training..

==> Testing..
40it [00:05,  7.26it/s]
 39 40 Loss: 0.0483 | Acc: 98.5800% (9858/10000)


==> Generating..
Generated_norm: 3.2531940937042236
start training optim_class:1
==> Preparing data..
==> Building model..
==> Defining training..

==> Testing..
40it [00:04,  8.24it/s]
 39 40 Loss: 13.2076 | Acc: 10.0000% (1000/10000)


==> Generating..
Generated_norm: 4.700202465057373
start training optim_class:3
==> Preparing data..
==> Building model..
==> Defining training..

==> Testing..
40it [00:04,  8.60it/s]
 39 40 Loss: 0.0821 | Acc: 96.7500% (9675/10000)

Finished Training!
Finished Training!

==> Generating..
Generated_norm: 4.675835609436035
start training optim_class:4
==> Preparing data..
==> Building model..
==> Defining training..

==> Testing..
40it [00:05,  7.80it/s]
 39 40 Loss: 0.0512 | Acc: 98.3100% (9831/10000)

Finished Training!