(arpgen) wangkai@5a21df081e09:~/arpgen/AR-Param-Generation/workspace/ablation/preprocess$ sh mixlayers_8192.sh
==> Preparing data..
Dataset length: 116
input shape: torch.Size([698, 8192])
sequence length: 698
==> Building model..
==> Building optimizer..
==> Defining training..
==> start training..

==> Generating..
Generated_norm: 176.35597229003906
last_padding 600
==> Preparing data..
==> Building model..
==> Defining training..

==> Testing..
782it [00:39, 20.01it/s]
 781 782 Loss: 110297.0067 | Acc: 0.0900% (45/50000)


==> Generating..
Generated_norm: 0.7957662343978882
last_padding 600
==> Preparing data..
==> Building model..
==> Defining training..

==> Testing..
782it [00:43, 17.90it/s]
 781 782 Loss: 1.0272 | Acc: 73.5120% (36756/50000)


==> Generating..
Generated_norm: 0.7825769782066345
last_padding 600
==> Preparing data..
==> Building model..
==> Defining training..

==> Testing..
782it [00:36, 21.63it/s]
 781 782 Loss: 7.2930 | Acc: 0.1240% (62/50000)


==> Generating..
Generated_norm: 0.7828808426856995
last_padding 600
==> Preparing data..
==> Building model..
==> Defining training..

==> Testing..
782it [00:37, 20.97it/s]
 781 782 Loss: 7.5813 | Acc: 0.1000% (50/50000)


==> Generating..
Generated_norm: 0.7841910719871521
last_padding 600
==> Preparing data..
==> Building model..
==> Defining training..

==> Testing..
782it [00:38, 20.48it/s]
 781 782 Loss: 7.2237 | Acc: 0.1100% (55/50000)


==> Generating..
Generated_norm: 0.787743866443634
last_padding 600
==> Preparing data..
==> Building model..
==> Defining training..

==> Testing..
782it [00:40, 19.19it/s]
 781 782 Loss: 10.6785 | Acc: 0.1000% (50/50000)


==> Generating..
Generated_norm: 0.7753503322601318
last_padding 600
==> Preparing data..
==> Building model..
==> Defining training..

==> Testing..
782it [00:37, 20.63it/s]
 781 782 Loss: 9.6123 | Acc: 0.0540% (27/50000)


==> Generating..
Generated_norm: 0.7810080051422119
last_padding 600
==> Preparing data..
==> Building model..
==> Defining training..

==> Testing..
782it [00:30, 25.93it/s]
 781 782 Loss: 10.9444 | Acc: 0.0980% (49/50000)


==> Generating..
Generated_norm: 0.7766026258468628
last_padding 600
==> Preparing data..
==> Building model..
==> Defining training..

==> Testing..
782it [00:33, 23.50it/s]
 781 782 Loss: 8.6509 | Acc: 0.0860% (43/50000)


==> Generating..
Generated_norm: 0.7877452969551086
last_padding 600
==> Preparing data..
==> Building model..
==> Defining training..

==> Testing..
782it [00:29, 26.68it/s]
 781 782 Loss: 15.3254 | Acc: 0.1040% (52/50000)


==> Generating..
Generated_norm: 0.7865403294563293
last_padding 600
==> Preparing data..
==> Building model..
==> Defining training..

==> Testing..
782it [00:39, 20.03it/s]
 781 782 Loss: 11.7492 | Acc: 0.0960% (48/50000)


==> Generating..
Generated_norm: 0.779110848903656
last_padding 600
==> Preparing data..
==> Building model..
==> Defining training..

==> Testing..
782it [00:31, 24.61it/s]
 781 782 Loss: 10.1467 | Acc: 0.1040% (52/50000)


==> Generating..
Generated_norm: 0.7899549603462219
last_padding 600
==> Preparing data..
==> Building model..
==> Defining training..

==> Testing..
782it [00:35, 21.96it/s]
 781 782 Loss: 25.9812 | Acc: 0.1320% (66/50000)


==> Generating..
Generated_norm: 0.7897791266441345
last_padding 600
==> Preparing data..
==> Building model..
==> Defining training..

==> Testing..
782it [00:34, 22.66it/s]
 781 782 Loss: 10.1719 | Acc: 0.1000% (50/50000)


==> Generating..
Generated_norm: 0.7841344475746155
last_padding 600
==> Preparing data..
==> Building model..
==> Defining training..

==> Testing..
782it [00:38, 20.17it/s]
 781 782 Loss: 14.1298 | Acc: 0.0760% (38/50000)


==> Generating..
Generated_norm: 0.7970523834228516
last_padding 600
==> Preparing data..
==> Building model..
==> Defining training..

==> Testing..
782it [00:38, 20.56it/s]
 781 782 Loss: 20.5480 | Acc: 0.1000% (50/50000)


==> Generating..
Generated_norm: 0.7890103459358215
last_padding 600
==> Preparing data..
==> Building model..
==> Defining training..

==> Testing..
782it [00:38, 20.24it/s]
 781 782 Loss: 11.8568 | Acc: 0.1000% (50/50000)


==> Generating..
Generated_norm: 0.7876754999160767
last_padding 600
==> Preparing data..
==> Building model..
==> Defining training..

==> Testing..
782it [00:37, 20.68it/s]
 781 782 Loss: 22.4216 | Acc: 0.1000% (50/50000)


==> Generating..
Generated_norm: 0.7920891046524048
last_padding 600
==> Preparing data..
==> Building model..
==> Defining training..

==> Testing..
782it [00:38, 20.07it/s]
 781 782 Loss: 9.8648 | Acc: 0.1000% (50/50000)


==> Generating..
Generated_norm: 0.7933515310287476
last_padding 600
==> Preparing data..
==> Building model..
==> Defining training..

==> Testing..
782it [00:39, 19.67it/s]
 781 782 Loss: 12.8492 | Acc: 0.0960% (48/50000)


==> Generating..
Generated_norm: 0.7939927577972412
last_padding 600
==> Preparing data..
==> Building model..
==> Defining training..

==> Testing..
782it [00:37, 20.75it/s]
 781 782 Loss: 20.4484 | Acc: 0.1000% (50/50000)


==> Generating..
Generated_norm: 0.7935636639595032
last_padding 600
==> Preparing data..
==> Building model..
==> Defining training..

==> Testing..
782it [00:29, 26.68it/s]
 781 782 Loss: 11.8696 | Acc: 0.1740% (87/50000)


==> Generating..
Generated_norm: 0.7920446991920471
last_padding 600
==> Preparing data..
==> Building model..
==> Defining training..

==> Testing..
782it [00:33, 23.47it/s]
 781 782 Loss: 10.6098 | Acc: 0.1000% (50/50000)


==> Generating..
Generated_norm: 0.792138397693634
last_padding 600
==> Preparing data..
==> Building model..
==> Defining training..

==> Testing..
782it [00:31, 24.66it/s]
 781 782 Loss: 10.2526 | Acc: 0.1160% (58/50000)


==> Generating..
Generated_norm: 0.7906371355056763
last_padding 600
==> Preparing data..
==> Building model..
==> Defining training..

==> Testing..
782it [00:32, 23.74it/s]
 781 782 Loss: 21.2005 | Acc: 0.1000% (50/50000)


==> Generating..
Generated_norm: 0.7897019386291504
last_padding 600
==> Preparing data..
==> Building model..
==> Defining training..

==> Testing..
782it [00:33, 23.15it/s]
 781 782 Loss: 11.9186 | Acc: 0.1060% (53/50000)
