start testing: ./checkpoint/0117.pth
==> Preparing data..
Files already downloaded and verified
Files already downloaded and verified
==> Building model..
==> Defining training..

==> Testing..
 9 10 Loss: 0.351 | Acc: 93.970% (9397/10000)
============================================================================



start testing: ./checkpoint/0118.pth
==> Preparing data..
Files already downloaded and verified
Files already downloaded and verified
==> Building model..
==> Defining training..

==> Testing..
 9 10 Loss: 0.343 | Acc: 93.920% (9392/10000)
============================================================================



start testing: ./checkpoint/0142.pth
==> Preparing data..
Files already downloaded and verified
Files already downloaded and verified
==> Building model..
==> Defining training..

==> Testing..
 9 10 Loss: 0.347 | Acc: 93.900% (9390/10000)
============================================================================



start testing: ./checkpoint/0136.pth
==> Preparing data..
Files already downloaded and verified
Files already downloaded and verified
==> Building model..
==> Defining training..

==> Testing..
 9 10 Loss: 0.351 | Acc: 93.960% (9396/10000)
============================================================================



start testing: ./checkpoint/0149.pth
==> Preparing data..
Files already downloaded and verified
Files already downloaded and verified
==> Building model..
==> Defining training..

==> Testing..
 9 10 Loss: 0.345 | Acc: 94.020% (9402/10000)
============================================================================



start testing: ./checkpoint/0120.pth
==> Preparing data..
Files already downloaded and verified
Files already downloaded and verified
==> Building model..
==> Defining training..

==> Testing..
 9 10 Loss: 0.351 | Acc: 93.960% (9396/10000)
============================================================================



start testing: ./checkpoint/0132.pth
==> Preparing data..
Files already downloaded and verified
Files already downloaded and verified
==> Building model..
==> Defining training..

==> Testing..
 9 10 Loss: 0.348 | Acc: 94.140% (9414/10000)
============================================================================



start testing: ./checkpoint/0147.pth
==> Preparing data..
Files already downloaded and verified
Files already downloaded and verified
==> Building model..
==> Defining training..

==> Testing..
 9 10 Loss: 0.347 | Acc: 94.010% (9401/10000)
============================================================================



start testing: ./checkpoint/0140.pth
==> Preparing data..
Files already downloaded and verified
Files already downloaded and verified
==> Building model..
==> Defining training..

==> Testing..
 9 10 Loss: 0.348 | Acc: 94.000% (9400/10000)
============================================================================



start testing: ./checkpoint/0121.pth
==> Preparing data..
Files already downloaded and verified
Files already downloaded and verified
==> Building model..
==> Defining training..

==> Testing..
 9 10 Loss: 0.351 | Acc: 94.060% (9406/10000)
============================================================================



start testing: ./checkpoint/0113.pth
==> Preparing data..
Files already downloaded and verified
Files already downloaded and verified
==> Building model..
==> Defining training..

==> Testing..
 9 10 Loss: 0.359 | Acc: 93.670% (9367/10000)
============================================================================



start testing: ./checkpoint/0148.pth
==> Preparing data..
Files already downloaded and verified
Files already downloaded and verified
==> Building model..
==> Defining training..

==> Testing..
 9 10 Loss: 0.345 | Acc: 93.980% (9398/10000)
============================================================================



start testing: ./checkpoint/0129.pth
==> Preparing data..
Files already downloaded and verified
Files already downloaded and verified
==> Building model..
==> Defining training..

==> Testing..
 9 10 Loss: 0.349 | Acc: 94.000% (9400/10000)
============================================================================



start testing: ./checkpoint/0127.pth
==> Preparing data..
Files already downloaded and verified
Files already downloaded and verified
==> Building model..
==> Defining training..

==> Testing..
 9 10 Loss: 0.346 | Acc: 94.010% (9401/10000)
============================================================================



start testing: ./checkpoint/0138.pth
==> Preparing data..
Files already downloaded and verified
Files already downloaded and verified
==> Building model..
==> Defining training..

==> Testing..
 9 10 Loss: 0.345 | Acc: 93.920% (9392/10000)
============================================================================



start testing: ./checkpoint/0137.pth
==> Preparing data..
Files already downloaded and verified
Files already downloaded and verified
==> Building model..
==> Defining training..

==> Testing..
 9 10 Loss: 0.351 | Acc: 93.990% (9399/10000)
============================================================================



start testing: ./checkpoint/0114.pth
==> Preparing data..
Files already downloaded and verified
Files already downloaded and verified
==> Building model..
==> Defining training..

==> Testing..
 9 10 Loss: 0.366 | Acc: 93.700% (9370/10000)
============================================================================



start testing: ./checkpoint/0139.pth
==> Preparing data..
Files already downloaded and verified
Files already downloaded and verified
==> Building model..
==> Defining training..

==> Testing..
 9 10 Loss: 0.346 | Acc: 94.020% (9402/10000)
============================================================================



start testing: ./checkpoint/0145.pth
==> Preparing data..
Files already downloaded and verified
Files already downloaded and verified
==> Building model..
==> Defining training..

==> Testing..
 9 10 Loss: 0.348 | Acc: 93.960% (9396/10000)
============================================================================



start testing: ./checkpoint/0111.pth
==> Preparing data..
Files already downloaded and verified
Files already downloaded and verified
==> Building model..
==> Defining training..

==> Testing..
 9 10 Loss: 0.360 | Acc: 93.500% (9350/10000)
============================================================================



start testing: ./checkpoint/0116.pth
==> Preparing data..
Files already downloaded and verified
Files already downloaded and verified
==> Building model..
==> Defining training..

==> Testing..
 9 10 Loss: 0.359 | Acc: 93.880% (9388/10000)
============================================================================



start testing: ./checkpoint/0125.pth
==> Preparing data..
Files already downloaded and verified
Files already downloaded and verified
==> Building model..
==> Defining training..

==> Testing..
 9 10 Loss: 0.347 | Acc: 93.950% (9395/10000)
============================================================================



start testing: ./checkpoint/0135.pth
==> Preparing data..
Files already downloaded and verified
Files already downloaded and verified
==> Building model..
==> Defining training..

==> Testing..
 9 10 Loss: 0.351 | Acc: 93.990% (9399/10000)
============================================================================



start testing: ./checkpoint/0124.pth
==> Preparing data..
Files already downloaded and verified
Files already downloaded and verified
==> Building model..
==> Defining training..

==> Testing..
 9 10 Loss: 0.347 | Acc: 94.060% (9406/10000)
============================================================================



start testing: ./checkpoint/0144.pth
==> Preparing data..
Files already downloaded and verified
Files already downloaded and verified
==> Building model..
==> Defining training..

==> Testing..
 9 10 Loss: 0.347 | Acc: 93.990% (9399/10000)
============================================================================



start testing: ./checkpoint/0126.pth
==> Preparing data..
Files already downloaded and verified
Files already downloaded and verified
==> Building model..
==> Defining training..

==> Testing..
 9 10 Loss: 0.343 | Acc: 94.120% (9412/10000)
============================================================================



start testing: ./checkpoint/0146.pth
==> Preparing data..
Files already downloaded and verified
Files already downloaded and verified
==> Building model..
==> Defining training..

==> Testing..
 9 10 Loss: 0.346 | Acc: 93.990% (9399/10000)
============================================================================



start testing: ./checkpoint/0134.pth
==> Preparing data..
Files already downloaded and verified
Files already downloaded and verified
==> Building model..
==> Defining training..

==> Testing..
 9 10 Loss: 0.347 | Acc: 94.080% (9408/10000)
============================================================================



start testing: ./checkpoint/0112.pth
==> Preparing data..
Files already downloaded and verified
Files already downloaded and verified
==> Building model..
==> Defining training..

==> Testing..
 9 10 Loss: 0.369 | Acc: 93.540% (9354/10000)
============================================================================



start testing: ./checkpoint/0131.pth
==> Preparing data..
Files already downloaded and verified
Files already downloaded and verified
==> Building model..
==> Defining training..

==> Testing..
 9 10 Loss: 0.354 | Acc: 94.080% (9408/10000)
============================================================================



start testing: ./checkpoint/0119.pth
==> Preparing data..
Files already downloaded and verified
Files already downloaded and verified
==> Building model..
==> Defining training..

==> Testing..
 9 10 Loss: 0.347 | Acc: 94.060% (9406/10000)
============================================================================



start testing: ./checkpoint/0128.pth
==> Preparing data..
Files already downloaded and verified
Files already downloaded and verified
==> Building model..
==> Defining training..

==> Testing..
 9 10 Loss: 0.350 | Acc: 93.870% (9387/10000)
============================================================================



start testing: ./checkpoint/0122.pth
==> Preparing data..
Files already downloaded and verified
Files already downloaded and verified
==> Building model..
==> Defining training..

==> Testing..
 9 10 Loss: 0.353 | Acc: 94.110% (9411/10000)
============================================================================



start testing: ./checkpoint/0130.pth
==> Preparing data..
Files already downloaded and verified
Files already downloaded and verified
==> Building model..
==> Defining training..

==> Testing..
 9 10 Loss: 0.346 | Acc: 94.180% (9418/10000)
============================================================================



start testing: ./checkpoint/0133.pth
==> Preparing data..
Files already downloaded and verified
Files already downloaded and verified
==> Building model..
==> Defining training..

==> Testing..
 9 10 Loss: 0.350 | Acc: 94.060% (9406/10000)
============================================================================



start testing: ./checkpoint/0143.pth
==> Preparing data..
Files already downloaded and verified
Files already downloaded and verified
==> Building model..
==> Defining training..

==> Testing..
 9 10 Loss: 0.345 | Acc: 93.930% (9393/10000)
============================================================================



start testing: ./checkpoint/0123.pth
==> Preparing data..
Files already downloaded and verified
Files already downloaded and verified
==> Building model..
==> Defining training..

==> Testing..
 9 10 Loss: 0.349 | Acc: 93.960% (9396/10000)
============================================================================



start testing: ./checkpoint/0110.pth
==> Preparing data..
Files already downloaded and verified
Files already downloaded and verified
==> Building model..
==> Defining training..

==> Testing..
 9 10 Loss: 0.353 | Acc: 93.660% (9366/10000)
============================================================================



start testing: ./checkpoint/0115.pth
==> Preparing data..
Files already downloaded and verified
Files already downloaded and verified
==> Building model..
==> Defining training..

==> Testing..
 9 10 Loss: 0.361 | Acc: 93.830% (9383/10000)
============================================================================



start testing: ./checkpoint/0141.pth
==> Preparing data..
Files already downloaded and verified
Files already downloaded and verified
==> Building model..
==> Defining training..

==> Testing..
 9 10 Loss: 0.349 | Acc: 94.020% (9402/10000)
============================================================================