Generated_norm: 0.6541237235069275
==> Preparing data..
Files already downloaded and verified
Files already downloaded and verified
==> Building model..
==> Defining training..

==> Testing..
 9 10 Loss: 1.190 | Acc: 58.080% (5808/10000)


==> Generating..
Generated_norm: 0.6624423265457153
==> Preparing data..
Files already downloaded and verified
Files already downloaded and verified
==> Building model..
==> Defining training..

==> Testing..
 9 10 Loss: 1.209 | Acc: 57.620% (5762/10000)


==> Generating..
Generated_norm: 0.6643751859664917
==> Preparing data..
Files already downloaded and verified
Files already downloaded and verified
==> Building model..
==> Defining training..

==> Testing..
 9 10 Loss: 1.213 | Acc: 57.410% (5741/10000)


==> Generating..
Generated_norm: 0.6490237712860107
==> Preparing data..
Files already downloaded and verified
Files already downloaded and verified
==> Building model..
==> Defining training..

==> Testing..
 9 10 Loss: 1.200 | Acc: 58.260% (5826/10000)


==> Generating..
Generated_norm: 0.6721428036689758
==> Preparing data..
Files already downloaded and verified
Files already downloaded and verified
==> Building model..
==> Defining training..

==> Testing..
 9 10 Loss: 1.189 | Acc: 57.770% (5777/10000)


==> Generating..
Generated_norm: 0.6588932275772095
==> Preparing data..
Files already downloaded and verified
Files already downloaded and verified
==> Building model..
==> Defining training..

==> Testing..
 9 10 Loss: 1.194 | Acc: 58.020% (5802/10000)


==> Generating..
Generated_norm: 0.6556239724159241
==> Preparing data..
Files already downloaded and verified
Files already downloaded and verified
==> Building model..
==> Defining training..

==> Testing..
 9 10 Loss: 1.201 | Acc: 57.780% (5778/10000)


==> Generating..
Generated_norm: 0.6575322151184082
==> Preparing data..
Files already downloaded and verified
Files already downloaded and verified
==> Building model..
==> Defining training..

==> Testing..
 9 10 Loss: 1.199 | Acc: 57.470% (5747/10000)


==> Generating..
Generated_norm: 0.6606571674346924
==> Preparing data..
Files already downloaded and verified
Files already downloaded and verified
==> Building model..
==> Defining training..

==> Testing..
 9 10 Loss: 1.191 | Acc: 58.150% (5815/10000)


==> Generating..
Generated_norm: 0.6663042902946472
==> Preparing data..
Files already downloaded and verified
Files already downloaded and verified
==> Building model..
==> Defining training..

==> Testing..
 9 10 Loss: 1.186 | Acc: 58.230% (5823/10000)


==> Generating..
Generated_norm: 0.6650303602218628
==> Preparing data..
Files already downloaded and verified
Files already downloaded and verified
==> Building model..
==> Defining training..

==> Testing..
 9 10 Loss: 1.200 | Acc: 58.020% (5802/10000)


==> Generating..
Generated_norm: 0.6662935018539429
==> Preparing data..
Files already downloaded and verified
Files already downloaded and verified
==> Building model..
==> Defining training..

==> Testing..
 9 10 Loss: 1.180 | Acc: 58.130% (5813/10000)


==> Generating..
Generated_norm: 0.656766951084137
==> Preparing data..
Files already downloaded and verified
Files already downloaded and verified
==> Building model..
==> Defining training..

==> Testing..
 9 10 Loss: 1.189 | Acc: 57.710% (5771/10000)


==> Generating..
Generated_norm: 0.6589531898498535
==> Preparing data..
Files already downloaded and verified
Files already downloaded and verified
==> Building model..
==> Defining training..

==> Testing..
 9 10 Loss: 1.193 | Acc: 57.970% (5797/10000)


==> Generating..
Generated_norm: 0.6610503792762756
==> Preparing data..
Files already downloaded and verified
Files already downloaded and verified
==> Building model..
==> Defining training..

==> Testing..
 9 10 Loss: 1.191 | Acc: 58.050% (5805/10000)


==> Generating..
Generated_norm: 0.6619522571563721
==> Preparing data..
Files already downloaded and verified
Files already downloaded and verified
==> Building model..
==> Defining training..

==> Testing..
 9 10 Loss: 1.182 | Acc: 58.360% (5836/10000)


==> Generating..
Generated_norm: 0.6616321802139282
==> Preparing data..
Files already downloaded and verified
Files already downloaded and verified
==> Building model..
==> Defining training..

==> Testing..
 9 10 Loss: 1.185 | Acc: 58.230% (5823/10000)


==> Generating..
Generated_norm: 0.6596805453300476
==> Preparing data..
Files already downloaded and verified
Files already downloaded and verified
==> Building model..
==> Defining training..

==> Testing..
 9 10 Loss: 1.182 | Acc: 58.270% (5827/10000)


==> Generating..
Generated_norm: 0.6585628390312195
==> Preparing data..
Files already downloaded and verified
Files already downloaded and verified
==> Building model..
==> Defining training..

==> Testing..
 9 10 Loss: 1.186 | Acc: 58.240% (5824/10000)


==> Generating..
Generated_norm: 0.6625964045524597
==> Preparing data..
Files already downloaded and verified
Files already downloaded and verified
==> Building model..
==> Defining training..

==> Testing..
 9 10 Loss: 1.181 | Acc: 58.620% (5862/10000)


==> Generating..
Generated_norm: 0.6630929112434387
==> Preparing data..
Files already downloaded and verified
Files already downloaded and verified
==> Building model..
==> Defining training..

==> Testing..
 9 10 Loss: 1.179 | Acc: 58.680% (5868/10000)


==> Generating..
Generated_norm: 0.6584641337394714
==> Preparing data..
Files already downloaded and verified
Files already downloaded and verified
==> Building model..
==> Defining training..

==> Testing..
 9 10 Loss: 1.182 | Acc: 58.240% (5824/10000)


==> Generating..
Generated_norm: 0.6597185134887695
==> Preparing data..
Files already downloaded and verified
Files already downloaded and verified
==> Building model..
==> Defining training..

==> Testing..
 9 10 Loss: 1.171 | Acc: 58.730% (5873/10000)


==> Generating..
Generated_norm: 0.6612988710403442
==> Preparing data..
Files already downloaded and verified
Files already downloaded and verified
==> Building model..
==> Defining training..

==> Testing..
 9 10 Loss: 1.178 | Acc: 58.680% (5868/10000)


==> Generating..
Generated_norm: 0.6610742807388306
==> Preparing data..
Files already downloaded and verified
Files already downloaded and verified
==> Building model..
==> Defining training..

==> Testing..
 9 10 Loss: 1.175 | Acc: 58.760% (5876/10000)


==> Generating..
Generated_norm: 0.6607896089553833
==> Preparing data..
Files already downloaded and verified
Files already downloaded and verified
==> Building model..
==> Defining training..

==> Testing..
 9 10 Loss: 1.179 | Acc: 58.590% (5859/10000)


==> Generating..
Generated_norm: 0.6612107157707214
==> Preparing data..
Files already downloaded and verified
Files already downloaded and verified
==> Building model..
==> Defining training..

==> Testing..
 9 10 Loss: 1.180 | Acc: 58.500% (5850/10000)


==> Generating..
Generated_norm: 0.6607198119163513
==> Preparing data..
Files already downloaded and verified
Files already downloaded and verified
==> Building model..
==> Defining training..

==> Testing..
 9 10 Loss: 1.178 | Acc: 58.520% (5852/10000)


==> Generating..
Generated_norm: 0.6613551378250122
==> Preparing data..
Files already downloaded and verified
Files already downloaded and verified
==> Building model..
==> Defining training..

==> Testing..
 9 10 Loss: 1.175 | Acc: 58.680% (5868/10000)


==> Generating..
Generated_norm: 0.6607605814933777
==> Preparing data..
Files already downloaded and verified
Files already downloaded and verified
==> Building model..
==> Defining training..

==> Testing..
 9 10 Loss: 1.175 | Acc: 58.760% (5876/10000)


==> Generating..
Generated_norm: 0.6608101725578308
==> Preparing data..
Files already downloaded and verified
Files already downloaded and verified
==> Building model..
==> Defining training..

==> Testing..
 9 10 Loss: 1.176 | Acc: 58.770% (5877/10000)


==> Generating..
Generated_norm: 0.6608620285987854
==> Preparing data..
Files already downloaded and verified
Files already downloaded and verified
==> Building model..
==> Defining training..

==> Testing..
 9 10 Loss: 1.174 | Acc: 58.650% (5865/10000)


==> Generating..
Generated_norm: 0.660831868648529
==> Preparing data..
Files already downloaded and verified
Files already downloaded and verified
==> Building model..
==> Defining training..

==> Testing..
 9 10 Loss: 1.175 | Acc: 58.560% (5856/10000)


==> Generating..
Generated_norm: 0.6608039736747742
==> Preparing data..
Files already downloaded and verified
Files already downloaded and verified
==> Building model..
==> Defining training..

==> Testing..
 9 10 Loss: 1.177 | Acc: 58.710% (5871/10000)
