/home/wangkai/anaconda3/envs/arpgen/bin/python /home/wangkai/arpgen/AR-Param-Generation/workspace/evaluate/generate_normal.py
==> Preparing data..
Dataset length: 40
input shape: torch.Size([1510, 8192])
sequence length: 1510
==> Building model..
==> Building optimizer..
==> Defining training..
==> Building model..
==> Defining generate..

==> Generating..
Generated_norm: 0.8057651519775391
==> Preparing data..
Files already downloaded and verified
Files already downloaded and verified
==> Building model..
==> Defining training..

==> Testing..
 9 10 Loss: 0.3380 | Acc: 93.8400% (9384/10000)





==> Generating..
Generated_norm: 0.8056985139846802
==> Preparing data..
Files already downloaded and verified
Files already downloaded and verified
==> Building model..
==> Defining training..

==> Testing..
 9 10 Loss: 0.3408 | Acc: 93.9100% (9391/10000)





==> Generating..
Generated_norm: 0.8057807087898254
==> Preparing data..
Files already downloaded and verified
Files already downloaded and verified
==> Building model..
==> Defining training..

==> Testing..
 9 10 Loss: 0.3260 | Acc: 93.8700% (9387/10000)





==> Generating..
Generated_norm: 0.8057391047477722
==> Preparing data..
Files already downloaded and verified
Files already downloaded and verified
==> Building model..
==> Defining training..

==> Testing..
 9 10 Loss: 0.3380 | Acc: 93.7900% (9379/10000)





==> Generating..
Generated_norm: 0.8057621121406555
==> Preparing data..
Files already downloaded and verified
Files already downloaded and verified
==> Building model..
==> Defining training..

==> Testing..
 9 10 Loss: 0.3404 | Acc: 93.9800% (9398/10000)





==> Generating..
Generated_norm: 0.8057144284248352
==> Preparing data..
Files already downloaded and verified
Files already downloaded and verified
==> Building model..
==> Defining training..

==> Testing..
 9 10 Loss: 0.3383 | Acc: 93.8300% (9383/10000)





==> Generating..
Generated_norm: 0.8057862520217896
==> Preparing data..
Files already downloaded and verified
Files already downloaded and verified
==> Building model..
==> Defining training..

==> Testing..
 9 10 Loss: 0.3306 | Acc: 93.9400% (9394/10000)





==> Generating..
Generated_norm: 0.8057479858398438
==> Preparing data..
Files already downloaded and verified
Files already downloaded and verified
==> Building model..
==> Defining training..

==> Testing..
 9 10 Loss: 0.3297 | Acc: 93.9400% (9394/10000)





==> Generating..
Generated_norm: 0.8057599663734436
==> Preparing data..
Files already downloaded and verified
Files already downloaded and verified
==> Building model..
==> Defining training..

==> Testing..
 9 10 Loss: 0.3242 | Acc: 93.7900% (9379/10000)





==> Generating..
Generated_norm: 0.805729866027832
==> Preparing data..
Files already downloaded and verified
Files already downloaded and verified
==> Building model..
==> Defining training..

==> Testing..
 9 10 Loss: 0.3261 | Acc: 93.9600% (9396/10000)





==> Generating..
Generated_norm: 0.8057743310928345
==> Preparing data..
Files already downloaded and verified
Files already downloaded and verified
==> Building model..
==> Defining training..

==> Testing..
 9 10 Loss: 0.3291 | Acc: 93.8200% (9382/10000)





==> Generating..
Generated_norm: 0.8057125806808472
==> Preparing data..
Files already downloaded and verified
Files already downloaded and verified
==> Building model..
==> Defining training..

==> Testing..
 9 10 Loss: 0.3315 | Acc: 93.9000% (9390/10000)





==> Generating..
Generated_norm: 0.8057223558425903
==> Preparing data..
Files already downloaded and verified
Files already downloaded and verified
==> Building model..
==> Defining training..

==> Testing..
 9 10 Loss: 0.3342 | Acc: 93.9900% (9399/10000)





==> Generating..
Generated_norm: 0.8057820796966553
==> Preparing data..
Files already downloaded and verified
Files already downloaded and verified
==> Building model..
==> Defining training..

==> Testing..
 9 10 Loss: 0.3342 | Acc: 93.8000% (9380/10000)





==> Generating..
Generated_norm: 0.8057745099067688
==> Preparing data..
Files already downloaded and verified
Files already downloaded and verified
==> Building model..
==> Defining training..

==> Testing..
 9 10 Loss: 0.3349 | Acc: 93.8400% (9384/10000)





==> Generating..
Generated_norm: 0.8057370185852051
==> Preparing data..
Files already downloaded and verified
Files already downloaded and verified
==> Building model..
==> Defining training..

==> Testing..
 9 10 Loss: 0.3217 | Acc: 93.9000% (9390/10000)





==> Generating..
Generated_norm: 0.8057595491409302
==> Preparing data..
Files already downloaded and verified
Files already downloaded and verified
==> Building model..
==> Defining training..

==> Testing..
 9 10 Loss: 0.3302 | Acc: 93.8800% (9388/10000)





==> Generating..
Generated_norm: 0.8058107495307922
==> Preparing data..
Files already downloaded and verified
Files already downloaded and verified
==> Building model..
==> Defining training..

==> Testing..
 9 10 Loss: 0.3302 | Acc: 93.8200% (9382/10000)





==> Generating..
Generated_norm: 0.8057708740234375
==> Preparing data..
Files already downloaded and verified
Files already downloaded and verified
==> Building model..
==> Defining training..

==> Testing..
 9 10 Loss: 0.3391 | Acc: 93.8200% (9382/10000)





==> Generating..
Generated_norm: 0.8057305812835693
==> Preparing data..
Files already downloaded and verified
Files already downloaded and verified
==> Building model..
==> Defining training..

==> Testing..
 9 10 Loss: 0.3285 | Acc: 93.8700% (9387/10000)





==> Generating..
Generated_norm: 0.8057926297187805
==> Preparing data..
Files already downloaded and verified
Files already downloaded and verified
==> Building model..
==> Defining training..

==> Testing..
 9 10 Loss: 0.3260 | Acc: 93.9500% (9395/10000)





==> Generating..
Generated_norm: 0.8058063387870789
==> Preparing data..
Files already downloaded and verified
Files already downloaded and verified
==> Building model..
==> Defining training..

==> Testing..
 9 10 Loss: 0.3266 | Acc: 93.9100% (9391/10000)





==> Generating..
Generated_norm: 0.8057405352592468
==> Preparing data..
Files already downloaded and verified
Files already downloaded and verified
==> Building model..
==> Defining training..

==> Testing..
 9 10 Loss: 0.3352 | Acc: 93.9200% (9392/10000)





==> Generating..
Generated_norm: 0.8057242035865784
==> Preparing data..
Files already downloaded and verified
Files already downloaded and verified
==> Building model..
==> Defining training..

==> Testing..
 9 10 Loss: 0.3310 | Acc: 93.8300% (9383/10000)





==> Generating..
Generated_norm: 0.8057746887207031
==> Preparing data..
Files already downloaded and verified
Files already downloaded and verified
==> Building model..
==> Defining training..

==> Testing..
 9 10 Loss: 0.3323 | Acc: 94.0100% (9401/10000)





==> Generating..
Generated_norm: 0.8057612180709839
==> Preparing data..
Files already downloaded and verified
Files already downloaded and verified
==> Building model..
==> Defining training..

==> Testing..
 9 10 Loss: 0.3346 | Acc: 93.9300% (9393/10000)





==> Generating..
Generated_norm: 0.8058094382286072
==> Preparing data..
Files already downloaded and verified
Files already downloaded and verified
==> Building model..
==> Defining training..

==> Testing..
 9 10 Loss: 0.3374 | Acc: 93.8400% (9384/10000)





==> Generating..
Generated_norm: 0.8058201670646667
==> Preparing data..
Files already downloaded and verified
Files already downloaded and verified
==> Building model..
==> Defining training..

==> Testing..
 9 10 Loss: 0.3251 | Acc: 93.9400% (9394/10000)





==> Generating..
Generated_norm: 0.8057674169540405
==> Preparing data..
Files already downloaded and verified
Files already downloaded and verified
==> Building model..
==> Defining training..

==> Testing..
 9 10 Loss: 0.3337 | Acc: 93.8300% (9383/10000)





==> Generating..
Generated_norm: 0.8057999014854431
==> Preparing data..
Files already downloaded and verified
Files already downloaded and verified
==> Building model..
==> Defining training..

==> Testing..
 9 10 Loss: 0.3316 | Acc: 93.8000% (9380/10000)
