(arpgen) wangkai@5a21df081e09:~/arpgen/AR-Param-Generation/workspace/ablation/sequence$ sh vittiny_2048.sh
==> Preparing data..
Dataset length: 116
input shape: torch.Size([2878, 2048])
sequence length: 2878
==> Building model..
==> Building optimizer..
==> Defining training..
==> start training..

==> Generating..
Generated_norm: 176.7203826904297
==> Preparing data..
==> Building model..
==> Defining training..

==> Testing..
782it [00:36, 21.26it/s]
 781 782 Loss: 134864.3956 | Acc: 0.1000% (50/50000)


==> Generating..
Generated_norm: 0.753189742565155
==> Preparing data..
==> Building model..
==> Defining training..

==> Testing..
782it [00:38, 20.50it/s]
 781 782 Loss: 8.7313 | Acc: 0.1000% (50/50000)


==> Generating..
Generated_norm: 0.7918259501457214
==> Preparing data..
==> Building model..
==> Defining training..

==> Testing..
782it [00:37, 21.01it/s]
 781 782 Loss: 9.3956 | Acc: 0.1200% (60/50000)


==> Generating..
Generated_norm: 0.8168364763259888
==> Preparing data..
==> Building model..
==> Defining training..

==> Testing..
782it [00:34, 22.78it/s]
 781 782 Loss: 15.6386 | Acc: 0.1180% (59/50000)


==> Generating..
Generated_norm: 0.8907157778739929
==> Preparing data..
==> Building model..
==> Defining training..

==> Testing..
782it [00:34, 22.98it/s]
 781 782 Loss: 64.6155 | Acc: 0.1000% (50/50000)


==> Generating..
Generated_norm: 1.1959125995635986
==> Preparing data..
==> Building model..
==> Defining training..

==> Testing..
782it [00:36, 21.56it/s]
 781 782 Loss: 936.3685 | Acc: 0.1060% (53/50000)


==> Generating..
Generated_norm: 0.8731950521469116
==> Preparing data..
==> Building model..
==> Defining training..

==> Testing..
782it [00:34, 22.93it/s]
 781 782 Loss: 393.5434 | Acc: 0.0820% (41/50000)


==> Generating..
Generated_norm: 0.9115843176841736
==> Preparing data..
==> Building model..
==> Defining training..

==> Testing..
782it [00:36, 21.64it/s]
 781 782 Loss: 125.9736 | Acc: 0.1140% (57/50000)


==> Generating..
Generated_norm: 0.8041418790817261
==> Preparing data..
==> Building model..
==> Defining training..

==> Testing..
782it [00:35, 22.15it/s]
 781 782 Loss: 69.5459 | Acc: 0.1000% (50/50000)


==> Generating..
Generated_norm: 0.8765521049499512
==> Preparing data..
==> Building model..
==> Defining training..

==> Testing..
782it [00:35, 22.22it/s]
 781 782 Loss: 560.0940 | Acc: 0.1020% (51/50000)


==> Generating..
Generated_norm: 0.9048333764076233
==> Preparing data..
==> Building model..
==> Defining training..

==> Testing..
782it [00:36, 21.27it/s]
 781 782 Loss: 112.0517 | Acc: 0.1280% (64/50000)


==> Generating..
Generated_norm: 0.7862960696220398
==> Preparing data..
==> Building model..
==> Defining training..

==> Testing..
782it [00:34, 22.48it/s]
 781 782 Loss: 9.0369 | Acc: 0.1040% (52/50000)


==> Generating..
Generated_norm: 0.7835694551467896
==> Preparing data..
==> Building model..
==> Defining training..

==> Testing..
782it [00:34, 22.49it/s]
 781 782 Loss: 8.6588 | Acc: 0.2080% (104/50000)


==> Generating..
Generated_norm: 0.7775068283081055
==> Preparing data..
==> Building model..
==> Defining training..

==> Testing..
782it [00:34, 22.47it/s]
 781 782 Loss: 9.1247 | Acc: 0.5240% (262/50000)


==> Generating..
Generated_norm: 0.7859903573989868
==> Preparing data..
==> Building model..
==> Defining training..

==> Testing..
782it [00:33, 23.02it/s]
 781 782 Loss: 9.2539 | Acc: 0.1200% (60/50000)


==> Generating..
Generated_norm: 0.7845636606216431
==> Preparing data..
==> Building model..
==> Defining training..

==> Testing..
782it [00:35, 22.03it/s]
 781 782 Loss: 8.3247 | Acc: 0.5480% (274/50000)


==> Generating..
Generated_norm: 0.781143069267273
==> Preparing data..
==> Building model..
==> Defining training..

==> Testing..
782it [00:36, 21.64it/s]
 781 782 Loss: 72.3694 | Acc: 0.2840% (142/50000)


==> Generating..
Generated_norm: 0.7780013084411621
==> Preparing data..
==> Building model..
==> Defining training..

==> Testing..
782it [00:38, 20.37it/s]
 781 782 Loss: 8.8055 | Acc: 0.1660% (83/50000)


==> Generating..
Generated_norm: 0.7909535765647888
==> Preparing data..
==> Building model..
==> Defining training..

==> Testing..
782it [00:33, 23.05it/s]
 781 782 Loss: 9.2916 | Acc: 0.1580% (79/50000)


==> Generating..
Generated_norm: 0.7796854376792908
==> Preparing data..
==> Building model..
==> Defining training..

==> Testing..
782it [00:38, 20.52it/s]
 781 782 Loss: 9.8848 | Acc: 0.1280% (64/50000)


==> Generating..
Generated_norm: 0.7786152362823486
==> Preparing data..
==> Building model..
==> Defining training..

==> Testing..
782it [00:37, 21.11it/s]
 781 782 Loss: 7.3640 | Acc: 2.4860% (1243/50000)


==> Generating..
Generated_norm: 0.7778999209403992
==> Preparing data..
==> Building model..
==> Defining training..

==> Testing..
782it [00:36, 21.24it/s]
 781 782 Loss: 6.8724 | Acc: 4.2660% (2133/50000)


==> Generating..
Generated_norm: 0.7772749066352844
==> Preparing data..
==> Building model..
==> Defining training..

==> Testing..
782it [00:33, 23.16it/s]
 781 782 Loss: 6.8283 | Acc: 4.4380% (2219/50000)


==> Generating..
Generated_norm: 0.7779332399368286
==> Preparing data..
==> Building model..
==> Defining training..

==> Testing..
782it [00:36, 21.48it/s]
 781 782 Loss: 9.3823 | Acc: 0.1800% (90/50000)


==> Generating..
Generated_norm: 0.7771933078765869
==> Preparing data..
==> Building model..
==> Defining training..

==> Testing..
782it [00:34, 22.48it/s]
 781 782 Loss: 5.2534 | Acc: 12.0000% (6000/50000)


==> Generating..
Generated_norm: 0.7771714329719543
==> Preparing data..
==> Building model..
==> Defining training..

==> Testing..
782it [00:35, 21.81it/s]
 781 782 Loss: 5.8090 | Acc: 7.6640% (3832/50000)