Running iteration 1
==> Preparing data..
==> Building model..
==> Defining training..

100%|███████████████████████████████████████████████████████████████████████████████████████████████████████████████████████████████████████| 20018/20018 [17:22<00:00, 19.19it/s]
 Loss: 0.8287 | Acc: 78.4744% (1005376/1281152)
==> Testing..
782it [00:24, 32.48it/s]
 781 782 Loss: 0.9605 | Acc: 75.4740% (37737/50000)     Saving..

  0%|                                                                                                                                                   | 0/20018 [00:00<?, ?it/s]Saving..
  6%|████████▏                                                                                                                               | 1200/20018 [00:42<10:09, 30.86it/s]Saving..
 12%|████████████████▎                                                                                                                       | 2397/20018 [01:23<09:37, 30.52it/s]Saving..
 18%|████████████████████████▍                                                                                                               | 3597/20018 [02:05<09:03, 30.23it/s]Saving..
 24%|████████████████████████████████▌                                                                                                       | 4800/20018 [02:47<08:22, 30.27it/s]Saving..
 30%|████████████████████████████████████████▋                                                                                               | 5997/20018 [03:28<07:31, 31.05it/s]Saving..
 36%|████████████████████████████████████████████████▉                                                                                       | 7197/20018 [04:09<06:46, 31.57it/s]Saving..
 42%|█████████████████████████████████████████████████████████                                                                               | 8399/20018 [04:52<06:13, 31.14it/s]Saving..
 48%|█████████████████████████████████████████████████████████████████▏                                                                      | 9597/20018 [05:34<06:45, 25.70it/s]Saving..
 54%|████████████████████████████████████████████████████████████████████████▊                                                              | 10799/20018 [06:15<04:56, 31.08it/s]Saving..
 60%|████████████████████████████████████████████████████████████████████████████████▉                                                      | 11999/20018 [06:56<05:14, 25.48it/s]Saving..
 66%|████████████████████████████████████████████████████████████████████████████████████████▉                                              | 13197/20018 [07:39<03:53, 29.25it/s]Saving..
 72%|█████████████████████████████████████████████████████████████████████████████████████████████████                                      | 14397/20018 [08:21<03:50, 24.42it/s]Saving..
 78%|█████████████████████████████████████████████████████████████████████████████████████████████████████████▏                             | 15599/20018 [09:03<02:23, 30.86it/s]Saving..
 84%|█████████████████████████████████████████████████████████████████████████████████████████████████████████████████▎                     | 16797/20018 [09:44<01:43, 31.11it/s]Saving..
 90%|█████████████████████████████████████████████████████████████████████████████████████████████████████████████████████████▍             | 17998/20018 [10:26<01:47, 18.77it/s]Saving..
 96%|█████████████████████████████████████████████████████████████████████████████████████████████████████████████████████████████████▍     | 19198/20018 [11:08<00:26, 31.00it/s]Saving..
100%|███████████████████████████████████████████████████████████████████████████████████████████████████████████████████████████████████████| 20018/20018 [11:36<00:00, 28.74it/s]
 Loss: 0.7705 | Acc: 79.5678% (1019385/1281152)
==> Testing..
782it [00:24, 32.35it/s]
 781 782 Loss: 0.9523 | Acc: 75.7120% (37856/50000)     Saving..

  0%|                                                                                                                                                   | 0/20018 [00:00<?, ?it/s]Saving..
  6%|████████▏                                                                                                                               | 1197/20018 [00:42<10:09, 30.89it/s]Saving..
 12%|████████████████▎                                                                                                                       | 2400/20018 [01:24<09:46, 30.01it/s]Saving..
 18%|████████████████████████▍                                                                                                               | 3598/20018 [02:07<17:54, 15.28it/s]Saving..
 24%|████████████████████████████████▌                                                                                                       | 4800/20018 [02:51<10:56, 23.18it/s]Saving..
 30%|████████████████████████████████████████▊                                                                                               | 5999/20018 [04:01<14:46, 15.81it/s]Saving..
 36%|████████████████████████████████████████████████▉                                                                                       | 7199/20018 [05:17<12:54, 16.55it/s]Saving..
 42%|█████████████████████████████████████████████████████████                                                                               | 8400/20018 [06:33<11:58, 16.16it/s]Saving..
 48%|█████████████████████████████████████████████████████████████████▏                                                                      | 9599/20018 [07:48<10:41, 16.23it/s]Saving..
 54%|████████████████████████████████████████████████████████████████████████▊                                                              | 10800/20018 [09:04<10:00, 15.35it/s]Saving..
 60%|████████████████████████████████████████████████████████████████████████████████▉                                                      | 11999/20018 [10:20<08:32, 15.66it/s]Saving..
 66%|█████████████████████████████████████████████████████████████████████████████████████████                                              | 13200/20018 [11:36<07:15, 15.67it/s]Saving..
 72%|█████████████████████████████████████████████████████████████████████████████████████████████████                                      | 14400/20018 [12:52<05:56, 15.75it/s]Saving..
 78%|█████████████████████████████████████████████████████████████████████████████████████████████████████████▏                             | 15599/20018 [14:09<04:43, 15.58it/s]Saving..
 84%|█████████████████████████████████████████████████████████████████████████████████████████████████████████████████▎                     | 16799/20018 [15:24<03:17, 16.32it/s]Saving..
 90%|█████████████████████████████████████████████████████████████████████████████████████████████████████████████████████████▍             | 18000/20018 [16:40<02:09, 15.59it/s]Saving..
 96%|█████████████████████████████████████████████████████████████████████████████████████████████████████████████████████████████████▍     | 19199/20018 [17:56<00:49, 16.54it/s]Saving..
100%|███████████████████████████████████████████████████████████████████████████████████████████████████████████████████████████████████████| 20018/20018 [18:48<00:00, 17.74it/s]
 Loss: 0.7386 | Acc: 80.2520% (1028150/1281152)
==> Testing..
782it [00:28, 27.15it/s]
 781 782 Loss: 0.9498 | Acc: 75.6400% (37820/50000)     Saving..

  0%|                                                                                                                                                   | 0/20018 [00:00<?, ?it/s]Saving..
  6%|████████▏                                                                                                                               | 1200/20018 [01:17<19:21, 16.21it/s]Saving..
 12%|████████████████▎                                                                                                                       | 2399/20018 [02:33<18:34, 15.81it/s]Saving..
 18%|████████████████████████▍                                                                                                               | 3599/20018 [03:50<17:57, 15.24it/s]Saving..
 24%|████████████████████████████████▌                                                                                                       | 4799/20018 [05:06<16:09, 15.70it/s]Saving..
 30%|████████████████████████████████████████▊                                                                                               | 5999/20018 [06:23<16:11, 14.43it/s]Saving..
 36%|████████████████████████████████████████████████▉                                                                                       | 7199/20018 [07:39<14:00, 15.26it/s]Saving..
 42%|█████████████████████████████████████████████████████████                                                                               | 8399/20018 [08:56<13:02, 14.85it/s]Saving..
 48%|█████████████████████████████████████████████████████████████████▏                                                                      | 9599/20018 [10:12<10:46, 16.12it/s]Saving..
 54%|████████████████████████████████████████████████████████████████████████▊                                                              | 10799/20018 [11:28<09:30, 16.15it/s]Saving..
 60%|████████████████████████████████████████████████████████████████████████████████▉                                                      | 12000/20018 [12:44<08:34, 15.57it/s]Saving..
 66%|█████████████████████████████████████████████████████████████████████████████████████████                                              | 13199/20018 [14:00<07:06, 15.98it/s]Saving..
 72%|█████████████████████████████████████████████████████████████████████████████████████████████████                                      | 14399/20018 [15:16<05:58, 15.67it/s]Saving..
 78%|█████████████████████████████████████████████████████████████████████████████████████████████████████████▏                             | 15599/20018 [16:33<05:04, 14.50it/s]Saving..
 84%|█████████████████████████████████████████████████████████████████████████████████████████████████████████████████▎                     | 16799/20018 [17:49<03:15, 16.45it/s]Saving..
 90%|█████████████████████████████████████████████████████████████████████████████████████████████████████████████████████████▍             | 18000/20018 [19:05<02:06, 15.92it/s]Saving..
 96%|█████████████████████████████████████████████████████████████████████████████████████████████████████████████████████████████████▍     | 19199/20018 [20:22<00:52, 15.56it/s]Saving..
100%|███████████████████████████████████████████████████████████████████████████████████████████████████████████████████████████████████████| 20018/20018 [21:14<00:00, 15.71it/s]
 Loss: 0.7137 | Acc: 80.8013% (1035188/1281152)
==> Testing..
782it [00:28, 27.12it/s]
 781 782 Loss: 0.9499 | Acc: 75.7240% (37862/50000)     Saving..

  0%|                                                                                                                                                   | 0/20018 [00:00<?, ?it/s]Saving..
  6%|████████▏                                                                                                                               | 1200/20018 [01:16<20:17, 15.45it/s]Saving..
 12%|████████████████▎                                                                                                                       | 2399/20018 [02:33<18:24, 15.95it/s]Saving..
 18%|████████████████████████▍                                                                                                               | 3600/20018 [03:49<18:04, 15.14it/s]Saving..
 24%|████████████████████████████████▌                                                                                                       | 4799/20018 [05:04<15:35, 16.26it/s]Saving..
 30%|████████████████████████████████████████▊                                                                                               | 5999/20018 [06:20<14:10, 16.48it/s]Saving..
 36%|████████████████████████████████████████████████▉                                                                                       | 7200/20018 [07:36<14:05, 15.16it/s]Saving..
 42%|█████████████████████████████████████████████████████████                                                                               | 8399/20018 [08:53<12:58, 14.92it/s]Saving..
 48%|█████████████████████████████████████████████████████████████████▏                                                                      | 9599/20018 [10:09<10:37, 16.34it/s]Saving..
 54%|████████████████████████████████████████████████████████████████████████▊                                                              | 10800/20018 [11:25<09:48, 15.67it/s]Saving..
 60%|████████████████████████████████████████████████████████████████████████████████▉                                                      | 11999/20018 [12:41<08:04, 16.57it/s]Saving..
 66%|█████████████████████████████████████████████████████████████████████████████████████████                                              | 13200/20018 [13:57<07:03, 16.11it/s]Saving..
 72%|█████████████████████████████████████████████████████████████████████████████████████████████████                                      | 14400/20018 [15:13<06:14, 15.01it/s]Saving..
 78%|█████████████████████████████████████████████████████████████████████████████████████████████████████████▏                             | 15599/20018 [16:29<04:41, 15.69it/s]Saving..
 84%|█████████████████████████████████████████████████████████████████████████████████████████████████████████████████▎                     | 16800/20018 [17:45<03:24, 15.74it/s]Saving..
 90%|█████████████████████████████████████████████████████████████████████████████████████████████████████████████████████████▍             | 18000/20018 [19:01<02:08, 15.72it/s]Saving..
 96%|█████████████████████████████████████████████████████████████████████████████████████████████████████████████████████████████████▍     | 19199/20018 [20:17<00:50, 16.16it/s]Saving..
100%|███████████████████████████████████████████████████████████████████████████████████████████████████████████████████████████████████████| 20018/20018 [21:09<00:00, 15.77it/s]
 Loss: 0.6931 | Acc: 81.2698% (1041190/1281152)
==> Testing..
782it [00:28, 27.12it/s]
 781 782 Loss: 0.9492 | Acc: 75.8040% (37902/50000)     Saving..

  0%|                                                                                                                                                   | 0/20018 [00:00<?, ?it/s]Saving..
  6%|████████▏                                                                                                                               | 1200/20018 [01:17<20:29, 15.30it/s]Saving..
 12%|████████████████▎                                                                                                                       | 2399/20018 [02:33<18:53, 15.54it/s]Saving..
 18%|████████████████████████▍                                                                                                               | 3599/20018 [03:49<16:44, 16.34it/s]Saving..
 24%|████████████████████████████████▌                                                                                                       | 4799/20018 [05:05<16:12, 15.65it/s]Saving..
 30%|████████████████████████████████████████▊                                                                                               | 5999/20018 [06:22<14:31, 16.09it/s]Saving..
 36%|████████████████████████████████████████████████▉                                                                                       | 7199/20018 [07:37<13:23, 15.95it/s]Saving..
 42%|█████████████████████████████████████████████████████████                                                                               | 8399/20018 [08:54<11:36, 16.68it/s]Saving..
 48%|█████████████████████████████████████████████████████████████████▏                                                                      | 9599/20018 [10:10<11:22, 15.27it/s]Saving..
 54%|████████████████████████████████████████████████████████████████████████▊                                                              | 10799/20018 [11:26<10:13, 15.04it/s]Saving..
 60%|████████████████████████████████████████████████████████████████████████████████▉                                                      | 11999/20018 [12:42<08:24, 15.90it/s]Saving..
 66%|█████████████████████████████████████████████████████████████████████████████████████████                                              | 13200/20018 [13:59<07:10, 15.86it/s]Saving..
 72%|█████████████████████████████████████████████████████████████████████████████████████████████████                                      | 14399/20018 [15:15<05:40, 16.48it/s]Saving..
 78%|█████████████████████████████████████████████████████████████████████████████████████████████████████████▏                             | 15600/20018 [16:31<04:58, 14.79it/s]Saving..
 84%|█████████████████████████████████████████████████████████████████████████████████████████████████████████████████▎                     | 16800/20018 [17:47<03:15, 16.45it/s]Saving..
 90%|█████████████████████████████████████████████████████████████████████████████████████████████████████████████████████████▍             | 18000/20018 [19:04<02:05, 16.06it/s]Saving..
 96%|█████████████████████████████████████████████████████████████████████████████████████████████████████████████████████████████████▍     | 19199/20018 [20:20<00:52, 15.74it/s]Saving..
100%|███████████████████████████████████████████████████████████████████████████████████████████████████████████████████████████████████████| 20018/20018 [21:12<00:00, 15.73it/s]
 Loss: 0.6743 | Acc: 81.7286% (1047067/1281152)
==> Testing..
782it [00:29, 26.89it/s]
 781 782 Loss: 0.9467 | Acc: 75.9540% (37977/50000)     Saving..

  0%|                                                                                                                                                   | 0/20018 [00:00<?, ?it/s]Saving..
  6%|████████▏                                                                                                                               | 1199/20018 [01:17<19:29, 16.09it/s]Saving..
 12%|████████████████▎                                                                                                                       | 2400/20018 [02:33<18:10, 16.16it/s]Saving..
 18%|████████████████████████▍                                                                                                               | 3599/20018 [03:49<17:44, 15.42it/s]Saving..
 24%|████████████████████████████████▌                                                                                                       | 4799/20018 [05:06<17:19, 14.64it/s]Saving..
 30%|████████████████████████████████████████▊                                                                                               | 6000/20018 [06:22<14:57, 15.61it/s]Saving..
 36%|████████████████████████████████████████████████▉                                                                                       | 7199/20018 [07:38<13:56, 15.33it/s]Saving..
 42%|█████████████████████████████████████████████████████████                                                                               | 8399/20018 [08:54<12:19, 15.72it/s]Saving..
 48%|█████████████████████████████████████████████████████████████████▏                                                                      | 9599/20018 [10:11<10:39, 16.29it/s]Saving..
 54%|████████████████████████████████████████████████████████████████████████▊                                                              | 10800/20018 [11:27<09:26, 16.26it/s]Saving..
 60%|████████████████████████████████████████████████████████████████████████████████▉                                                      | 11999/20018 [12:43<08:22, 15.97it/s]Saving..
 66%|█████████████████████████████████████████████████████████████████████████████████████████                                              | 13200/20018 [14:00<07:07, 15.94it/s]Saving..
 72%|█████████████████████████████████████████████████████████████████████████████████████████████████                                      | 14399/20018 [15:16<06:01, 15.55it/s]Saving..
 78%|█████████████████████████████████████████████████████████████████████████████████████████████████████████▏                             | 15600/20018 [16:32<04:32, 16.23it/s]Saving..
 84%|█████████████████████████████████████████████████████████████████████████████████████████████████████████████████▎                     | 16799/20018 [17:49<03:19, 16.10it/s]Saving..
 90%|█████████████████████████████████████████████████████████████████████████████████████████████████████████████████████████▍             | 18000/20018 [19:05<02:11, 15.34it/s]Saving..
 96%|█████████████████████████████████████████████████████████████████████████████████████████████████████████████████████████████████▍     | 19200/20018 [20:22<00:50, 16.25it/s]Saving..
100%|███████████████████████████████████████████████████████████████████████████████████████████████████████████████████████████████████████| 20018/20018 [21:14<00:00, 15.71it/s]
 Loss: 0.6588 | Acc: 82.0598% (1051311/1281152)
==> Testing..
782it [00:29, 26.51it/s]
 781 782 Loss: 0.9460 | Acc: 75.9560% (37978/50000)     Saving..

  0%|                                                                                                                                                   | 0/20018 [00:00<?, ?it/s]Saving..
  6%|████████▏                                                                                                                               | 1199/20018 [01:16<20:02, 15.65it/s]Saving..
 12%|████████████████▎                                                                                                                       | 2399/20018 [02:32<17:38, 16.65it/s]Saving..
 18%|████████████████████████▍                                                                                                               | 3599/20018 [03:48<16:46, 16.32it/s]Saving..
 24%|████████████████████████████████▌                                                                                                       | 4799/20018 [05:05<17:00, 14.91it/s]Saving..
 30%|████████████████████████████████████████▊                                                                                               | 5999/20018 [06:21<14:03, 16.61it/s]Saving..
 36%|████████████████████████████████████████████████▉                                                                                       | 7199/20018 [07:37<13:07, 16.27it/s]Saving..
 42%|█████████████████████████████████████████████████████████                                                                               | 8399/20018 [08:54<13:02, 14.84it/s]Saving..
 48%|█████████████████████████████████████████████████████████████████▏                                                                      | 9600/20018 [10:10<11:10, 15.55it/s]Saving..
 54%|████████████████████████████████████████████████████████████████████████▊                                                              | 10799/20018 [11:27<09:57, 15.44it/s]Saving..
 60%|████████████████████████████████████████████████████████████████████████████████▉                                                      | 12000/20018 [12:43<08:28, 15.75it/s]Saving..
 66%|█████████████████████████████████████████████████████████████████████████████████████████                                              | 13199/20018 [13:59<07:19, 15.53it/s]Saving..
 72%|█████████████████████████████████████████████████████████████████████████████████████████████████                                      | 14400/20018 [15:16<05:46, 16.22it/s]Saving..
 78%|█████████████████████████████████████████████████████████████████████████████████████████████████████████▏                             | 15600/20018 [16:32<04:28, 16.45it/s]Saving..
 84%|█████████████████████████████████████████████████████████████████████████████████████████████████████████████████▎                     | 16800/20018 [17:49<03:29, 15.39it/s]Saving..
 90%|█████████████████████████████████████████████████████████████████████████████████████████████████████████████████████████▍             | 17999/20018 [19:05<02:04, 16.26it/s]Saving..
 96%|█████████████████████████████████████████████████████████████████████████████████████████████████████████████████████████████████▍     | 19199/20018 [20:21<00:52, 15.50it/s]Saving..
100%|███████████████████████████████████████████████████████████████████████████████████████████████████████████████████████████████████████| 20018/20018 [21:13<00:00, 15.72it/s]
 Loss: 0.6470 | Acc: 82.3640% (1055208/1281152)
==> Testing..
782it [00:28, 27.07it/s]
 781 782 Loss: 0.9446 | Acc: 76.0240% (38012/50000)     Saving..

  0%|                                                                                                                                                   | 0/20018 [00:00<?, ?it/s]Saving..
  6%|████████▏                                                                                                                               | 1199/20018 [01:16<20:50, 15.05it/s]Saving..
 12%|████████████████▎                                                                                                                       | 2400/20018 [02:32<19:01, 15.43it/s]Saving..
 18%|████████████████████████▍                                                                                                               | 3599/20018 [03:49<18:15, 14.99it/s]Saving..
 24%|████████████████████████████████▌                                                                                                       | 4800/20018 [05:06<16:50, 15.07it/s]Saving..
 30%|████████████████████████████████████████▊                                                                                               | 6000/20018 [06:22<16:09, 14.47it/s]Saving..
 36%|████████████████████████████████████████████████▉                                                                                       | 7199/20018 [07:38<12:58, 16.46it/s]Saving..
 42%|█████████████████████████████████████████████████████████                                                                               | 8400/20018 [08:55<13:08, 14.74it/s]Saving..
 48%|█████████████████████████████████████████████████████████████████▏                                                                      | 9600/20018 [10:11<10:52, 15.97it/s]Saving..
 54%|████████████████████████████████████████████████████████████████████████▊                                                              | 10800/20018 [11:27<09:59, 15.37it/s]Saving..
 60%|████████████████████████████████████████████████████████████████████████████████▉                                                      | 12000/20018 [12:44<08:33, 15.61it/s]Saving..
 66%|█████████████████████████████████████████████████████████████████████████████████████████                                              | 13200/20018 [14:00<06:52, 16.51it/s]Saving..
 72%|█████████████████████████████████████████████████████████████████████████████████████████████████                                      | 14399/20018 [15:16<05:59, 15.61it/s]Saving..
 78%|█████████████████████████████████████████████████████████████████████████████████████████████████████████▏                             | 15599/20018 [16:33<04:40, 15.76it/s]Saving..
 84%|█████████████████████████████████████████████████████████████████████████████████████████████████████████████████▎                     | 16799/20018 [17:49<03:29, 15.38it/s]Saving..
 90%|█████████████████████████████████████████████████████████████████████████████████████████████████████████████████████████▍             | 18000/20018 [19:05<01:58, 16.97it/s]Saving..
 96%|█████████████████████████████████████████████████████████████████████████████████████████████████████████████████████████████████▍     | 19199/20018 [20:21<00:50, 16.07it/s]Saving..
100%|███████████████████████████████████████████████████████████████████████████████████████████████████████████████████████████████████████| 20018/20018 [21:13<00:00, 15.72it/s]
 Loss: 0.6387 | Acc: 82.6089% (1058346/1281152)
==> Testing..
782it [00:28, 27.11it/s]
 781 782 Loss: 0.9436 | Acc: 76.0500% (38025/50000)     Saving..

  0%|                                                                                                                                                   | 0/20018 [00:00<?, ?it/s]Saving..
  6%|████████▏                                                                                                                               | 1199/20018 [01:16<18:49, 16.66it/s]Saving..
 12%|████████████████▎                                                                                                                       | 2399/20018 [02:33<18:29, 15.88it/s]Saving..
 18%|████████████████████████▍                                                                                                               | 3599/20018 [03:49<19:04, 14.34it/s]Saving..
 24%|████████████████████████████████▌                                                                                                       | 4799/20018 [05:06<15:35, 16.26it/s]Saving..
 30%|████████████████████████████████████████▊                                                                                               | 6000/20018 [06:22<15:26, 15.14it/s]Saving..
 36%|████████████████████████████████████████████████▉                                                                                       | 7200/20018 [07:39<13:45, 15.53it/s]Saving..
 42%|█████████████████████████████████████████████████████████                                                                               | 8400/20018 [08:55<12:33, 15.42it/s]Saving..
 48%|█████████████████████████████████████████████████████████████████▏                                                                      | 9600/20018 [10:11<10:55, 15.90it/s]Saving..
 54%|████████████████████████████████████████████████████████████████████████▊                                                              | 10799/20018 [11:27<10:00, 15.36it/s]Saving..
 60%|████████████████████████████████████████████████████████████████████████████████▉                                                      | 12000/20018 [12:43<08:42, 15.33it/s]Saving..
 66%|█████████████████████████████████████████████████████████████████████████████████████████                                              | 13200/20018 [14:00<07:25, 15.31it/s]Saving..
 72%|█████████████████████████████████████████████████████████████████████████████████████████████████                                      | 14399/20018 [15:16<05:44, 16.30it/s]Saving..
 78%|█████████████████████████████████████████████████████████████████████████████████████████████████████████▏                             | 15599/20018 [16:32<04:20, 16.98it/s]Saving..
 84%|█████████████████████████████████████████████████████████████████████████████████████████████████████████████████▎                     | 16800/20018 [17:48<03:17, 16.31it/s]Saving..
 90%|█████████████████████████████████████████████████████████████████████████████████████████████████████████████████████████▍             | 18000/20018 [19:04<02:00, 16.74it/s]Saving..
 96%|█████████████████████████████████████████████████████████████████████████████████████████████████████████████████████████████████▍     | 19200/20018 [20:20<00:50, 16.22it/s]Saving..
100%|███████████████████████████████████████████████████████████████████████████████████████████████████████████████████████████████████████| 20018/20018 [21:12<00:00, 15.73it/s]
 Loss: 0.6349 | Acc: 82.7120% (1059666/1281152)
==> Testing..
782it [00:27, 28.22it/s]
 781 782 Loss: 0.9438 | Acc: 76.0260% (38013/50000)     Saving..