(arpgen) wangkai@5a21df081e09:~/arpgen/AR-Param-Generation/workspace$ CUDA_VISIBLE_DEVICES=7 python resnet18_mamba.py
==> Preparing data..
Dataset length: 40
input shape: torch.Size([2933, 4096])
==> Building model..
==> Building optimizer..
input shape: torch.Size([2933, 4096])
==> Building model..
==> Building optimizer..
==> Defining training..
==> start training..

==> Generating..
Generated_norm: 115.48942565917969
==> Preparing data..
Files already downloaded and verified
Files already downloaded and verified
==> Building model..
==> Defining training..

==> Testing..
 9 10 Loss: nan | Acc: 10.0000% (1000/10000)


==> Generating..
Generated_norm: 2.070652961730957
==> Preparing data..
Files already downloaded and verified
Files already downloaded and verified
==> Building model..
==> Defining training..

==> Testing..
 9 10 Loss: 68468734428699639808.0000 | Acc: 8.6400% (864/10000)


==> Generating..
Generated_norm: 0.8179146647453308
==> Preparing data..
Files already downloaded and verified
Files already downloaded and verified
==> Building model..
==> Defining training..

==> Testing..
 9 10 Loss: 104.2274 | Acc: 10.0800% (1008/10000)


==> Generating..
Generated_norm: 0.7548551559448242
==> Preparing data..
Files already downloaded and verified
Files already downloaded and verified
==> Building model..
==> Defining training..

==> Testing..
 9 10 Loss: 2.5099 | Acc: 35.3100% (3531/10000)


==> Generating..
Generated_norm: 0.7564945220947266
==> Preparing data..
Files already downloaded and verified
Files already downloaded and verified
==> Building model..
==> Defining training..

==> Testing..
 9 10 Loss: 1.1864 | Acc: 74.1100% (7411/10000)


==> Generating..
Generated_norm: 0.7490010857582092
==> Preparing data..
Files already downloaded and verified
Files already downloaded and verified
==> Building model..
==> Defining training..

==> Testing..
 9 10 Loss: 1.2117 | Acc: 75.0700% (7507/10000)


==> Generating..
Generated_norm: 0.752859890460968
==> Preparing data..
Files already downloaded and verified
Files already downloaded and verified
==> Building model..
==> Defining training..

==> Testing..
 9 10 Loss: 0.4839 | Acc: 89.1300% (8913/10000)


==> Generating..
Generated_norm: 0.7514779567718506
==> Preparing data..
Files already downloaded and verified
Files already downloaded and verified
==> Building model..
==> Defining training..

==> Testing..
 9 10 Loss: 0.4861 | Acc: 89.9700% (8997/10000)


==> Generating..
Generated_norm: 0.7494882345199585
==> Preparing data..
Files already downloaded and verified
Files already downloaded and verified
==> Building model..
==> Defining training..

==> Testing..
 9 10 Loss: 0.7030 | Acc: 87.3400% (8734/10000)


==> Generating..
Generated_norm: 0.7514989376068115
==> Preparing data..
Files already downloaded and verified
Files already downloaded and verified
==> Building model..
==> Defining training..

==> Testing..
 9 10 Loss: 0.4471 | Acc: 91.8100% (9181/10000)


==> Generating..
Generated_norm: 0.7493790984153748
==> Preparing data..
Files already downloaded and verified
Files already downloaded and verified
==> Building model..
==> Defining training..

==> Testing..
 9 10 Loss: 0.4171 | Acc: 92.4100% (9241/10000)


==> Generating..
Generated_norm: 0.7440215945243835
==> Preparing data..
Files already downloaded and verified
Files already downloaded and verified
==> Building model..
==> Defining training..

==> Testing..
 9 10 Loss: 0.3452 | Acc: 92.5900% (9259/10000)


==> Generating..
Generated_norm: 0.7447102665901184
==> Preparing data..
Files already downloaded and verified
Files already downloaded and verified
==> Building model..
==> Defining training..

==> Testing..
 9 10 Loss: 0.3842 | Acc: 92.2000% (9220/10000)


==> Generating..
Generated_norm: 0.743188202381134
==> Preparing data..
Files already downloaded and verified
Files already downloaded and verified
==> Building model..
==> Defining training..

==> Testing..
 9 10 Loss: 0.4286 | Acc: 92.1600% (9216/10000)


==> Generating..
Generated_norm: 0.7470725178718567
==> Preparing data..
Files already downloaded and verified
Files already downloaded and verified
==> Building model..
==> Defining training..

==> Testing..
 9 10 Loss: 0.4082 | Acc: 92.5200% (9252/10000)


==> Generating..
Generated_norm: 0.7454432249069214
==> Preparing data..
Files already downloaded and verified
Files already downloaded and verified
==> Building model..
==> Defining training..

==> Testing..
 9 10 Loss: 0.3331 | Acc: 93.0100% (9301/10000)


==> Generating..
Generated_norm: 0.746295154094696
==> Preparing data..
Files already downloaded and verified
Files already downloaded and verified
==> Building model..
==> Defining training..

==> Testing..
 9 10 Loss: 0.3289 | Acc: 93.2400% (9324/10000)


==> Generating..
Generated_norm: 0.7451237440109253
==> Preparing data..
Files already downloaded and verified
Files already downloaded and verified
==> Building model..
==> Defining training..

==> Testing..
 9 10 Loss: 0.3830 | Acc: 92.8300% (9283/10000)


==> Generating..
Generated_norm: 0.7439742684364319
==> Preparing data..
Files already downloaded and verified
Files already downloaded and verified
==> Building model..
==> Defining training..

==> Testing..
 9 10 Loss: 0.4245 | Acc: 92.3000% (9230/10000)


==> Generating..
Generated_norm: 0.745637059211731
==> Preparing data..
Files already downloaded and verified
Files already downloaded and verified
==> Building model..
==> Defining training..

==> Testing..
 9 10 Loss: 0.3641 | Acc: 93.3000% (9330/10000)


==> Generating..
Generated_norm: 0.746010959148407
==> Preparing data..
Files already downloaded and verified
Files already downloaded and verified
==> Building model..
==> Defining training..

==> Testing..
 9 10 Loss: 0.3693 | Acc: 93.0900% (9309/10000)


==> Generating..
Generated_norm: 0.7448015809059143
==> Preparing data..
Files already downloaded and verified
Files already downloaded and verified
==> Building model..
==> Defining training..

==> Testing..
 9 10 Loss: 0.3869 | Acc: 92.8600% (9286/10000)


==> Generating..
Generated_norm: 0.7458065748214722
==> Preparing data..
Files already downloaded and verified
Files already downloaded and verified
==> Building model..
==> Defining training..

==> Testing..
 9 10 Loss: 0.3790 | Acc: 93.0200% (9302/10000)


==> Generating..
Generated_norm: 0.7451502680778503
==> Preparing data..
Files already downloaded and verified
Files already downloaded and verified
==> Building model..
==> Defining training..

==> Testing..
 9 10 Loss: 0.3650 | Acc: 93.0100% (9301/10000)


==> Generating..
Generated_norm: 0.7448424100875854
==> Preparing data..
Files already downloaded and verified
Files already downloaded and verified
==> Building model..
==> Defining training..

==> Testing..
 9 10 Loss: 0.3588 | Acc: 93.2000% (9320/10000)


==> Generating..
Generated_norm: 0.7452352643013
==> Preparing data..
Files already downloaded and verified
Files already downloaded and verified
==> Building model..
==> Defining training..

==> Testing..
 9 10 Loss: 0.3465 | Acc: 93.2100% (9321/10000)

Finished Training!
