start testing: ./checkpoint/0009_acc0.8524_seed20_tinyvit.pth
==> Preparing data..
==> Building model..
==> Defining training..

==> Testing..
782it [00:39, 19.72it/s]
 781 782 Loss: 0.5768 | Acc: 84.0640% (42032/50000)
============================================================================



start testing: ./checkpoint/0002_acc0.8407_seed20_tinyvit.pth
==> Preparing data..
==> Building model..
==> Defining training..

==> Testing..
782it [00:37, 21.07it/s]
 781 782 Loss: 0.5908 | Acc: 83.6880% (41844/50000)
============================================================================



start testing: ./checkpoint/0008_acc0.8524_seed20_tinyvit.pth
==> Preparing data..
==> Building model..
==> Defining training..

==> Testing..
782it [00:37, 20.76it/s]
 781 782 Loss: 0.5773 | Acc: 84.0520% (42026/50000)
============================================================================



start testing: ./checkpoint/0008_acc0.8527_seed20_tinyvit.pth
==> Preparing data..
==> Building model..
==> Defining training..

==> Testing..
782it [00:37, 20.93it/s]
 781 782 Loss: 0.5769 | Acc: 84.1040% (42052/50000)
============================================================================



start testing: ./checkpoint/0009_acc0.8531_seed20_tinyvit.pth
==> Preparing data..
==> Building model..
==> Defining training..

==> Testing..
782it [00:37, 20.86it/s]
 781 782 Loss: 0.5763 | Acc: 84.1180% (42059/50000)
============================================================================



start testing: ./checkpoint/0008_acc0.8543_seed20_tinyvit.pth
==> Preparing data..
==> Building model..
==> Defining training..

==> Testing..
782it [00:38, 20.34it/s]
 781 782 Loss: 0.5772 | Acc: 84.0580% (42029/50000)
============================================================================



start testing: ./checkpoint/0006_acc0.8505_seed20_tinyvit.pth
==> Preparing data..
==> Building model..
==> Defining training..

==> Testing..
782it [00:37, 20.96it/s]
 781 782 Loss: 0.5777 | Acc: 84.1360% (42068/50000)
============================================================================



start testing: ./checkpoint/0002_acc0.8411_seed20_tinyvit.pth
==> Preparing data..
==> Building model..
==> Defining training..

==> Testing..
782it [00:38, 20.13it/s]
 781 782 Loss: 0.5890 | Acc: 83.8340% (41917/50000)
============================================================================



start testing: ./checkpoint/0002_acc0.8405_seed20_tinyvit.pth
==> Preparing data..
==> Building model..
==> Defining training..

==> Testing..
782it [00:38, 20.30it/s]
 781 782 Loss: 0.5918 | Acc: 83.6780% (41839/50000)
============================================================================



start testing: ./checkpoint/0005_acc0.8482_seed20_tinyvit.pth
==> Preparing data..
==> Building model..
==> Defining training..

==> Testing..
782it [00:41, 18.92it/s]
 781 782 Loss: 0.5798 | Acc: 83.9360% (41968/50000)
============================================================================



start testing: ./checkpoint/0008_acc0.8526_seed20_tinyvit.pth
==> Preparing data..
==> Building model..
==> Defining training..

==> Testing..
782it [00:38, 20.06it/s]
 781 782 Loss: 0.5774 | Acc: 84.0340% (42017/50000)
============================================================================



start testing: ./checkpoint/0009_acc0.8529_seed20_tinyvit.pth
==> Preparing data..
==> Building model..
==> Defining training..

==> Testing..
782it [00:37, 20.61it/s]
 781 782 Loss: 0.5766 | Acc: 84.0780% (42039/50000)
============================================================================



start testing: ./checkpoint/0006_acc0.8510_seed20_tinyvit.pth
==> Preparing data..
==> Building model..
==> Defining training..

==> Testing..
782it [00:38, 20.10it/s]
 781 782 Loss: 0.5794 | Acc: 83.9500% (41975/50000)
============================================================================



start testing: ./checkpoint/0002_acc0.8412_seed20_tinyvit.pth
==> Preparing data..
==> Building model..
==> Defining training..

==> Testing..
782it [00:36, 21.44it/s]
 781 782 Loss: 0.5853 | Acc: 83.7580% (41879/50000)
============================================================================



start testing: ./checkpoint/0007_acc0.8521_seed20_tinyvit.pth
==> Preparing data..
==> Building model..
==> Defining training..

==> Testing..
782it [00:36, 21.49it/s]
 781 782 Loss: 0.5780 | Acc: 84.0420% (42021/50000)
============================================================================



start testing: ./checkpoint/0004_acc0.8473_seed20_tinyvit.pth
==> Preparing data..
==> Building model..
==> Defining training..

==> Testing..
782it [00:44, 17.47it/s]
 781 782 Loss: 0.5834 | Acc: 83.8620% (41931/50000)
============================================================================



start testing: ./checkpoint/0002_acc0.8404_seed20_tinyvit.pth
==> Preparing data..
==> Building model..
==> Defining training..

==> Testing..
782it [00:56, 13.92it/s]
 781 782 Loss: 0.5913 | Acc: 83.6220% (41811/50000)
============================================================================



start testing: ./checkpoint/0003_acc0.8437_seed20_tinyvit.pth
==> Preparing data..
==> Building model..
==> Defining training..

==> Testing..
782it [00:40, 19.50it/s]
 781 782 Loss: 0.5855 | Acc: 83.8640% (41932/50000)
============================================================================



start testing: ./checkpoint/0002_acc0.8438_seed20_tinyvit.pth
==> Preparing data..
==> Building model..
==> Defining training..

==> Testing..
782it [00:38, 20.37it/s]
 781 782 Loss: 0.5927 | Acc: 83.5660% (41783/50000)
============================================================================



start testing: ./checkpoint/0009_acc0.8532_seed20_tinyvit.pth
==> Preparing data..
==> Building model..
==> Defining training..

==> Testing..
782it [00:36, 21.21it/s]
 781 782 Loss: 0.5767 | Acc: 84.0740% (42037/50000)
============================================================================



start testing: ./checkpoint/0002_acc0.8410_seed20_tinyvit.pth
==> Preparing data..
==> Building model..
==> Defining training..

==> Testing..
782it [00:38, 20.47it/s]
 781 782 Loss: 0.5915 | Acc: 83.6480% (41824/50000)
============================================================================



start testing: ./checkpoint/0008_acc0.8438_seed20_tinyvit.pth
==> Preparing data..
==> Building model..
==> Defining training..

==> Testing..
782it [00:38, 20.52it/s]
 781 782 Loss: 0.5778 | Acc: 84.0100% (42005/50000)
============================================================================



start testing: ./checkpoint/0008_acc0.8537_seed20_tinyvit.pth
==> Preparing data..
==> Building model..
==> Defining training..

==> Testing..
782it [00:37, 20.88it/s]
 781 782 Loss: 0.5771 | Acc: 84.0800% (42040/50000)
============================================================================



start testing: ./checkpoint/0008_acc0.8523_seed20_tinyvit.pth
==> Preparing data..
==> Building model..
==> Defining training..

==> Testing..
782it [00:38, 20.15it/s]
 781 782 Loss: 0.5772 | Acc: 84.0700% (42035/50000)
============================================================================



start testing: ./checkpoint/0009_acc0.8528_seed20_tinyvit.pth
==> Preparing data..
==> Building model..
==> Defining training..

==> Testing..
782it [00:39, 20.03it/s]
 781 782 Loss: 0.5759 | Acc: 84.1160% (42058/50000)
============================================================================



start testing: ./checkpoint/0007_acc0.8518_seed20_tinyvit.pth
==> Preparing data..
==> Building model..
==> Defining training..

==> Testing..
782it [00:37, 20.78it/s]
 781 782 Loss: 0.5777 | Acc: 84.0300% (42015/50000)
============================================================================



start testing: ./checkpoint/0004_acc0.8466_seed20_tinyvit.pth
==> Preparing data..
==> Building model..
==> Defining training..

==> Testing..
782it [00:37, 20.86it/s]
 781 782 Loss: 0.5823 | Acc: 83.8880% (41944/50000)
============================================================================



start testing: ./checkpoint/0009_acc0.8438_seed20_tinyvit.pth
==> Preparing data..
==> Building model..
==> Defining training..

==> Testing..
782it [00:38, 20.23it/s]
 781 782 Loss: 0.5763 | Acc: 84.0460% (42023/50000)
============================================================================



start testing: ./checkpoint/0007_acc0.8514_seed20_tinyvit.pth
==> Preparing data..
==> Building model..
==> Defining training..

==> Testing..
782it [00:38, 20.42it/s]
 781 782 Loss: 0.5774 | Acc: 84.0880% (42044/50000)
============================================================================



start testing: ./checkpoint/0009_acc0.8527_seed20_tinyvit.pth
==> Preparing data..
==> Building model..
==> Defining training..

==> Testing..
782it [00:36, 21.57it/s]
 781 782 Loss: 0.5765 | Acc: 84.0720% (42036/50000)
============================================================================



start testing: ./checkpoint/0003_acc0.8424_seed20_tinyvit.pth
==> Preparing data..
==> Building model..
==> Defining training..

==> Testing..
782it [00:36, 21.26it/s]
 781 782 Loss: 0.5853 | Acc: 83.8080% (41904/50000)
============================================================================



start testing: ./checkpoint/0008_acc0.8525_seed20_tinyvit.pth
==> Preparing data..
==> Building model..
==> Defining training..

==> Testing..
782it [00:36, 21.49it/s]
 781 782 Loss: 0.5770 | Acc: 84.0560% (42028/50000)
============================================================================



start testing: ./checkpoint/0003_acc0.8444_seed20_tinyvit.pth
==> Preparing data..
==> Building model..
==> Defining training..

==> Testing..
782it [00:36, 21.37it/s]
 781 782 Loss: 0.5848 | Acc: 83.7940% (41897/50000)
============================================================================



start testing: ./checkpoint/0002_acc0.8413_seed20_tinyvit.pth
==> Preparing data..
==> Building model..
==> Defining training..

==> Testing..
782it [00:36, 21.33it/s]
 781 782 Loss: 0.5867 | Acc: 83.8300% (41915/50000)
============================================================================



start testing: ./checkpoint/0009_acc0.8519_seed20_tinyvit.pth
==> Preparing data..
==> Building model..
==> Defining training..

==> Testing..
782it [00:37, 20.60it/s]
 781 782 Loss: 0.5764 | Acc: 84.0720% (42036/50000)
============================================================================



start testing: ./checkpoint/0009_acc0.8475_seed20_tinyvit.pth
==> Preparing data..
==> Building model..
==> Defining training..

==> Testing..
782it [00:37, 20.63it/s]
 781 782 Loss: 0.5759 | Acc: 84.1060% (42053/50000)
============================================================================



start testing: ./checkpoint/0002_acc0.8414_seed20_tinyvit.pth
==> Preparing data..
==> Building model..
==> Defining training..

==> Testing..
782it [00:37, 20.60it/s]
 781 782 Loss: 0.5872 | Acc: 83.8420% (41921/50000)
============================================================================



start testing: ./checkpoint/0007_acc0.8508_seed20_tinyvit.pth
==> Preparing data..
==> Building model..
==> Defining training..

==> Testing..
782it [00:37, 20.82it/s]
 781 782 Loss: 0.5777 | Acc: 84.0740% (42037/50000)
============================================================================



start testing: ./checkpoint/0004_acc0.8467_seed20_tinyvit.pth
==> Preparing data..
==> Building model..
==> Defining training..

==> Testing..
782it [00:37, 20.59it/s]
 781 782 Loss: 0.5819 | Acc: 83.8780% (41939/50000)
============================================================================



start testing: ./checkpoint/0005_acc0.8483_seed20_tinyvit.pth
==> Preparing data..
==> Building model..
==> Defining training..

==> Testing..
782it [00:37, 20.62it/s]
 781 782 Loss: 0.5791 | Acc: 84.0040% (42002/50000)
============================================================================



start testing: ./checkpoint/0004_acc0.8469_seed20_tinyvit.pth
==> Preparing data..
==> Building model..
==> Defining training..

==> Testing..
782it [00:38, 20.48it/s]
 781 782 Loss: 0.5816 | Acc: 83.9640% (41982/50000)
============================================================================



start testing: ./checkpoint/0002_acc0.8408_seed20_tinyvit.pth
==> Preparing data..
==> Building model..
==> Defining training..

==> Testing..
782it [00:36, 21.23it/s]
 781 782 Loss: 0.5909 | Acc: 83.6840% (41842/50000)
============================================================================



start testing: ./checkpoint/0002_acc0.8409_seed20_tinyvit.pth
==> Preparing data..
==> Building model..
==> Defining training..

==> Testing..
782it [00:37, 20.69it/s]
 781 782 Loss: 0.5914 | Acc: 83.6440% (41822/50000)
============================================================================



start testing: ./checkpoint/0005_acc0.8485_seed20_tinyvit.pth
==> Preparing data..
==> Building model..
==> Defining training..

==> Testing..
782it [00:39, 19.93it/s]
 781 782 Loss: 0.5789 | Acc: 83.9760% (41988/50000)
============================================================================



start testing: ./checkpoint/0005_acc0.8484_seed20_tinyvit.pth
==> Preparing data..
==> Building model..
==> Defining training..

==> Testing..
782it [00:36, 21.60it/s]
 781 782 Loss: 0.5778 | Acc: 84.0340% (42017/50000)
============================================================================



start testing: ./checkpoint/0007_acc0.8519_seed20_tinyvit.pth
==> Preparing data..
==> Building model..
==> Defining training..

==> Testing..
782it [00:38, 20.35it/s]
 781 782 Loss: 0.5774 | Acc: 83.9980% (41999/50000)
============================================================================



start testing: ./checkpoint/0008_acc0.8530_seed20_tinyvit.pth
==> Preparing data..
==> Building model..
==> Defining training..

==> Testing..
782it [00:39, 19.98it/s]
 781 782 Loss: 0.5770 | Acc: 84.0260% (42013/50000)
============================================================================



start testing: ./checkpoint/0003_acc0.8438_seed20_tinyvit.pth
==> Preparing data..
==> Building model..
==> Defining training..

==> Testing..
782it [00:38, 20.57it/s]
 781 782 Loss: 0.5858 | Acc: 83.7580% (41879/50000)
============================================================================



start testing: ./checkpoint/0003_acc0.8443_seed20_tinyvit.pth
==> Preparing data..
==> Building model..
==> Defining training..

==> Testing..
782it [00:38, 20.07it/s]
 781 782 Loss: 0.5841 | Acc: 83.8700% (41935/50000)
============================================================================



start testing: ./checkpoint/0009_acc0.8526_seed20_tinyvit.pth
==> Preparing data..
==> Building model..
==> Defining training..

==> Testing..
782it [00:39, 20.01it/s]
 781 782 Loss: 0.5763 | Acc: 84.0480% (42024/50000)
============================================================================



start testing: ./checkpoint/0008_acc0.8522_seed20_tinyvit.pth
==> Preparing data..
==> Building model..
==> Defining training..

==> Testing..
782it [00:38, 20.41it/s]
 781 782 Loss: 0.5769 | Acc: 84.0560% (42028/50000)
============================================================================



start testing: ./checkpoint/0003_acc0.8442_seed20_tinyvit.pth
==> Preparing data..
==> Building model..
==> Defining training..

==> Testing..
782it [00:39, 19.82it/s]
 781 782 Loss: 0.5832 | Acc: 83.8120% (41906/50000)
============================================================================



start testing: ./checkpoint/0007_acc0.8504_seed20_tinyvit.pth
==> Preparing data..
==> Building model..
==> Defining training..

==> Testing..
782it [00:39, 19.91it/s]
 781 782 Loss: 0.5782 | Acc: 84.0660% (42033/50000)
============================================================================



start testing: ./checkpoint/0005_acc0.8486_seed20_tinyvit.pth
==> Preparing data..
==> Building model..
==> Defining training..

==> Testing..
782it [00:37, 20.75it/s]
 781 782 Loss: 0.5813 | Acc: 83.9220% (41961/50000)
============================================================================



start testing: ./checkpoint/0006_acc0.8507_seed20_tinyvit.pth
==> Preparing data..
==> Building model..
==> Defining training..

==> Testing..
782it [00:33, 23.30it/s]
 781 782 Loss: 0.5785 | Acc: 84.0500% (42025/50000)
============================================================================



start testing: ./checkpoint/0008_acc0.8521_seed20_tinyvit.pth
==> Preparing data..
==> Building model..
==> Defining training..

==> Testing..
782it [00:32, 23.75it/s]
 781 782 Loss: 0.5767 | Acc: 84.0680% (42034/50000)
============================================================================



start testing: ./checkpoint/0003_acc0.8440_seed20_tinyvit.pth
==> Preparing data..
==> Building model..
==> Defining training..

==> Testing..
782it [00:33, 23.60it/s]
 781 782 Loss: 0.5842 | Acc: 83.8120% (41906/50000)
============================================================================



start testing: ./checkpoint/0006_acc0.8508_seed20_tinyvit.pth
==> Preparing data..
==> Building model..
==> Defining training..

==> Testing..
782it [00:32, 24.12it/s]
 781 782 Loss: 0.5779 | Acc: 84.0400% (42020/50000)
============================================================================



start testing: ./checkpoint/0007_acc0.8520_seed20_tinyvit.pth
==> Preparing data..
==> Building model..
==> Defining training..

==> Testing..
782it [00:33, 23.60it/s]
 781 782 Loss: 0.5783 | Acc: 84.0360% (42018/50000)
============================================================================



start testing: ./checkpoint/0006_acc0.8512_seed20_tinyvit.pth
==> Preparing data..
==> Building model..
==> Defining training..

==> Testing..
782it [00:33, 23.53it/s]
 781 782 Loss: 0.5785 | Acc: 84.0380% (42019/50000)
============================================================================



start testing: ./checkpoint/0009_acc0.8530_seed20_tinyvit.pth
==> Preparing data..
==> Building model..
==> Defining training..

==> Testing..
782it [00:32, 23.91it/s]
 781 782 Loss: 0.5770 | Acc: 84.0880% (42044/50000)
============================================================================



start testing: ./checkpoint/0004_acc0.8470_seed20_tinyvit.pth
==> Preparing data..
==> Building model..
==> Defining training..

==> Testing..
782it [00:32, 24.23it/s]
 781 782 Loss: 0.5836 | Acc: 83.8180% (41909/50000)
============================================================================



start testing: ./checkpoint/0006_acc0.8504_seed20_tinyvit.pth
==> Preparing data..
==> Building model..
==> Defining training..

==> Testing..
782it [00:31, 24.58it/s]
 781 782 Loss: 0.5787 | Acc: 84.0300% (42015/50000)
============================================================================



start testing: ./checkpoint/0006_acc0.8520_seed20_tinyvit.pth
==> Preparing data..
==> Building model..
==> Defining training..

==> Testing..
782it [00:32, 24.08it/s]
 781 782 Loss: 0.5788 | Acc: 83.9520% (41976/50000)
============================================================================



start testing: ./checkpoint/0004_acc0.8475_seed20_tinyvit.pth
==> Preparing data..
==> Building model..
==> Defining training..

==> Testing..
782it [00:32, 24.37it/s]
 781 782 Loss: 0.5816 | Acc: 83.9080% (41954/50000)
============================================================================



start testing: ./checkpoint/0003_acc0.8441_seed20_tinyvit.pth
==> Preparing data..
==> Building model..
==> Defining training..

==> Testing..
782it [00:33, 23.68it/s]
 781 782 Loss: 0.5840 | Acc: 83.8920% (41946/50000)
============================================================================



start testing: ./checkpoint/0004_acc0.8468_seed20_tinyvit.pth
==> Preparing data..
==> Building model..
==> Defining training..

==> Testing..
782it [00:42, 18.39it/s]
 781 782 Loss: 0.5822 | Acc: 83.9080% (41954/50000)
============================================================================



start testing: ./checkpoint/0007_acc0.8503_seed20_tinyvit.pth
==> Preparing data..
==> Building model..
==> Defining training..

==> Testing..
782it [00:53, 14.49it/s]
 781 782 Loss: 0.5780 | Acc: 84.0280% (42014/50000)
============================================================================



start testing: ./checkpoint/0004_acc0.8264_seed20_tinyvit.pth
==> Preparing data..
==> Building model..
==> Defining training..

==> Testing..
782it [00:55, 14.21it/s]
 781 782 Loss: 0.5815 | Acc: 83.9180% (41959/50000)
============================================================================



start testing: ./checkpoint/0008_acc0.8528_seed20_tinyvit.pth
==> Preparing data..
==> Building model..
==> Defining training..

==> Testing..
782it [00:52, 15.03it/s]
 781 782 Loss: 0.5770 | Acc: 84.1040% (42052/50000)
============================================================================



start testing: ./checkpoint/0006_acc0.8506_seed20_tinyvit.pth
==> Preparing data..
==> Building model..
==> Defining training..

==> Testing..
782it [00:40, 19.48it/s]
 781 782 Loss: 0.5770 | Acc: 84.0760% (42038/50000)
============================================================================



start testing: ./checkpoint/0004_acc0.8465_seed20_tinyvit.pth
==> Preparing data..
==> Building model..
==> Defining training..

==> Testing..
782it [00:33, 23.47it/s]
 781 782 Loss: 0.5813 | Acc: 83.9200% (41960/50000)
============================================================================