Running iteration 1
==> Preparing data..
==> Building model..
==> Defining training..
pre_epoch 0
100%|_______________________________________________________________________________________________________________________________________| 20018/20018 [17:31<00:00, 19.04it/s]
 Loss: 1.0084 | Acc: 76.6890% (982503/1281152)pre_epoch 1
100%|_______________________________________________________________________________________________________________________________________| 20018/20018 [17:26<00:00, 19.12it/s]
 Loss: 1.7827 | Acc: 78.0049% (1998723/2562304)
100%|_______________________________________________________________________________________________________________________________________| 20018/20018 [27:55<00:00, 11.95it/s]
 Loss: 0.6269 | Acc: 82.7355% (1059968/1281152)
==> Testing..
782it [00:35, 22.23it/s]
 781 782 Loss: 0.6639 | Acc: 81.9660% (40983/50000)     Saving..

100%|_______________________________________________________________________________________________________________________________________| 20018/20018 [27:54<00:00, 11.96it/s]
 Loss: 0.5876 | Acc: 83.6595% (1071805/1281152)
==> Testing..
782it [00:35, 21.75it/s]
 781 782 Loss: 0.6447 | Acc: 82.4900% (41245/50000)     Saving..

  0%|                                                                                                                                                   | 0/20018 [00:00<?, ?it/s]Saving..
  6%|_________                                                                                                                               | 1199/20018 [01:04<16:33, 18.93it/s]Saving..
 12%|_________________                                                                                                                       | 2399/20018 [02:07<15:28, 18.97it/s]Saving..
 18%|_________________________                                                                                                               | 3599/20018 [03:11<14:37, 18.70it/s]Saving..
 24%|_________________________________                                                                                                       | 4799/20018 [04:15<13:22, 18.97it/s]Saving..
 30%|_________________________________________                                                                                               | 5999/20018 [05:18<12:18, 18.97it/s]Saving..
 36%|_________________________________________________                                                                                       | 7199/20018 [06:22<11:16, 18.94it/s]Saving..
 42%|_________________________________________________________                                                                               | 8399/20018 [07:25<10:11, 18.99it/s]Saving..
 48%|__________________________________________________________________                                                                      | 9599/20018 [08:28<09:08, 18.99it/s]Saving..
 54%|_________________________________________________________________________                                                              | 10799/20018 [09:32<08:07, 18.93it/s]Saving..
 60%|_________________________________________________________________________________                                                      | 11999/20018 [10:35<07:03, 18.92it/s]Saving..
 66%|_________________________________________________________________________________________                                              | 13199/20018 [11:39<05:58, 19.00it/s]Saving..
 72%|_________________________________________________________________________________________________                                      | 14399/20018 [12:42<04:56, 18.97it/s]Saving..
 78%|__________________________________________________________________________________________________________                             | 15599/20018 [13:46<03:53, 18.94it/s]Saving..
 84%|__________________________________________________________________________________________________________________                     | 16799/20018 [14:49<02:49, 18.99it/s]Saving..
 90%|__________________________________________________________________________________________________________________________             | 17999/20018 [15:53<01:46, 18.98it/s]Saving..
 96%|__________________________________________________________________________________________________________________________________     | 19199/20018 [16:56<00:43, 18.95it/s]Saving..
100%|_______________________________________________________________________________________________________________________________________| 20018/20018 [17:39<00:00, 18.89it/s]
 Loss: 0.5690 | Acc: 84.1183% (1077683/1281152)
==> Testing..
782it [00:35, 22.14it/s]
 781 782 Loss: 0.6417 | Acc: 82.5660% (41283/50000)     Saving..

  0%|                                                                                                                                                   | 0/20018 [00:00<?, ?it/s]Saving..
  6%|_________                                                                                                                               | 1199/20018 [01:04<16:32, 18.97it/s]Saving..
 12%|_________________                                                                                                                       | 2399/20018 [02:07<15:27, 18.99it/s]Saving..
 18%|_________________________                                                                                                               | 3599/20018 [03:11<14:24, 18.99it/s]Saving..
 24%|_________________________________                                                                                                       | 4799/20018 [04:14<13:22, 18.96it/s]Saving..
 30%|_________________________________________                                                                                               | 5999/20018 [05:18<12:18, 18.98it/s]Saving..
 36%|_________________________________________________                                                                                       | 7199/20018 [06:21<11:15, 18.98it/s]Saving..
 42%|_________________________________________________________                                                                               | 8399/20018 [07:24<10:12, 18.96it/s]Saving..
 48%|__________________________________________________________________                                                                      | 9599/20018 [08:28<09:08, 19.01it/s]Saving..
 54%|_________________________________________________________________________                                                              | 10799/20018 [09:31<08:06, 18.95it/s]Saving..
 60%|_________________________________________________________________________________                                                      | 11999/20018 [10:35<07:02, 18.97it/s]Saving..
 66%|_________________________________________________________________________________________                                              | 13199/20018 [11:38<05:59, 18.99it/s]Saving..
 72%|_________________________________________________________________________________________________                                      | 14399/20018 [12:42<04:56, 18.97it/s]Saving..
 78%|__________________________________________________________________________________________________________                             | 15599/20018 [13:45<03:52, 18.98it/s]Saving..
 84%|__________________________________________________________________________________________________________________                     | 16799/20018 [14:48<02:49, 18.98it/s]Saving..
 90%|__________________________________________________________________________________________________________________________             | 17999/20018 [15:52<01:46, 18.98it/s]Saving..
 96%|__________________________________________________________________________________________________________________________________     | 19199/20018 [16:55<00:43, 18.97it/s]Saving..
100%|_______________________________________________________________________________________________________________________________________| 20018/20018 [17:39<00:00, 18.90it/s]
 Loss: 0.5554 | Acc: 84.4347% (1081737/1281152)
==> Testing..
782it [00:35, 22.34it/s]
 781 782 Loss: 0.6375 | Acc: 82.6780% (41339/50000)     Saving..

  0%|                                                                                                                                                   | 0/20018 [00:00<?, ?it/s]Saving..
  6%|_________                                                                                                                               | 1199/20018 [01:04<16:32, 18.96it/s]Saving..
 12%|_________________                                                                                                                       | 2399/20018 [02:07<15:28, 18.97it/s]Saving..
 18%|_________________________                                                                                                               | 3599/20018 [03:10<14:24, 18.98it/s]Saving..
 24%|_________________________________                                                                                                       | 4799/20018 [04:14<13:22, 18.97it/s]Saving..
 30%|_________________________________________                                                                                               | 5999/20018 [05:17<12:15, 19.06it/s]Saving..
 36%|_________________________________________________                                                                                       | 7199/20018 [06:20<11:14, 19.02it/s]Saving..
 42%|_________________________________________________________                                                                               | 8399/20018 [07:23<10:11, 19.01it/s]Saving..
 48%|__________________________________________________________________                                                                      | 9599/20018 [08:27<09:06, 19.06it/s]Saving..
 54%|_________________________________________________________________________                                                              | 10799/20018 [09:30<08:04, 19.03it/s]Saving..
 60%|_________________________________________________________________________________                                                      | 11999/20018 [10:34<07:01, 19.01it/s]Saving..
 66%|_________________________________________________________________________________________                                              | 13199/20018 [11:37<05:58, 19.02it/s]Saving..
 72%|_________________________________________________________________________________________________                                      | 14399/20018 [12:40<04:55, 19.04it/s]Saving..
 78%|__________________________________________________________________________________________________________                             | 15599/20018 [13:43<03:52, 19.03it/s]Saving..
 84%|__________________________________________________________________________________________________________________                     | 16799/20018 [14:47<02:49, 19.05it/s]Saving..
 90%|__________________________________________________________________________________________________________________________             | 17999/20018 [15:50<01:46, 18.94it/s]Saving..
 96%|__________________________________________________________________________________________________________________________________     | 19199/20018 [16:53<00:43, 19.04it/s]Saving..
100%|_______________________________________________________________________________________________________________________________________| 20018/20018 [17:37<00:00, 18.94it/s]
 Loss: 0.5449 | Acc: 84.6822% (1084908/1281152)
==> Testing..
782it [00:34, 22.57it/s]
 781 782 Loss: 0.6335 | Acc: 82.6420% (41321/50000)     Saving..

  0%|                                                                                                                                                   | 0/20018 [00:00<?, ?it/s]Saving..
  6%|_________                                                                                                                               | 1199/20018 [01:04<16:30, 19.00it/s]Saving..
 12%|_________________                                                                                                                       | 2399/20018 [02:07<15:25, 19.04it/s]Saving..
 18%|_________________________                                                                                                               | 3599/20018 [03:10<14:24, 19.00it/s]Saving..
 24%|_________________________________                                                                                                       | 4799/20018 [04:14<13:21, 19.00it/s]Saving..
 30%|_________________________________________                                                                                               | 5999/20018 [05:17<12:18, 18.99it/s]Saving..
 36%|_________________________________________________                                                                                       | 7199/20018 [06:21<11:14, 18.99it/s]Saving..
 42%|_________________________________________________________                                                                               | 8399/20018 [07:24<10:12, 18.98it/s]Saving..
 48%|__________________________________________________________________                                                                      | 9599/20018 [08:27<09:08, 18.98it/s]Saving..
 54%|_________________________________________________________________________                                                              | 10799/20018 [09:31<08:05, 19.00it/s]Saving..
 60%|_________________________________________________________________________________                                                      | 11999/20018 [10:34<07:01, 19.03it/s]Saving..
 66%|_________________________________________________________________________________________                                              | 13199/20018 [11:37<05:58, 19.02it/s]Saving..
 72%|_________________________________________________________________________________________________                                      | 14399/20018 [12:41<04:56, 18.92it/s]Saving..
 78%|__________________________________________________________________________________________________________                             | 15599/20018 [13:44<03:52, 19.03it/s]Saving..
 84%|__________________________________________________________________________________________________________________                     | 16799/20018 [14:47<02:49, 18.99it/s]Saving..
 90%|__________________________________________________________________________________________________________________________             | 17999/20018 [15:51<01:46, 18.98it/s]Saving..
 96%|__________________________________________________________________________________________________________________________________     | 19199/20018 [16:54<00:43, 19.02it/s]Saving..
100%|_______________________________________________________________________________________________________________________________________| 20018/20018 [17:38<00:00, 18.92it/s]
 Loss: 0.5377 | Acc: 84.8500% (1087058/1281152)
==> Testing..
782it [00:34, 22.38it/s]
 781 782 Loss: 0.6344 | Acc: 82.7100% (41355/50000)     Saving..

  0%|                                                                                                                                                   | 0/20018 [00:00<?, ?it/s]Saving..
  6%|_________                                                                                                                               | 1200/20018 [01:04<16:28, 19.03it/s]Saving..
 12%|_________________                                                                                                                       | 2400/20018 [02:07<15:26, 19.01it/s]Saving..
 18%|_________________________                                                                                                               | 3600/20018 [03:10<14:22, 19.03it/s]Saving..
 24%|_________________________________                                                                                                       | 4800/20018 [04:13<13:21, 18.98it/s]Saving..
 30%|_________________________________________                                                                                               | 6000/20018 [05:17<12:16, 19.03it/s]Saving..
 36%|_________________________________________________                                                                                       | 7200/20018 [06:20<11:16, 18.94it/s]Saving..
 42%|_________________________________________________________                                                                               | 8400/20018 [07:23<10:11, 18.99it/s]Saving..
 48%|__________________________________________________________________                                                                      | 9600/20018 [08:26<09:07, 19.03it/s]Saving..
 54%|_________________________________________________________________________                                                              | 10800/20018 [09:30<08:04, 19.02it/s]Saving..
 60%|_________________________________________________________________________________                                                      | 12000/20018 [10:33<07:02, 18.99it/s]Saving..
 66%|_________________________________________________________________________________________                                              | 13200/20018 [11:36<05:58, 19.03it/s]Saving..
 72%|_________________________________________________________________________________________________                                      | 14400/20018 [12:40<04:55, 19.01it/s]Saving..
 78%|__________________________________________________________________________________________________________                             | 15600/20018 [13:43<03:52, 18.99it/s]Saving..
 84%|__________________________________________________________________________________________________________________                     | 16800/20018 [14:46<02:49, 19.01it/s]Saving..
 90%|__________________________________________________________________________________________________________________________             | 18000/20018 [15:50<01:46, 19.01it/s]Saving..
 96%|__________________________________________________________________________________________________________________________________     | 19200/20018 [16:53<00:42, 19.07it/s]Saving..
100%|_______________________________________________________________________________________________________________________________________| 20018/20018 [17:36<00:00, 18.94it/s]
 Loss: 0.5305 | Acc: 85.0681% (1089852/1281152)
==> Testing..
782it [00:34, 22.51it/s]
 781 782 Loss: 0.6315 | Acc: 82.8400% (41420/50000)     Saving..

  0%|                                                                                                                                                   | 0/20018 [00:00<?, ?it/s]Saving..
  6%|_________                                                                                                                               | 1199/20018 [01:03<16:28, 19.03it/s]Saving..
 12%|_________________                                                                                                                       | 2399/20018 [02:07<15:27, 18.99it/s]Saving..
 18%|_________________________                                                                                                               | 3599/20018 [03:10<14:24, 18.99it/s]Saving..
 24%|_________________________________                                                                                                       | 4799/20018 [04:13<13:21, 18.99it/s]Saving..
 30%|_________________________________________                                                                                               | 5999/20018 [05:17<12:19, 18.97it/s]Saving..
 36%|_________________________________________________                                                                                       | 7199/20018 [06:20<11:15, 18.97it/s]Saving..
 42%|_________________________________________________________                                                                               | 8399/20018 [07:23<10:11, 19.00it/s]Saving..
 48%|__________________________________________________________________                                                                      | 9599/20018 [08:27<09:08, 18.98it/s]Saving..
 54%|_________________________________________________________________________                                                              | 10799/20018 [09:30<08:05, 19.00it/s]Saving..
 60%|_________________________________________________________________________________                                                      | 11999/20018 [10:33<07:01, 19.03it/s]Saving..
 66%|_________________________________________________________________________________________                                              | 13199/20018 [11:37<05:59, 18.99it/s]Saving..
 72%|_________________________________________________________________________________________________                                      | 14399/20018 [12:40<04:55, 19.02it/s]Saving..
 78%|__________________________________________________________________________________________________________                             | 15599/20018 [13:43<03:52, 19.03it/s]Saving..
 84%|__________________________________________________________________________________________________________________                     | 16799/20018 [14:46<02:49, 19.00it/s]Saving..
 90%|__________________________________________________________________________________________________________________________             | 17999/20018 [15:50<01:46, 19.00it/s]Saving..
 96%|__________________________________________________________________________________________________________________________________     | 19199/20018 [16:53<00:43, 19.03it/s]Saving..
100%|_______________________________________________________________________________________________________________________________________| 20018/20018 [17:37<00:00, 18.94it/s]
 Loss: 0.5251 | Acc: 85.1718% (1091180/1281152)
==> Testing..
782it [00:35, 22.16it/s]
 781 782 Loss: 0.6308 | Acc: 82.8760% (41438/50000)     Saving..

  0%|                                                                                                                                                   | 0/20018 [00:00<?, ?it/s]Saving..
  6%|_________                                                                                                                               | 1199/20018 [01:03<16:30, 19.00it/s]Saving..
 12%|_________________                                                                                                                       | 2399/20018 [02:07<15:26, 19.02it/s]Saving..
 18%|_________________________                                                                                                               | 3599/20018 [03:10<14:23, 19.02it/s]Saving..
 24%|_________________________________                                                                                                       | 4799/20018 [04:13<13:19, 19.03it/s]Saving..
 30%|_________________________________________                                                                                               | 5999/20018 [05:17<12:17, 19.00it/s]Saving..
 36%|_________________________________________________                                                                                       | 7199/20018 [06:20<11:12, 19.06it/s]Saving..
 42%|_________________________________________________________                                                                               | 8399/20018 [07:23<10:10, 19.02it/s]Saving..
 48%|__________________________________________________________________                                                                      | 9599/20018 [08:26<09:08, 19.00it/s]Saving..
 54%|_________________________________________________________________________                                                              | 10799/20018 [09:30<08:04, 19.02it/s]Saving..
 60%|_________________________________________________________________________________                                                      | 11999/20018 [10:33<07:02, 19.00it/s]Saving..
 66%|_________________________________________________________________________________________                                              | 13199/20018 [11:36<05:58, 19.01it/s]Saving..
 72%|_________________________________________________________________________________________________                                      | 14399/20018 [12:40<04:56, 18.98it/s]Saving..
 78%|__________________________________________________________________________________________________________                             | 15599/20018 [13:43<03:52, 19.00it/s]Saving..
 84%|__________________________________________________________________________________________________________________                     | 16799/20018 [14:46<02:49, 18.98it/s]Saving..
 90%|__________________________________________________________________________________________________________________________             | 17999/20018 [15:50<01:46, 19.02it/s]Saving..
 96%|__________________________________________________________________________________________________________________________________     | 19199/20018 [16:53<00:43, 19.00it/s]Saving..
100%|_______________________________________________________________________________________________________________________________________| 20018/20018 [17:36<00:00, 18.94it/s]
 Loss: 0.5223 | Acc: 85.2206% (1091806/1281152)
==> Testing..
782it [00:34, 22.70it/s]
 781 782 Loss: 0.6307 | Acc: 82.8000% (41400/50000)     Saving..

  0%|                                                                                                                                                   | 0/20018 [00:00<?, ?it/s]Saving..
  6%|_________                                                                                                                               | 1199/20018 [01:04<16:32, 18.96it/s]Saving..
 12%|_________________                                                                                                                       | 2399/20018 [02:07<15:27, 18.99it/s]Saving..
 18%|_________________________                                                                                                               | 3599/20018 [03:10<14:26, 18.95it/s]Saving..
 24%|_________________________________                                                                                                       | 4799/20018 [04:13<13:20, 19.01it/s]Saving..
 30%|_________________________________________                                                                                               | 5999/20018 [05:17<12:17, 19.01it/s]Saving..
 36%|_________________________________________________                                                                                       | 7199/20018 [06:20<11:14, 19.00it/s]Saving..
 42%|_________________________________________________________                                                                               | 8399/20018 [07:23<10:11, 19.00it/s]Saving..
 48%|__________________________________________________________________                                                                      | 9599/20018 [08:27<09:08, 19.00it/s]Saving..
 54%|_________________________________________________________________________                                                              | 10799/20018 [09:30<08:05, 18.98it/s]Saving..
 60%|_________________________________________________________________________________                                                      | 11999/20018 [10:33<07:04, 18.89it/s]Saving..
 66%|_________________________________________________________________________________________                                              | 13199/20018 [11:36<06:00, 18.94it/s]Saving..
 72%|_________________________________________________________________________________________________                                      | 14399/20018 [12:40<04:56, 18.98it/s]Saving..
 78%|__________________________________________________________________________________________________________                             | 15599/20018 [13:43<03:52, 19.02it/s]Saving..
 84%|__________________________________________________________________________________________________________________                     | 16799/20018 [14:46<02:49, 19.03it/s]Saving..
 90%|__________________________________________________________________________________________________________________________             | 17999/20018 [15:50<01:45, 19.05it/s]Saving..
 96%|__________________________________________________________________________________________________________________________________     | 19199/20018 [16:53<00:43, 19.00it/s]Saving..
100%|_______________________________________________________________________________________________________________________________________| 20018/20018 [17:36<00:00, 18.94it/s]
 Loss: 0.5219 | Acc: 85.2498% (1092180/1281152)
==> Testing..
782it [00:34, 22.38it/s]
 781 782 Loss: 0.6324 | Acc: 82.7540% (41377/50000)     Saving..